CRITICAL - 2023-12-15 00:21:45 --> Invalid file: "layout.php"
in SYSTEMPATH\Exceptions\FrameworkException.php on line 39.
 1 SYSTEMPATH\View\View.php(216): CodeIgniter\Exceptions\FrameworkException::forInvalidFile('layout.php')
 2 SYSTEMPATH\View\View.php(244): CodeIgniter\View\View->render('layout', [], true)
 3 SYSTEMPATH\Common.php(1190): CodeIgniter\View\View->render('mesin/dashboard/index', [], true)
 4 APPPATH\Controllers\Home.php(10): view('mesin/dashboard/index')
 5 SYSTEMPATH\CodeIgniter.php(942): App\Controllers\Home->mesin_index()
 6 SYSTEMPATH\CodeIgniter.php(502): CodeIgniter\CodeIgniter->runController(Object(App\Controllers\Home))
 7 SYSTEMPATH\CodeIgniter.php(361): CodeIgniter\CodeIgniter->handleRequest(null, Object(Config\Cache), false)
 8 FCPATH\index.php(79): CodeIgniter\CodeIgniter->run()
 9 SYSTEMPATH\Commands\Server\rewrite.php(47): require_once('C:\\xampp\\htdocs\\rekappacking\\rekappacking\\public\\index.php')
CRITICAL - 2023-12-15 00:51:53 --> Invalid file: "./layout.php"
in SYSTEMPATH\Exceptions\FrameworkException.php on line 39.
 1 SYSTEMPATH\View\View.php(216): CodeIgniter\Exceptions\FrameworkException::forInvalidFile('./layout.php')
 2 SYSTEMPATH\View\View.php(244): CodeIgniter\View\View->render('./layout', [], true)
 3 SYSTEMPATH\Common.php(1190): CodeIgniter\View\View->render('mesin/dashboard/index', [], true)
 4 APPPATH\Controllers\Home.php(10): view('mesin/dashboard/index')
 5 SYSTEMPATH\CodeIgniter.php(942): App\Controllers\Home->mesin_index()
 6 SYSTEMPATH\CodeIgniter.php(502): CodeIgniter\CodeIgniter->runController(Object(App\Controllers\Home))
 7 SYSTEMPATH\CodeIgniter.php(361): CodeIgniter\CodeIgniter->handleRequest(null, Object(Config\Cache), false)
 8 FCPATH\index.php(79): CodeIgniter\CodeIgniter->run()
 9 SYSTEMPATH\Commands\Server\rewrite.php(47): require_once('C:\\xampp\\htdocs\\rekappacking\\rekappacking\\public\\index.php')
CRITICAL - 2023-12-15 00:51:56 --> Invalid file: "../layout.php"
in SYSTEMPATH\Exceptions\FrameworkException.php on line 39.
 1 SYSTEMPATH\View\View.php(216): CodeIgniter\Exceptions\FrameworkException::forInvalidFile('../layout.php')
 2 SYSTEMPATH\View\View.php(244): CodeIgniter\View\View->render('../layout', [], true)
 3 SYSTEMPATH\Common.php(1190): CodeIgniter\View\View->render('mesin/dashboard/index', [], true)
 4 APPPATH\Controllers\Home.php(10): view('mesin/dashboard/index')
 5 SYSTEMPATH\CodeIgniter.php(942): App\Controllers\Home->mesin_index()
 6 SYSTEMPATH\CodeIgniter.php(502): CodeIgniter\CodeIgniter->runController(Object(App\Controllers\Home))
 7 SYSTEMPATH\CodeIgniter.php(361): CodeIgniter\CodeIgniter->handleRequest(null, Object(Config\Cache), false)
 8 FCPATH\index.php(79): CodeIgniter\CodeIgniter->run()
 9 SYSTEMPATH\Commands\Server\rewrite.php(47): require_once('C:\\xampp\\htdocs\\rekappacking\\rekappacking\\public\\index.php')
CRITICAL - 2023-12-15 00:52:20 --> Invalid file: "./layout.php"
in SYSTEMPATH\Exceptions\FrameworkException.php on line 39.
 1 SYSTEMPATH\View\View.php(216): CodeIgniter\Exceptions\FrameworkException::forInvalidFile('./layout.php')
 2 SYSTEMPATH\View\View.php(244): CodeIgniter\View\View->render('./layout', [], true)
 3 SYSTEMPATH\Common.php(1190): CodeIgniter\View\View->render('mesin/dashboard/dataproduksi', [], true)
 4 APPPATH\Controllers\Home.php(14): view('mesin/dashboard/dataproduksi')
 5 SYSTEMPATH\CodeIgniter.php(942): App\Controllers\Home->dataproduksi()
 6 SYSTEMPATH\CodeIgniter.php(502): CodeIgniter\CodeIgniter->runController(Object(App\Controllers\Home))
 7 SYSTEMPATH\CodeIgniter.php(361): CodeIgniter\CodeIgniter->handleRequest(null, Object(Config\Cache), false)
 8 FCPATH\index.php(79): CodeIgniter\CodeIgniter->run()
 9 SYSTEMPATH\Commands\Server\rewrite.php(47): require_once('C:\\xampp\\htdocs\\rekappacking\\rekappacking\\public\\index.php')
CRITICAL - 2023-12-15 01:08:06 --> Invalid file: "View/mesin/layout.php"
in SYSTEMPATH\Exceptions\FrameworkException.php on line 39.
 1 SYSTEMPATH\View\View.php(216): CodeIgniter\Exceptions\FrameworkException::forInvalidFile('View/mesin/layout.php')
 2 SYSTEMPATH\View\View.php(244): CodeIgniter\View\View->render('View/mesin/layout', [], true)
 3 SYSTEMPATH\Common.php(1190): CodeIgniter\View\View->render('mesin/dashboard/dataproduksi', [], true)
 4 APPPATH\Controllers\Home.php(14): view('mesin/dashboard/dataproduksi')
 5 SYSTEMPATH\CodeIgniter.php(942): App\Controllers\Home->dataproduksi()
 6 SYSTEMPATH\CodeIgniter.php(502): CodeIgniter\CodeIgniter->runController(Object(App\Controllers\Home))
 7 SYSTEMPATH\CodeIgniter.php(361): CodeIgniter\CodeIgniter->handleRequest(null, Object(Config\Cache), false)
 8 FCPATH\index.php(79): CodeIgniter\CodeIgniter->run()
 9 SYSTEMPATH\Commands\Server\rewrite.php(47): require_once('C:\\xampp\\htdocs\\rekappacking\\rekappacking\\public\\index.php')
CRITICAL - 2023-12-15 01:42:04 --> Invalid file: "Mesin/Dashboard/dataproduksi.php"
in SYSTEMPATH\Exceptions\FrameworkException.php on line 39.
 1 SYSTEMPATH\View\View.php(216): CodeIgniter\Exceptions\FrameworkException::forInvalidFile('Mesin/Dashboard/dataproduksi.php')
 2 SYSTEMPATH\Common.php(1190): CodeIgniter\View\View->render('Mesin/Dashboard/dataproduksi', [], true)
 3 APPPATH\Controllers\Home.php(15): view('Mesin/Dashboard/dataproduksi')
 4 SYSTEMPATH\CodeIgniter.php(942): App\Controllers\Home->dataproduksi()
 5 SYSTEMPATH\CodeIgniter.php(502): CodeIgniter\CodeIgniter->runController(Object(App\Controllers\Home))
 6 SYSTEMPATH\CodeIgniter.php(361): CodeIgniter\CodeIgniter->handleRequest(null, Object(Config\Cache), false)
 7 FCPATH\index.php(79): CodeIgniter\CodeIgniter->run()
 8 SYSTEMPATH\Commands\Server\rewrite.php(47): require_once('C:\\xampp\\htdocs\\rekappacking\\rekappacking\\public\\index.php')
CRITICAL - 2023-12-15 01:42:48 --> Invalid file: "Mesin/Dashboard/dataproduksi.php"
in SYSTEMPATH\Exceptions\FrameworkException.php on line 39.
 1 SYSTEMPATH\View\View.php(216): CodeIgniter\Exceptions\FrameworkException::forInvalidFile('Mesin/Dashboard/dataproduksi.php')
 2 SYSTEMPATH\Common.php(1190): CodeIgniter\View\View->render('Mesin/Dashboard/dataproduksi', [], true)
 3 APPPATH\Controllers\Home.php(15): view('Mesin/Dashboard/dataproduksi')
 4 SYSTEMPATH\CodeIgniter.php(942): App\Controllers\Home->dataproduksi()
 5 SYSTEMPATH\CodeIgniter.php(502): CodeIgniter\CodeIgniter->runController(Object(App\Controllers\Home))
 6 SYSTEMPATH\CodeIgniter.php(361): CodeIgniter\CodeIgniter->handleRequest(null, Object(Config\Cache), false)
 7 FCPATH\index.php(79): CodeIgniter\CodeIgniter->run()
 8 SYSTEMPATH\Commands\Server\rewrite.php(47): require_once('C:\\xampp\\htdocs\\rekappacking\\rekappacking\\public\\index.php')
CRITICAL - 2023-12-15 07:01:30 --> Invalid file: "Mesin/layout.php"
in SYSTEMPATH\Exceptions\FrameworkException.php on line 39.
 1 SYSTEMPATH\View\View.php(216): CodeIgniter\Exceptions\FrameworkException::forInvalidFile('Mesin/layout.php')
 2 SYSTEMPATH\View\View.php(244): CodeIgniter\View\View->render('Mesin/layout', [], true)
 3 SYSTEMPATH\Common.php(1190): CodeIgniter\View\View->render('User/Mesin/index', [], true)
 4 APPPATH\Controllers\Home.php(12): view('User/Mesin/index')
 5 SYSTEMPATH\CodeIgniter.php(942): App\Controllers\Home->mesin_index()
 6 SYSTEMPATH\CodeIgniter.php(502): CodeIgniter\CodeIgniter->runController(Object(App\Controllers\Home))
 7 SYSTEMPATH\CodeIgniter.php(361): CodeIgniter\CodeIgniter->handleRequest(null, Object(Config\Cache), false)
 8 FCPATH\index.php(79): CodeIgniter\CodeIgniter->run()
 9 SYSTEMPATH\Commands\Server\rewrite.php(47): require_once('C:\\xampp\\htdocs\\rekappacking\\rekappacking\\public\\index.php')
CRITICAL - 2023-12-15 07:15:07 --> Undefined variable $judul
in APPPATH\Views\User\layout.php on line 8.
 1 APPPATH\Views\User\layout.php(8): CodeIgniter\Debug\Exceptions->errorHandler(2, 'Undefined variable $judul', 'C:\\xampp\\htdocs\\rekappacking\\rekappacking\\app\\Views\\User\\layout.php', 8)
 2 SYSTEMPATH\View\View.php(228): include('C:\\xampp\\htdocs\\rekappacking\\rekappacking\\app\\Views\\User\\layout.php')
 3 SYSTEMPATH\View\View.php(231): CodeIgniter\View\View->CodeIgniter\View\{closure}()
 4 SYSTEMPATH\View\View.php(244): CodeIgniter\View\View->render('User/layout', [], true)
 5 SYSTEMPATH\Common.php(1190): CodeIgniter\View\View->render('User/Mesin/index', [], true)
 6 APPPATH\Controllers\Home.php(13): view('User/Mesin/index', [...])
 7 SYSTEMPATH\CodeIgniter.php(942): App\Controllers\Home->mesin_index()
 8 SYSTEMPATH\CodeIgniter.php(502): CodeIgniter\CodeIgniter->runController(Object(App\Controllers\Home))
 9 SYSTEMPATH\CodeIgniter.php(361): CodeIgniter\CodeIgniter->handleRequest(null, Object(Config\Cache), false)
10 FCPATH\index.php(79): CodeIgniter\CodeIgniter->run()
11 SYSTEMPATH\Commands\Server\rewrite.php(47): require_once('C:\\xampp\\htdocs\\rekappacking\\rekappacking\\public\\index.php')
CRITICAL - 2023-12-15 07:15:28 --> Undefined variable $judul
in APPPATH\Views\User\layout.php on line 8.
 1 APPPATH\Views\User\layout.php(8): CodeIgniter\Debug\Exceptions->errorHandler(2, 'Undefined variable $judul', 'C:\\xampp\\htdocs\\rekappacking\\rekappacking\\app\\Views\\User\\layout.php', 8)
 2 SYSTEMPATH\View\View.php(228): include('C:\\xampp\\htdocs\\rekappacking\\rekappacking\\app\\Views\\User\\layout.php')
 3 SYSTEMPATH\View\View.php(231): CodeIgniter\View\View->CodeIgniter\View\{closure}()
 4 SYSTEMPATH\View\View.php(244): CodeIgniter\View\View->render('User/layout', [], true)
 5 SYSTEMPATH\Common.php(1190): CodeIgniter\View\View->render('User/Mesin/index', [], true)
 6 APPPATH\Controllers\Home.php(13): view('User/Mesin/index', [...])
 7 SYSTEMPATH\CodeIgniter.php(942): App\Controllers\Home->mesin_index()
 8 SYSTEMPATH\CodeIgniter.php(502): CodeIgniter\CodeIgniter->runController(Object(App\Controllers\Home))
 9 SYSTEMPATH\CodeIgniter.php(361): CodeIgniter\CodeIgniter->handleRequest(null, Object(Config\Cache), false)
10 FCPATH\index.php(79): CodeIgniter\CodeIgniter->run()
11 SYSTEMPATH\Commands\Server\rewrite.php(47): require_once('C:\\xampp\\htdocs\\rekappacking\\rekappacking\\public\\index.php')
CRITICAL - 2023-12-15 07:16:26 --> Undefined variable $judul
in APPPATH\Views\User\layout.php on line 8.
 1 APPPATH\Views\User\layout.php(8): CodeIgniter\Debug\Exceptions->errorHandler(2, 'Undefined variable $judul', 'C:\\xampp\\htdocs\\rekappacking\\rekappacking\\app\\Views\\User\\layout.php', 8)
 2 SYSTEMPATH\View\View.php(228): include('C:\\xampp\\htdocs\\rekappacking\\rekappacking\\app\\Views\\User\\layout.php')
 3 SYSTEMPATH\View\View.php(231): CodeIgniter\View\View->CodeIgniter\View\{closure}()
 4 SYSTEMPATH\View\View.php(244): CodeIgniter\View\View->render('User/layout', [], true)
 5 SYSTEMPATH\Common.php(1190): CodeIgniter\View\View->render('User/Mesin/index', [], true)
 6 APPPATH\Controllers\Home.php(13): view('User/Mesin/index', [...])
 7 SYSTEMPATH\CodeIgniter.php(942): App\Controllers\Home->mesin_index()
 8 SYSTEMPATH\CodeIgniter.php(502): CodeIgniter\CodeIgniter->runController(Object(App\Controllers\Home))
 9 SYSTEMPATH\CodeIgniter.php(361): CodeIgniter\CodeIgniter->handleRequest(null, Object(Config\Cache), false)
10 FCPATH\index.php(79): CodeIgniter\CodeIgniter->run()
11 SYSTEMPATH\Commands\Server\rewrite.php(47): require_once('C:\\xampp\\htdocs\\rekappacking\\rekappacking\\public\\index.php')
CRITICAL - 2023-12-15 07:22:36 --> Undefined variable $Judul
in APPPATH\Views\User\layout.php on line 8.
 1 APPPATH\Views\User\layout.php(8): CodeIgniter\Debug\Exceptions->errorHandler(2, 'Undefined variable $Judul', 'C:\\xampp\\htdocs\\rekappacking\\rekappacking\\app\\Views\\User\\layout.php', 8)
 2 SYSTEMPATH\View\View.php(228): include('C:\\xampp\\htdocs\\rekappacking\\rekappacking\\app\\Views\\User\\layout.php')
 3 SYSTEMPATH\View\View.php(231): CodeIgniter\View\View->CodeIgniter\View\{closure}()
 4 SYSTEMPATH\View\View.php(244): CodeIgniter\View\View->render('User/layout', [], true)
 5 SYSTEMPATH\Common.php(1190): CodeIgniter\View\View->render('User/Mesin/dataproduksi', [], true)
 6 APPPATH\Controllers\Home.php(21): view('User/Mesin/dataproduksi')
 7 SYSTEMPATH\CodeIgniter.php(942): App\Controllers\Home->mesindata()
 8 SYSTEMPATH\CodeIgniter.php(502): CodeIgniter\CodeIgniter->runController(Object(App\Controllers\Home))
 9 SYSTEMPATH\CodeIgniter.php(361): CodeIgniter\CodeIgniter->handleRequest(null, Object(Config\Cache), false)
10 FCPATH\index.php(79): CodeIgniter\CodeIgniter->run()
11 SYSTEMPATH\Commands\Server\rewrite.php(47): require_once('C:\\xampp\\htdocs\\rekappacking\\rekappacking\\public\\index.php')
CRITICAL - 2023-12-15 07:24:31 --> Undefined variable $Judul
in APPPATH\Views\User\layout.php on line 8.
 1 APPPATH\Views\User\layout.php(8): CodeIgniter\Debug\Exceptions->errorHandler(2, 'Undefined variable $Judul', 'C:\\xampp\\htdocs\\rekappacking\\rekappacking\\app\\Views\\User\\layout.php', 8)
 2 SYSTEMPATH\View\View.php(228): include('C:\\xampp\\htdocs\\rekappacking\\rekappacking\\app\\Views\\User\\layout.php')
 3 SYSTEMPATH\View\View.php(231): CodeIgniter\View\View->CodeIgniter\View\{closure}()
 4 SYSTEMPATH\View\View.php(244): CodeIgniter\View\View->render('User/layout', [], true)
 5 SYSTEMPATH\Common.php(1190): CodeIgniter\View\View->render('User/Mesin/dataproduksi', [], true)
 6 APPPATH\Controllers\Home.php(21): view('User/Mesin/dataproduksi')
 7 SYSTEMPATH\CodeIgniter.php(942): App\Controllers\Home->mesindata()
 8 SYSTEMPATH\CodeIgniter.php(502): CodeIgniter\CodeIgniter->runController(Object(App\Controllers\Home))
 9 SYSTEMPATH\CodeIgniter.php(361): CodeIgniter\CodeIgniter->handleRequest(null, Object(Config\Cache), false)
10 FCPATH\index.php(79): CodeIgniter\CodeIgniter->run()
11 SYSTEMPATH\Commands\Server\rewrite.php(47): require_once('C:\\xampp\\htdocs\\rekappacking\\rekappacking\\public\\index.php')
CRITICAL - 2023-12-15 07:24:48 --> Undefined variable $Judul
in APPPATH\Views\User\layout.php on line 8.
 1 APPPATH\Views\User\layout.php(8): CodeIgniter\Debug\Exceptions->errorHandler(2, 'Undefined variable $Judul', 'C:\\xampp\\htdocs\\rekappacking\\rekappacking\\app\\Views\\User\\layout.php', 8)
 2 SYSTEMPATH\View\View.php(228): include('C:\\xampp\\htdocs\\rekappacking\\rekappacking\\app\\Views\\User\\layout.php')
 3 SYSTEMPATH\View\View.php(231): CodeIgniter\View\View->CodeIgniter\View\{closure}()
 4 SYSTEMPATH\View\View.php(244): CodeIgniter\View\View->render('User/layout', [], true)
 5 SYSTEMPATH\Common.php(1190): CodeIgniter\View\View->render('User/Mesin/dataproduksi', [], true)
 6 APPPATH\Controllers\Home.php(21): view('User/Mesin/dataproduksi')
 7 SYSTEMPATH\CodeIgniter.php(942): App\Controllers\Home->mesindata()
 8 SYSTEMPATH\CodeIgniter.php(502): CodeIgniter\CodeIgniter->runController(Object(App\Controllers\Home))
 9 SYSTEMPATH\CodeIgniter.php(361): CodeIgniter\CodeIgniter->handleRequest(null, Object(Config\Cache), false)
10 FCPATH\index.php(79): CodeIgniter\CodeIgniter->run()
11 SYSTEMPATH\Commands\Server\rewrite.php(47): require_once('C:\\xampp\\htdocs\\rekappacking\\rekappacking\\public\\index.php')
CRITICAL - 2023-12-15 07:27:14 --> Undefined variable $Judul
in APPPATH\Views\User\layout.php on line 8.
 1 APPPATH\Views\User\layout.php(8): CodeIgniter\Debug\Exceptions->errorHandler(2, 'Undefined variable $Judul', 'C:\\xampp\\htdocs\\rekappacking\\rekappacking\\app\\Views\\User\\layout.php', 8)
 2 SYSTEMPATH\View\View.php(228): include('C:\\xampp\\htdocs\\rekappacking\\rekappacking\\app\\Views\\User\\layout.php')
 3 SYSTEMPATH\View\View.php(231): CodeIgniter\View\View->CodeIgniter\View\{closure}()
 4 SYSTEMPATH\View\View.php(244): CodeIgniter\View\View->render('User/layout', [], true)
 5 SYSTEMPATH\Common.php(1190): CodeIgniter\View\View->render('User/Rosso/dataproduksi', [], true)
 6 APPPATH\Controllers\Home.php(39): view('User/Rosso/dataproduksi')
 7 SYSTEMPATH\CodeIgniter.php(942): App\Controllers\Home->rossodata()
 8 SYSTEMPATH\CodeIgniter.php(502): CodeIgniter\CodeIgniter->runController(Object(App\Controllers\Home))
 9 SYSTEMPATH\CodeIgniter.php(361): CodeIgniter\CodeIgniter->handleRequest(null, Object(Config\Cache), false)
10 FCPATH\index.php(79): CodeIgniter\CodeIgniter->run()
11 SYSTEMPATH\Commands\Server\rewrite.php(47): require_once('C:\\xampp\\htdocs\\rekappacking\\rekappacking\\public\\index.php')
