INFO - 2023-12-29 17:00:57 --> Session: Class initialized using 'CodeIgniter\Session\Handlers\FileHandler' driver.
INFO - 2023-12-29 17:01:04 --> Session: Class initialized using 'CodeIgniter\Session\Handlers\FileHandler' driver.
INFO - 2023-12-29 17:01:04 --> Session: Class initialized using 'CodeIgniter\Session\Handlers\FileHandler' driver.
INFO - 2023-12-29 17:35:04 --> Session: Class initialized using 'CodeIgniter\Session\Handlers\FileHandler' driver.
WARNING - 2023-12-29 17:35:05 --> [DEPRECATED] date_create_from_format(): Passing null to parameter #2 ($datetime) of type string is deprecated in APPPATH\Controllers\PackingController.php on line 90.
 1 APPPATH\Controllers\PackingController.php(90): date_create_from_format('Y-m-d', null)
 2 SYSTEMPATH\CodeIgniter.php(942): App\Controllers\PackingController->importPDK()
 3 SYSTEMPATH\CodeIgniter.php(502): CodeIgniter\CodeIgniter->runController(Object(App\Controllers\PackingController))
 4 SYSTEMPATH\CodeIgniter.php(361): CodeIgniter\CodeIgniter->handleRequest(null, Object(Config\Cache), false)
 5 FCPATH\index.php(79): CodeIgniter\CodeIgniter->run()
 6 SYSTEMPATH\Commands\Server\rewrite.php(47): require_once('C:\\xampp\\htdocs\\rekappacking\\public\\index.php')
ERROR - 2023-12-29 17:35:05 --> mysqli_sql_exception: Column 'style' cannot be null in C:\xampp\htdocs\rekappacking\vendor\codeigniter4\framework\system\Database\MySQLi\Connection.php:306
Stack trace:
#0 C:\xampp\htdocs\rekappacking\vendor\codeigniter4\framework\system\Database\MySQLi\Connection.php(306): mysqli->query('INSERT INTO `ma...', 0)
#1 C:\xampp\htdocs\rekappacking\vendor\codeigniter4\framework\system\Database\BaseConnection.php(693): CodeIgniter\Database\MySQLi\Connection->execute('INSERT INTO `ma...')
#2 C:\xampp\htdocs\rekappacking\vendor\codeigniter4\framework\system\Database\BaseConnection.php(607): CodeIgniter\Database\BaseConnection->simpleQuery('INSERT INTO `ma...')
#3 C:\xampp\htdocs\rekappacking\vendor\codeigniter4\framework\system\Database\BaseBuilder.php(2308): CodeIgniter\Database\BaseConnection->query('INSERT INTO `ma...', Array, false)
#4 C:\xampp\htdocs\rekappacking\vendor\codeigniter4\framework\system\Model.php(319): CodeIgniter\Database\BaseBuilder->insert()
#5 C:\xampp\htdocs\rekappacking\vendor\codeigniter4\framework\system\BaseModel.php(788): CodeIgniter\Model->doInsert(Array)
#6 C:\xampp\htdocs\rekappacking\vendor\codeigniter4\framework\system\Model.php(715): CodeIgniter\BaseModel->insert(Array, true)
#7 C:\xampp\htdocs\rekappacking\app\Controllers\PackingController.php(103): CodeIgniter\Model->insert(Array)
#8 C:\xampp\htdocs\rekappacking\vendor\codeigniter4\framework\system\CodeIgniter.php(942): App\Controllers\PackingController->importPDK()
#9 C:\xampp\htdocs\rekappacking\vendor\codeigniter4\framework\system\CodeIgniter.php(502): CodeIgniter\CodeIgniter->runController(Object(App\Controllers\PackingController))
#10 C:\xampp\htdocs\rekappacking\vendor\codeigniter4\framework\system\CodeIgniter.php(361): CodeIgniter\CodeIgniter->handleRequest(NULL, Object(Config\Cache), false)
#11 C:\xampp\htdocs\rekappacking\public\index.php(79): CodeIgniter\CodeIgniter->run()
#12 C:\xampp\htdocs\rekappacking\vendor\codeigniter4\framework\system\Commands\Server\rewrite.php(47): require_once('C:\\xampp\\htdocs...')
#13 {main}
CRITICAL - 2023-12-29 17:35:05 --> Column 'style' cannot be null
in SYSTEMPATH\Database\BaseConnection.php on line 647.
 1 SYSTEMPATH\Database\BaseBuilder.php(2308): CodeIgniter\Database\BaseConnection->query('INSERT INTO `master_inisial` (`no_model`, `style`, `inisial`, `po_inisial`, `colour`, `area`, `admin`, `created_at`, `updated_at`) VALUES (:no_model:, :style:, :inisial:, :po_inisial:, :colour:, :area:, :admin:, :created_at:, :updated_at:)', [...], false)
 2 SYSTEMPATH\Model.php(319): CodeIgniter\Database\BaseBuilder->insert()
 3 SYSTEMPATH\BaseModel.php(788): CodeIgniter\Model->doInsert([...])
 4 SYSTEMPATH\Model.php(715): CodeIgniter\BaseModel->insert([...], true)
 5 APPPATH\Controllers\PackingController.php(103): CodeIgniter\Model->insert([...])
 6 SYSTEMPATH\CodeIgniter.php(942): App\Controllers\PackingController->importPDK()
 7 SYSTEMPATH\CodeIgniter.php(502): CodeIgniter\CodeIgniter->runController(Object(App\Controllers\PackingController))
 8 SYSTEMPATH\CodeIgniter.php(361): CodeIgniter\CodeIgniter->handleRequest(null, Object(Config\Cache), false)
 9 FCPATH\index.php(79): CodeIgniter\CodeIgniter->run()
10 SYSTEMPATH\Commands\Server\rewrite.php(47): require_once('C:\\xampp\\htdocs\\rekappacking\\public\\index.php')
INFO - 2023-12-29 17:42:53 --> Session: Class initialized using 'CodeIgniter\Session\Handlers\FileHandler' driver.
INFO - 2023-12-29 17:42:57 --> Session: Class initialized using 'CodeIgniter\Session\Handlers\FileHandler' driver.
INFO - 2023-12-29 17:43:02 --> Session: Class initialized using 'CodeIgniter\Session\Handlers\FileHandler' driver.
WARNING - 2023-12-29 17:43:02 --> [DEPRECATED] date_create_from_format(): Passing null to parameter #2 ($datetime) of type string is deprecated in APPPATH\Controllers\PackingController.php on line 90.
 1 APPPATH\Controllers\PackingController.php(90): date_create_from_format('Y-m-d', null)
 2 SYSTEMPATH\CodeIgniter.php(942): App\Controllers\PackingController->importPDK()
 3 SYSTEMPATH\CodeIgniter.php(502): CodeIgniter\CodeIgniter->runController(Object(App\Controllers\PackingController))
 4 SYSTEMPATH\CodeIgniter.php(361): CodeIgniter\CodeIgniter->handleRequest(null, Object(Config\Cache), false)
 5 FCPATH\index.php(79): CodeIgniter\CodeIgniter->run()
 6 SYSTEMPATH\Commands\Server\rewrite.php(47): require_once('C:\\xampp\\htdocs\\rekappacking\\public\\index.php')
ERROR - 2023-12-29 17:43:02 --> mysqli_sql_exception: Column 'style' cannot be null in C:\xampp\htdocs\rekappacking\vendor\codeigniter4\framework\system\Database\MySQLi\Connection.php:306
Stack trace:
#0 C:\xampp\htdocs\rekappacking\vendor\codeigniter4\framework\system\Database\MySQLi\Connection.php(306): mysqli->query('INSERT INTO `ma...', 0)
#1 C:\xampp\htdocs\rekappacking\vendor\codeigniter4\framework\system\Database\BaseConnection.php(693): CodeIgniter\Database\MySQLi\Connection->execute('INSERT INTO `ma...')
#2 C:\xampp\htdocs\rekappacking\vendor\codeigniter4\framework\system\Database\BaseConnection.php(607): CodeIgniter\Database\BaseConnection->simpleQuery('INSERT INTO `ma...')
#3 C:\xampp\htdocs\rekappacking\vendor\codeigniter4\framework\system\Database\BaseBuilder.php(2308): CodeIgniter\Database\BaseConnection->query('INSERT INTO `ma...', Array, false)
#4 C:\xampp\htdocs\rekappacking\vendor\codeigniter4\framework\system\Model.php(319): CodeIgniter\Database\BaseBuilder->insert()
#5 C:\xampp\htdocs\rekappacking\vendor\codeigniter4\framework\system\BaseModel.php(788): CodeIgniter\Model->doInsert(Array)
#6 C:\xampp\htdocs\rekappacking\vendor\codeigniter4\framework\system\Model.php(715): CodeIgniter\BaseModel->insert(Array, true)
#7 C:\xampp\htdocs\rekappacking\app\Controllers\PackingController.php(103): CodeIgniter\Model->insert(Array)
#8 C:\xampp\htdocs\rekappacking\vendor\codeigniter4\framework\system\CodeIgniter.php(942): App\Controllers\PackingController->importPDK()
#9 C:\xampp\htdocs\rekappacking\vendor\codeigniter4\framework\system\CodeIgniter.php(502): CodeIgniter\CodeIgniter->runController(Object(App\Controllers\PackingController))
#10 C:\xampp\htdocs\rekappacking\vendor\codeigniter4\framework\system\CodeIgniter.php(361): CodeIgniter\CodeIgniter->handleRequest(NULL, Object(Config\Cache), false)
#11 C:\xampp\htdocs\rekappacking\public\index.php(79): CodeIgniter\CodeIgniter->run()
#12 C:\xampp\htdocs\rekappacking\vendor\codeigniter4\framework\system\Commands\Server\rewrite.php(47): require_once('C:\\xampp\\htdocs...')
#13 {main}
CRITICAL - 2023-12-29 17:43:02 --> Column 'style' cannot be null
in SYSTEMPATH\Database\BaseConnection.php on line 647.
 1 SYSTEMPATH\Database\BaseBuilder.php(2308): CodeIgniter\Database\BaseConnection->query('INSERT INTO `master_inisial` (`no_model`, `style`, `inisial`, `po_inisial`, `colour`, `area`, `admin`, `created_at`, `updated_at`) VALUES (:no_model:, :style:, :inisial:, :po_inisial:, :colour:, :area:, :admin:, :created_at:, :updated_at:)', [...], false)
 2 SYSTEMPATH\Model.php(319): CodeIgniter\Database\BaseBuilder->insert()
 3 SYSTEMPATH\BaseModel.php(788): CodeIgniter\Model->doInsert([...])
 4 SYSTEMPATH\Model.php(715): CodeIgniter\BaseModel->insert([...], true)
 5 APPPATH\Controllers\PackingController.php(103): CodeIgniter\Model->insert([...])
 6 SYSTEMPATH\CodeIgniter.php(942): App\Controllers\PackingController->importPDK()
 7 SYSTEMPATH\CodeIgniter.php(502): CodeIgniter\CodeIgniter->runController(Object(App\Controllers\PackingController))
 8 SYSTEMPATH\CodeIgniter.php(361): CodeIgniter\CodeIgniter->handleRequest(null, Object(Config\Cache), false)
 9 FCPATH\index.php(79): CodeIgniter\CodeIgniter->run()
10 SYSTEMPATH\Commands\Server\rewrite.php(47): require_once('C:\\xampp\\htdocs\\rekappacking\\public\\index.php')
INFO - 2023-12-29 17:44:16 --> Session: Class initialized using 'CodeIgniter\Session\Handlers\FileHandler' driver.
INFO - 2023-12-29 17:44:17 --> Session: Class initialized using 'CodeIgniter\Session\Handlers\FileHandler' driver.
INFO - 2023-12-29 17:44:26 --> Session: Class initialized using 'CodeIgniter\Session\Handlers\FileHandler' driver.
WARNING - 2023-12-29 17:44:26 --> [DEPRECATED] date_create_from_format(): Passing null to parameter #2 ($datetime) of type string is deprecated in APPPATH\Controllers\PackingController.php on line 90.
 1 APPPATH\Controllers\PackingController.php(90): date_create_from_format('Y-m-d', null)
 2 SYSTEMPATH\CodeIgniter.php(942): App\Controllers\PackingController->importPDK()
 3 SYSTEMPATH\CodeIgniter.php(502): CodeIgniter\CodeIgniter->runController(Object(App\Controllers\PackingController))
 4 SYSTEMPATH\CodeIgniter.php(361): CodeIgniter\CodeIgniter->handleRequest(null, Object(Config\Cache), false)
 5 FCPATH\index.php(79): CodeIgniter\CodeIgniter->run()
 6 SYSTEMPATH\Commands\Server\rewrite.php(47): require_once('C:\\xampp\\htdocs\\rekappacking\\public\\index.php')
ERROR - 2023-12-29 17:44:26 --> mysqli_sql_exception: Column 'inisial' cannot be null in C:\xampp\htdocs\rekappacking\vendor\codeigniter4\framework\system\Database\MySQLi\Connection.php:306
Stack trace:
#0 C:\xampp\htdocs\rekappacking\vendor\codeigniter4\framework\system\Database\MySQLi\Connection.php(306): mysqli->query('INSERT INTO `ma...', 0)
#1 C:\xampp\htdocs\rekappacking\vendor\codeigniter4\framework\system\Database\BaseConnection.php(693): CodeIgniter\Database\MySQLi\Connection->execute('INSERT INTO `ma...')
#2 C:\xampp\htdocs\rekappacking\vendor\codeigniter4\framework\system\Database\BaseConnection.php(607): CodeIgniter\Database\BaseConnection->simpleQuery('INSERT INTO `ma...')
#3 C:\xampp\htdocs\rekappacking\vendor\codeigniter4\framework\system\Database\BaseBuilder.php(2308): CodeIgniter\Database\BaseConnection->query('INSERT INTO `ma...', Array, false)
#4 C:\xampp\htdocs\rekappacking\vendor\codeigniter4\framework\system\Model.php(319): CodeIgniter\Database\BaseBuilder->insert()
#5 C:\xampp\htdocs\rekappacking\vendor\codeigniter4\framework\system\BaseModel.php(788): CodeIgniter\Model->doInsert(Array)
#6 C:\xampp\htdocs\rekappacking\vendor\codeigniter4\framework\system\Model.php(715): CodeIgniter\BaseModel->insert(Array, true)
#7 C:\xampp\htdocs\rekappacking\app\Controllers\PackingController.php(103): CodeIgniter\Model->insert(Array)
#8 C:\xampp\htdocs\rekappacking\vendor\codeigniter4\framework\system\CodeIgniter.php(942): App\Controllers\PackingController->importPDK()
#9 C:\xampp\htdocs\rekappacking\vendor\codeigniter4\framework\system\CodeIgniter.php(502): CodeIgniter\CodeIgniter->runController(Object(App\Controllers\PackingController))
#10 C:\xampp\htdocs\rekappacking\vendor\codeigniter4\framework\system\CodeIgniter.php(361): CodeIgniter\CodeIgniter->handleRequest(NULL, Object(Config\Cache), false)
#11 C:\xampp\htdocs\rekappacking\public\index.php(79): CodeIgniter\CodeIgniter->run()
#12 C:\xampp\htdocs\rekappacking\vendor\codeigniter4\framework\system\Commands\Server\rewrite.php(47): require_once('C:\\xampp\\htdocs...')
#13 {main}
CRITICAL - 2023-12-29 17:44:26 --> Column 'inisial' cannot be null
in SYSTEMPATH\Database\BaseConnection.php on line 647.
 1 SYSTEMPATH\Database\BaseBuilder.php(2308): CodeIgniter\Database\BaseConnection->query('INSERT INTO `master_inisial` (`no_model`, `style`, `inisial`, `po_inisial`, `colour`, `area`, `admin`, `created_at`, `updated_at`) VALUES (:no_model:, :style:, :inisial:, :po_inisial:, :colour:, :area:, :admin:, :created_at:, :updated_at:)', [...], false)
 2 SYSTEMPATH\Model.php(319): CodeIgniter\Database\BaseBuilder->insert()
 3 SYSTEMPATH\BaseModel.php(788): CodeIgniter\Model->doInsert([...])
 4 SYSTEMPATH\Model.php(715): CodeIgniter\BaseModel->insert([...], true)
 5 APPPATH\Controllers\PackingController.php(103): CodeIgniter\Model->insert([...])
 6 SYSTEMPATH\CodeIgniter.php(942): App\Controllers\PackingController->importPDK()
 7 SYSTEMPATH\CodeIgniter.php(502): CodeIgniter\CodeIgniter->runController(Object(App\Controllers\PackingController))
 8 SYSTEMPATH\CodeIgniter.php(361): CodeIgniter\CodeIgniter->handleRequest(null, Object(Config\Cache), false)
 9 FCPATH\index.php(79): CodeIgniter\CodeIgniter->run()
10 SYSTEMPATH\Commands\Server\rewrite.php(47): require_once('C:\\xampp\\htdocs\\rekappacking\\public\\index.php')
INFO - 2023-12-29 17:45:52 --> Session: Class initialized using 'CodeIgniter\Session\Handlers\FileHandler' driver.
INFO - 2023-12-29 17:45:53 --> Session: Class initialized using 'CodeIgniter\Session\Handlers\FileHandler' driver.
INFO - 2023-12-29 17:45:58 --> Session: Class initialized using 'CodeIgniter\Session\Handlers\FileHandler' driver.
WARNING - 2023-12-29 17:45:58 --> [DEPRECATED] date_create_from_format(): Passing null to parameter #2 ($datetime) of type string is deprecated in APPPATH\Controllers\PackingController.php on line 90.
 1 APPPATH\Controllers\PackingController.php(90): date_create_from_format('Y-m-d', null)
 2 SYSTEMPATH\CodeIgniter.php(942): App\Controllers\PackingController->importPDK()
 3 SYSTEMPATH\CodeIgniter.php(502): CodeIgniter\CodeIgniter->runController(Object(App\Controllers\PackingController))
 4 SYSTEMPATH\CodeIgniter.php(361): CodeIgniter\CodeIgniter->handleRequest(null, Object(Config\Cache), false)
 5 FCPATH\index.php(79): CodeIgniter\CodeIgniter->run()
 6 SYSTEMPATH\Commands\Server\rewrite.php(47): require_once('C:\\xampp\\htdocs\\rekappacking\\public\\index.php')
WARNING - 2023-12-29 17:45:58 --> [DEPRECATED] date_create_from_format(): Passing null to parameter #2 ($datetime) of type string is deprecated in APPPATH\Controllers\PackingController.php on line 90.
 1 APPPATH\Controllers\PackingController.php(90): date_create_from_format('Y-m-d', null)
 2 SYSTEMPATH\CodeIgniter.php(942): App\Controllers\PackingController->importPDK()
 3 SYSTEMPATH\CodeIgniter.php(502): CodeIgniter\CodeIgniter->runController(Object(App\Controllers\PackingController))
 4 SYSTEMPATH\CodeIgniter.php(361): CodeIgniter\CodeIgniter->handleRequest(null, Object(Config\Cache), false)
 5 FCPATH\index.php(79): CodeIgniter\CodeIgniter->run()
 6 SYSTEMPATH\Commands\Server\rewrite.php(47): require_once('C:\\xampp\\htdocs\\rekappacking\\public\\index.php')
WARNING - 2023-12-29 17:45:58 --> [DEPRECATED] date_create_from_format(): Passing null to parameter #2 ($datetime) of type string is deprecated in APPPATH\Controllers\PackingController.php on line 90.
 1 APPPATH\Controllers\PackingController.php(90): date_create_from_format('Y-m-d', null)
 2 SYSTEMPATH\CodeIgniter.php(942): App\Controllers\PackingController->importPDK()
 3 SYSTEMPATH\CodeIgniter.php(502): CodeIgniter\CodeIgniter->runController(Object(App\Controllers\PackingController))
 4 SYSTEMPATH\CodeIgniter.php(361): CodeIgniter\CodeIgniter->handleRequest(null, Object(Config\Cache), false)
 5 FCPATH\index.php(79): CodeIgniter\CodeIgniter->run()
 6 SYSTEMPATH\Commands\Server\rewrite.php(47): require_once('C:\\xampp\\htdocs\\rekappacking\\public\\index.php')
WARNING - 2023-12-29 17:45:58 --> [DEPRECATED] date_create_from_format(): Passing null to parameter #2 ($datetime) of type string is deprecated in APPPATH\Controllers\PackingController.php on line 90.
 1 APPPATH\Controllers\PackingController.php(90): date_create_from_format('Y-m-d', null)
 2 SYSTEMPATH\CodeIgniter.php(942): App\Controllers\PackingController->importPDK()
 3 SYSTEMPATH\CodeIgniter.php(502): CodeIgniter\CodeIgniter->runController(Object(App\Controllers\PackingController))
 4 SYSTEMPATH\CodeIgniter.php(361): CodeIgniter\CodeIgniter->handleRequest(null, Object(Config\Cache), false)
 5 FCPATH\index.php(79): CodeIgniter\CodeIgniter->run()
 6 SYSTEMPATH\Commands\Server\rewrite.php(47): require_once('C:\\xampp\\htdocs\\rekappacking\\public\\index.php')
WARNING - 2023-12-29 17:45:58 --> [DEPRECATED] date_create_from_format(): Passing null to parameter #2 ($datetime) of type string is deprecated in APPPATH\Controllers\PackingController.php on line 90.
 1 APPPATH\Controllers\PackingController.php(90): date_create_from_format('Y-m-d', null)
 2 SYSTEMPATH\CodeIgniter.php(942): App\Controllers\PackingController->importPDK()
 3 SYSTEMPATH\CodeIgniter.php(502): CodeIgniter\CodeIgniter->runController(Object(App\Controllers\PackingController))
 4 SYSTEMPATH\CodeIgniter.php(361): CodeIgniter\CodeIgniter->handleRequest(null, Object(Config\Cache), false)
 5 FCPATH\index.php(79): CodeIgniter\CodeIgniter->run()
 6 SYSTEMPATH\Commands\Server\rewrite.php(47): require_once('C:\\xampp\\htdocs\\rekappacking\\public\\index.php')
WARNING - 2023-12-29 17:45:58 --> [DEPRECATED] date_create_from_format(): Passing null to parameter #2 ($datetime) of type string is deprecated in APPPATH\Controllers\PackingController.php on line 90.
 1 APPPATH\Controllers\PackingController.php(90): date_create_from_format('Y-m-d', null)
 2 SYSTEMPATH\CodeIgniter.php(942): App\Controllers\PackingController->importPDK()
 3 SYSTEMPATH\CodeIgniter.php(502): CodeIgniter\CodeIgniter->runController(Object(App\Controllers\PackingController))
 4 SYSTEMPATH\CodeIgniter.php(361): CodeIgniter\CodeIgniter->handleRequest(null, Object(Config\Cache), false)
 5 FCPATH\index.php(79): CodeIgniter\CodeIgniter->run()
 6 SYSTEMPATH\Commands\Server\rewrite.php(47): require_once('C:\\xampp\\htdocs\\rekappacking\\public\\index.php')
WARNING - 2023-12-29 17:45:58 --> [DEPRECATED] date_create_from_format(): Passing null to parameter #2 ($datetime) of type string is deprecated in APPPATH\Controllers\PackingController.php on line 90.
 1 APPPATH\Controllers\PackingController.php(90): date_create_from_format('Y-m-d', null)
 2 SYSTEMPATH\CodeIgniter.php(942): App\Controllers\PackingController->importPDK()
 3 SYSTEMPATH\CodeIgniter.php(502): CodeIgniter\CodeIgniter->runController(Object(App\Controllers\PackingController))
 4 SYSTEMPATH\CodeIgniter.php(361): CodeIgniter\CodeIgniter->handleRequest(null, Object(Config\Cache), false)
 5 FCPATH\index.php(79): CodeIgniter\CodeIgniter->run()
 6 SYSTEMPATH\Commands\Server\rewrite.php(47): require_once('C:\\xampp\\htdocs\\rekappacking\\public\\index.php')
WARNING - 2023-12-29 17:45:58 --> [DEPRECATED] date_create_from_format(): Passing null to parameter #2 ($datetime) of type string is deprecated in APPPATH\Controllers\PackingController.php on line 90.
 1 APPPATH\Controllers\PackingController.php(90): date_create_from_format('Y-m-d', null)
 2 SYSTEMPATH\CodeIgniter.php(942): App\Controllers\PackingController->importPDK()
 3 SYSTEMPATH\CodeIgniter.php(502): CodeIgniter\CodeIgniter->runController(Object(App\Controllers\PackingController))
 4 SYSTEMPATH\CodeIgniter.php(361): CodeIgniter\CodeIgniter->handleRequest(null, Object(Config\Cache), false)
 5 FCPATH\index.php(79): CodeIgniter\CodeIgniter->run()
 6 SYSTEMPATH\Commands\Server\rewrite.php(47): require_once('C:\\xampp\\htdocs\\rekappacking\\public\\index.php')
WARNING - 2023-12-29 17:45:58 --> [DEPRECATED] date_create_from_format(): Passing null to parameter #2 ($datetime) of type string is deprecated in APPPATH\Controllers\PackingController.php on line 90.
 1 APPPATH\Controllers\PackingController.php(90): date_create_from_format('Y-m-d', null)
 2 SYSTEMPATH\CodeIgniter.php(942): App\Controllers\PackingController->importPDK()
 3 SYSTEMPATH\CodeIgniter.php(502): CodeIgniter\CodeIgniter->runController(Object(App\Controllers\PackingController))
 4 SYSTEMPATH\CodeIgniter.php(361): CodeIgniter\CodeIgniter->handleRequest(null, Object(Config\Cache), false)
 5 FCPATH\index.php(79): CodeIgniter\CodeIgniter->run()
 6 SYSTEMPATH\Commands\Server\rewrite.php(47): require_once('C:\\xampp\\htdocs\\rekappacking\\public\\index.php')
WARNING - 2023-12-29 17:45:58 --> [DEPRECATED] date_create_from_format(): Passing null to parameter #2 ($datetime) of type string is deprecated in APPPATH\Controllers\PackingController.php on line 90.
 1 APPPATH\Controllers\PackingController.php(90): date_create_from_format('Y-m-d', null)
 2 SYSTEMPATH\CodeIgniter.php(942): App\Controllers\PackingController->importPDK()
 3 SYSTEMPATH\CodeIgniter.php(502): CodeIgniter\CodeIgniter->runController(Object(App\Controllers\PackingController))
 4 SYSTEMPATH\CodeIgniter.php(361): CodeIgniter\CodeIgniter->handleRequest(null, Object(Config\Cache), false)
 5 FCPATH\index.php(79): CodeIgniter\CodeIgniter->run()
 6 SYSTEMPATH\Commands\Server\rewrite.php(47): require_once('C:\\xampp\\htdocs\\rekappacking\\public\\index.php')
WARNING - 2023-12-29 17:45:58 --> [DEPRECATED] date_create_from_format(): Passing null to parameter #2 ($datetime) of type string is deprecated in APPPATH\Controllers\PackingController.php on line 90.
 1 APPPATH\Controllers\PackingController.php(90): date_create_from_format('Y-m-d', null)
 2 SYSTEMPATH\CodeIgniter.php(942): App\Controllers\PackingController->importPDK()
 3 SYSTEMPATH\CodeIgniter.php(502): CodeIgniter\CodeIgniter->runController(Object(App\Controllers\PackingController))
 4 SYSTEMPATH\CodeIgniter.php(361): CodeIgniter\CodeIgniter->handleRequest(null, Object(Config\Cache), false)
 5 FCPATH\index.php(79): CodeIgniter\CodeIgniter->run()
 6 SYSTEMPATH\Commands\Server\rewrite.php(47): require_once('C:\\xampp\\htdocs\\rekappacking\\public\\index.php')
WARNING - 2023-12-29 17:45:58 --> [DEPRECATED] date_create_from_format(): Passing null to parameter #2 ($datetime) of type string is deprecated in APPPATH\Controllers\PackingController.php on line 90.
 1 APPPATH\Controllers\PackingController.php(90): date_create_from_format('Y-m-d', null)
 2 SYSTEMPATH\CodeIgniter.php(942): App\Controllers\PackingController->importPDK()
 3 SYSTEMPATH\CodeIgniter.php(502): CodeIgniter\CodeIgniter->runController(Object(App\Controllers\PackingController))
 4 SYSTEMPATH\CodeIgniter.php(361): CodeIgniter\CodeIgniter->handleRequest(null, Object(Config\Cache), false)
 5 FCPATH\index.php(79): CodeIgniter\CodeIgniter->run()
 6 SYSTEMPATH\Commands\Server\rewrite.php(47): require_once('C:\\xampp\\htdocs\\rekappacking\\public\\index.php')
WARNING - 2023-12-29 17:45:58 --> [DEPRECATED] date_create_from_format(): Passing null to parameter #2 ($datetime) of type string is deprecated in APPPATH\Controllers\PackingController.php on line 90.
 1 APPPATH\Controllers\PackingController.php(90): date_create_from_format('Y-m-d', null)
 2 SYSTEMPATH\CodeIgniter.php(942): App\Controllers\PackingController->importPDK()
 3 SYSTEMPATH\CodeIgniter.php(502): CodeIgniter\CodeIgniter->runController(Object(App\Controllers\PackingController))
 4 SYSTEMPATH\CodeIgniter.php(361): CodeIgniter\CodeIgniter->handleRequest(null, Object(Config\Cache), false)
 5 FCPATH\index.php(79): CodeIgniter\CodeIgniter->run()
 6 SYSTEMPATH\Commands\Server\rewrite.php(47): require_once('C:\\xampp\\htdocs\\rekappacking\\public\\index.php')
WARNING - 2023-12-29 17:45:58 --> [DEPRECATED] date_create_from_format(): Passing null to parameter #2 ($datetime) of type string is deprecated in APPPATH\Controllers\PackingController.php on line 90.
 1 APPPATH\Controllers\PackingController.php(90): date_create_from_format('Y-m-d', null)
 2 SYSTEMPATH\CodeIgniter.php(942): App\Controllers\PackingController->importPDK()
 3 SYSTEMPATH\CodeIgniter.php(502): CodeIgniter\CodeIgniter->runController(Object(App\Controllers\PackingController))
 4 SYSTEMPATH\CodeIgniter.php(361): CodeIgniter\CodeIgniter->handleRequest(null, Object(Config\Cache), false)
 5 FCPATH\index.php(79): CodeIgniter\CodeIgniter->run()
 6 SYSTEMPATH\Commands\Server\rewrite.php(47): require_once('C:\\xampp\\htdocs\\rekappacking\\public\\index.php')
WARNING - 2023-12-29 17:45:58 --> [DEPRECATED] date_create_from_format(): Passing null to parameter #2 ($datetime) of type string is deprecated in APPPATH\Controllers\PackingController.php on line 90.
 1 APPPATH\Controllers\PackingController.php(90): date_create_from_format('Y-m-d', null)
 2 SYSTEMPATH\CodeIgniter.php(942): App\Controllers\PackingController->importPDK()
 3 SYSTEMPATH\CodeIgniter.php(502): CodeIgniter\CodeIgniter->runController(Object(App\Controllers\PackingController))
 4 SYSTEMPATH\CodeIgniter.php(361): CodeIgniter\CodeIgniter->handleRequest(null, Object(Config\Cache), false)
 5 FCPATH\index.php(79): CodeIgniter\CodeIgniter->run()
 6 SYSTEMPATH\Commands\Server\rewrite.php(47): require_once('C:\\xampp\\htdocs\\rekappacking\\public\\index.php')
WARNING - 2023-12-29 17:45:58 --> [DEPRECATED] date_create_from_format(): Passing null to parameter #2 ($datetime) of type string is deprecated in APPPATH\Controllers\PackingController.php on line 90.
 1 APPPATH\Controllers\PackingController.php(90): date_create_from_format('Y-m-d', null)
 2 SYSTEMPATH\CodeIgniter.php(942): App\Controllers\PackingController->importPDK()
 3 SYSTEMPATH\CodeIgniter.php(502): CodeIgniter\CodeIgniter->runController(Object(App\Controllers\PackingController))
 4 SYSTEMPATH\CodeIgniter.php(361): CodeIgniter\CodeIgniter->handleRequest(null, Object(Config\Cache), false)
 5 FCPATH\index.php(79): CodeIgniter\CodeIgniter->run()
 6 SYSTEMPATH\Commands\Server\rewrite.php(47): require_once('C:\\xampp\\htdocs\\rekappacking\\public\\index.php')
WARNING - 2023-12-29 17:45:58 --> [DEPRECATED] date_create_from_format(): Passing null to parameter #2 ($datetime) of type string is deprecated in APPPATH\Controllers\PackingController.php on line 90.
 1 APPPATH\Controllers\PackingController.php(90): date_create_from_format('Y-m-d', null)
 2 SYSTEMPATH\CodeIgniter.php(942): App\Controllers\PackingController->importPDK()
 3 SYSTEMPATH\CodeIgniter.php(502): CodeIgniter\CodeIgniter->runController(Object(App\Controllers\PackingController))
 4 SYSTEMPATH\CodeIgniter.php(361): CodeIgniter\CodeIgniter->handleRequest(null, Object(Config\Cache), false)
 5 FCPATH\index.php(79): CodeIgniter\CodeIgniter->run()
 6 SYSTEMPATH\Commands\Server\rewrite.php(47): require_once('C:\\xampp\\htdocs\\rekappacking\\public\\index.php')
WARNING - 2023-12-29 17:45:58 --> [DEPRECATED] date_create_from_format(): Passing null to parameter #2 ($datetime) of type string is deprecated in APPPATH\Controllers\PackingController.php on line 90.
 1 APPPATH\Controllers\PackingController.php(90): date_create_from_format('Y-m-d', null)
 2 SYSTEMPATH\CodeIgniter.php(942): App\Controllers\PackingController->importPDK()
 3 SYSTEMPATH\CodeIgniter.php(502): CodeIgniter\CodeIgniter->runController(Object(App\Controllers\PackingController))
 4 SYSTEMPATH\CodeIgniter.php(361): CodeIgniter\CodeIgniter->handleRequest(null, Object(Config\Cache), false)
 5 FCPATH\index.php(79): CodeIgniter\CodeIgniter->run()
 6 SYSTEMPATH\Commands\Server\rewrite.php(47): require_once('C:\\xampp\\htdocs\\rekappacking\\public\\index.php')
WARNING - 2023-12-29 17:45:58 --> [DEPRECATED] date_create_from_format(): Passing null to parameter #2 ($datetime) of type string is deprecated in APPPATH\Controllers\PackingController.php on line 90.
 1 APPPATH\Controllers\PackingController.php(90): date_create_from_format('Y-m-d', null)
 2 SYSTEMPATH\CodeIgniter.php(942): App\Controllers\PackingController->importPDK()
 3 SYSTEMPATH\CodeIgniter.php(502): CodeIgniter\CodeIgniter->runController(Object(App\Controllers\PackingController))
 4 SYSTEMPATH\CodeIgniter.php(361): CodeIgniter\CodeIgniter->handleRequest(null, Object(Config\Cache), false)
 5 FCPATH\index.php(79): CodeIgniter\CodeIgniter->run()
 6 SYSTEMPATH\Commands\Server\rewrite.php(47): require_once('C:\\xampp\\htdocs\\rekappacking\\public\\index.php')
WARNING - 2023-12-29 17:45:58 --> [DEPRECATED] date_create_from_format(): Passing null to parameter #2 ($datetime) of type string is deprecated in APPPATH\Controllers\PackingController.php on line 90.
 1 APPPATH\Controllers\PackingController.php(90): date_create_from_format('Y-m-d', null)
 2 SYSTEMPATH\CodeIgniter.php(942): App\Controllers\PackingController->importPDK()
 3 SYSTEMPATH\CodeIgniter.php(502): CodeIgniter\CodeIgniter->runController(Object(App\Controllers\PackingController))
 4 SYSTEMPATH\CodeIgniter.php(361): CodeIgniter\CodeIgniter->handleRequest(null, Object(Config\Cache), false)
 5 FCPATH\index.php(79): CodeIgniter\CodeIgniter->run()
 6 SYSTEMPATH\Commands\Server\rewrite.php(47): require_once('C:\\xampp\\htdocs\\rekappacking\\public\\index.php')
WARNING - 2023-12-29 17:45:58 --> [DEPRECATED] date_create_from_format(): Passing null to parameter #2 ($datetime) of type string is deprecated in APPPATH\Controllers\PackingController.php on line 90.
 1 APPPATH\Controllers\PackingController.php(90): date_create_from_format('Y-m-d', null)
 2 SYSTEMPATH\CodeIgniter.php(942): App\Controllers\PackingController->importPDK()
 3 SYSTEMPATH\CodeIgniter.php(502): CodeIgniter\CodeIgniter->runController(Object(App\Controllers\PackingController))
 4 SYSTEMPATH\CodeIgniter.php(361): CodeIgniter\CodeIgniter->handleRequest(null, Object(Config\Cache), false)
 5 FCPATH\index.php(79): CodeIgniter\CodeIgniter->run()
 6 SYSTEMPATH\Commands\Server\rewrite.php(47): require_once('C:\\xampp\\htdocs\\rekappacking\\public\\index.php')
INFO - 2023-12-29 17:45:58 --> Session: Class initialized using 'CodeIgniter\Session\Handlers\FileHandler' driver.
INFO - 2023-12-29 17:47:25 --> Session: Class initialized using 'CodeIgniter\Session\Handlers\FileHandler' driver.
INFO - 2023-12-29 17:47:32 --> Session: Class initialized using 'CodeIgniter\Session\Handlers\FileHandler' driver.
WARNING - 2023-12-29 17:47:32 --> [DEPRECATED] date_create_from_format(): Passing null to parameter #2 ($datetime) of type string is deprecated in APPPATH\Controllers\PackingController.php on line 90.
 1 APPPATH\Controllers\PackingController.php(90): date_create_from_format('Y-m-d', null)
 2 SYSTEMPATH\CodeIgniter.php(942): App\Controllers\PackingController->importPDK()
 3 SYSTEMPATH\CodeIgniter.php(502): CodeIgniter\CodeIgniter->runController(Object(App\Controllers\PackingController))
 4 SYSTEMPATH\CodeIgniter.php(361): CodeIgniter\CodeIgniter->handleRequest(null, Object(Config\Cache), false)
 5 FCPATH\index.php(79): CodeIgniter\CodeIgniter->run()
 6 SYSTEMPATH\Commands\Server\rewrite.php(47): require_once('C:\\xampp\\htdocs\\rekappacking\\public\\index.php')
WARNING - 2023-12-29 17:47:32 --> [DEPRECATED] date_create_from_format(): Passing null to parameter #2 ($datetime) of type string is deprecated in APPPATH\Controllers\PackingController.php on line 90.
 1 APPPATH\Controllers\PackingController.php(90): date_create_from_format('Y-m-d', null)
 2 SYSTEMPATH\CodeIgniter.php(942): App\Controllers\PackingController->importPDK()
 3 SYSTEMPATH\CodeIgniter.php(502): CodeIgniter\CodeIgniter->runController(Object(App\Controllers\PackingController))
 4 SYSTEMPATH\CodeIgniter.php(361): CodeIgniter\CodeIgniter->handleRequest(null, Object(Config\Cache), false)
 5 FCPATH\index.php(79): CodeIgniter\CodeIgniter->run()
 6 SYSTEMPATH\Commands\Server\rewrite.php(47): require_once('C:\\xampp\\htdocs\\rekappacking\\public\\index.php')
WARNING - 2023-12-29 17:47:32 --> [DEPRECATED] date_create_from_format(): Passing null to parameter #2 ($datetime) of type string is deprecated in APPPATH\Controllers\PackingController.php on line 90.
 1 APPPATH\Controllers\PackingController.php(90): date_create_from_format('Y-m-d', null)
 2 SYSTEMPATH\CodeIgniter.php(942): App\Controllers\PackingController->importPDK()
 3 SYSTEMPATH\CodeIgniter.php(502): CodeIgniter\CodeIgniter->runController(Object(App\Controllers\PackingController))
 4 SYSTEMPATH\CodeIgniter.php(361): CodeIgniter\CodeIgniter->handleRequest(null, Object(Config\Cache), false)
 5 FCPATH\index.php(79): CodeIgniter\CodeIgniter->run()
 6 SYSTEMPATH\Commands\Server\rewrite.php(47): require_once('C:\\xampp\\htdocs\\rekappacking\\public\\index.php')
WARNING - 2023-12-29 17:47:32 --> [DEPRECATED] date_create_from_format(): Passing null to parameter #2 ($datetime) of type string is deprecated in APPPATH\Controllers\PackingController.php on line 90.
 1 APPPATH\Controllers\PackingController.php(90): date_create_from_format('Y-m-d', null)
 2 SYSTEMPATH\CodeIgniter.php(942): App\Controllers\PackingController->importPDK()
 3 SYSTEMPATH\CodeIgniter.php(502): CodeIgniter\CodeIgniter->runController(Object(App\Controllers\PackingController))
 4 SYSTEMPATH\CodeIgniter.php(361): CodeIgniter\CodeIgniter->handleRequest(null, Object(Config\Cache), false)
 5 FCPATH\index.php(79): CodeIgniter\CodeIgniter->run()
 6 SYSTEMPATH\Commands\Server\rewrite.php(47): require_once('C:\\xampp\\htdocs\\rekappacking\\public\\index.php')
WARNING - 2023-12-29 17:47:32 --> [DEPRECATED] date_create_from_format(): Passing null to parameter #2 ($datetime) of type string is deprecated in APPPATH\Controllers\PackingController.php on line 90.
 1 APPPATH\Controllers\PackingController.php(90): date_create_from_format('Y-m-d', null)
 2 SYSTEMPATH\CodeIgniter.php(942): App\Controllers\PackingController->importPDK()
 3 SYSTEMPATH\CodeIgniter.php(502): CodeIgniter\CodeIgniter->runController(Object(App\Controllers\PackingController))
 4 SYSTEMPATH\CodeIgniter.php(361): CodeIgniter\CodeIgniter->handleRequest(null, Object(Config\Cache), false)
 5 FCPATH\index.php(79): CodeIgniter\CodeIgniter->run()
 6 SYSTEMPATH\Commands\Server\rewrite.php(47): require_once('C:\\xampp\\htdocs\\rekappacking\\public\\index.php')
WARNING - 2023-12-29 17:47:32 --> [DEPRECATED] date_create_from_format(): Passing null to parameter #2 ($datetime) of type string is deprecated in APPPATH\Controllers\PackingController.php on line 90.
 1 APPPATH\Controllers\PackingController.php(90): date_create_from_format('Y-m-d', null)
 2 SYSTEMPATH\CodeIgniter.php(942): App\Controllers\PackingController->importPDK()
 3 SYSTEMPATH\CodeIgniter.php(502): CodeIgniter\CodeIgniter->runController(Object(App\Controllers\PackingController))
 4 SYSTEMPATH\CodeIgniter.php(361): CodeIgniter\CodeIgniter->handleRequest(null, Object(Config\Cache), false)
 5 FCPATH\index.php(79): CodeIgniter\CodeIgniter->run()
 6 SYSTEMPATH\Commands\Server\rewrite.php(47): require_once('C:\\xampp\\htdocs\\rekappacking\\public\\index.php')
WARNING - 2023-12-29 17:47:32 --> [DEPRECATED] date_create_from_format(): Passing null to parameter #2 ($datetime) of type string is deprecated in APPPATH\Controllers\PackingController.php on line 90.
 1 APPPATH\Controllers\PackingController.php(90): date_create_from_format('Y-m-d', null)
 2 SYSTEMPATH\CodeIgniter.php(942): App\Controllers\PackingController->importPDK()
 3 SYSTEMPATH\CodeIgniter.php(502): CodeIgniter\CodeIgniter->runController(Object(App\Controllers\PackingController))
 4 SYSTEMPATH\CodeIgniter.php(361): CodeIgniter\CodeIgniter->handleRequest(null, Object(Config\Cache), false)
 5 FCPATH\index.php(79): CodeIgniter\CodeIgniter->run()
 6 SYSTEMPATH\Commands\Server\rewrite.php(47): require_once('C:\\xampp\\htdocs\\rekappacking\\public\\index.php')
WARNING - 2023-12-29 17:47:32 --> [DEPRECATED] date_create_from_format(): Passing null to parameter #2 ($datetime) of type string is deprecated in APPPATH\Controllers\PackingController.php on line 90.
 1 APPPATH\Controllers\PackingController.php(90): date_create_from_format('Y-m-d', null)
 2 SYSTEMPATH\CodeIgniter.php(942): App\Controllers\PackingController->importPDK()
 3 SYSTEMPATH\CodeIgniter.php(502): CodeIgniter\CodeIgniter->runController(Object(App\Controllers\PackingController))
 4 SYSTEMPATH\CodeIgniter.php(361): CodeIgniter\CodeIgniter->handleRequest(null, Object(Config\Cache), false)
 5 FCPATH\index.php(79): CodeIgniter\CodeIgniter->run()
 6 SYSTEMPATH\Commands\Server\rewrite.php(47): require_once('C:\\xampp\\htdocs\\rekappacking\\public\\index.php')
WARNING - 2023-12-29 17:47:32 --> [DEPRECATED] date_create_from_format(): Passing null to parameter #2 ($datetime) of type string is deprecated in APPPATH\Controllers\PackingController.php on line 90.
 1 APPPATH\Controllers\PackingController.php(90): date_create_from_format('Y-m-d', null)
 2 SYSTEMPATH\CodeIgniter.php(942): App\Controllers\PackingController->importPDK()
 3 SYSTEMPATH\CodeIgniter.php(502): CodeIgniter\CodeIgniter->runController(Object(App\Controllers\PackingController))
 4 SYSTEMPATH\CodeIgniter.php(361): CodeIgniter\CodeIgniter->handleRequest(null, Object(Config\Cache), false)
 5 FCPATH\index.php(79): CodeIgniter\CodeIgniter->run()
 6 SYSTEMPATH\Commands\Server\rewrite.php(47): require_once('C:\\xampp\\htdocs\\rekappacking\\public\\index.php')
WARNING - 2023-12-29 17:47:32 --> [DEPRECATED] date_create_from_format(): Passing null to parameter #2 ($datetime) of type string is deprecated in APPPATH\Controllers\PackingController.php on line 90.
 1 APPPATH\Controllers\PackingController.php(90): date_create_from_format('Y-m-d', null)
 2 SYSTEMPATH\CodeIgniter.php(942): App\Controllers\PackingController->importPDK()
 3 SYSTEMPATH\CodeIgniter.php(502): CodeIgniter\CodeIgniter->runController(Object(App\Controllers\PackingController))
 4 SYSTEMPATH\CodeIgniter.php(361): CodeIgniter\CodeIgniter->handleRequest(null, Object(Config\Cache), false)
 5 FCPATH\index.php(79): CodeIgniter\CodeIgniter->run()
 6 SYSTEMPATH\Commands\Server\rewrite.php(47): require_once('C:\\xampp\\htdocs\\rekappacking\\public\\index.php')
WARNING - 2023-12-29 17:47:32 --> [DEPRECATED] date_create_from_format(): Passing null to parameter #2 ($datetime) of type string is deprecated in APPPATH\Controllers\PackingController.php on line 90.
 1 APPPATH\Controllers\PackingController.php(90): date_create_from_format('Y-m-d', null)
 2 SYSTEMPATH\CodeIgniter.php(942): App\Controllers\PackingController->importPDK()
 3 SYSTEMPATH\CodeIgniter.php(502): CodeIgniter\CodeIgniter->runController(Object(App\Controllers\PackingController))
 4 SYSTEMPATH\CodeIgniter.php(361): CodeIgniter\CodeIgniter->handleRequest(null, Object(Config\Cache), false)
 5 FCPATH\index.php(79): CodeIgniter\CodeIgniter->run()
 6 SYSTEMPATH\Commands\Server\rewrite.php(47): require_once('C:\\xampp\\htdocs\\rekappacking\\public\\index.php')
WARNING - 2023-12-29 17:47:32 --> [DEPRECATED] date_create_from_format(): Passing null to parameter #2 ($datetime) of type string is deprecated in APPPATH\Controllers\PackingController.php on line 90.
 1 APPPATH\Controllers\PackingController.php(90): date_create_from_format('Y-m-d', null)
 2 SYSTEMPATH\CodeIgniter.php(942): App\Controllers\PackingController->importPDK()
 3 SYSTEMPATH\CodeIgniter.php(502): CodeIgniter\CodeIgniter->runController(Object(App\Controllers\PackingController))
 4 SYSTEMPATH\CodeIgniter.php(361): CodeIgniter\CodeIgniter->handleRequest(null, Object(Config\Cache), false)
 5 FCPATH\index.php(79): CodeIgniter\CodeIgniter->run()
 6 SYSTEMPATH\Commands\Server\rewrite.php(47): require_once('C:\\xampp\\htdocs\\rekappacking\\public\\index.php')
WARNING - 2023-12-29 17:47:32 --> [DEPRECATED] date_create_from_format(): Passing null to parameter #2 ($datetime) of type string is deprecated in APPPATH\Controllers\PackingController.php on line 90.
 1 APPPATH\Controllers\PackingController.php(90): date_create_from_format('Y-m-d', null)
 2 SYSTEMPATH\CodeIgniter.php(942): App\Controllers\PackingController->importPDK()
 3 SYSTEMPATH\CodeIgniter.php(502): CodeIgniter\CodeIgniter->runController(Object(App\Controllers\PackingController))
 4 SYSTEMPATH\CodeIgniter.php(361): CodeIgniter\CodeIgniter->handleRequest(null, Object(Config\Cache), false)
 5 FCPATH\index.php(79): CodeIgniter\CodeIgniter->run()
 6 SYSTEMPATH\Commands\Server\rewrite.php(47): require_once('C:\\xampp\\htdocs\\rekappacking\\public\\index.php')
WARNING - 2023-12-29 17:47:32 --> [DEPRECATED] date_create_from_format(): Passing null to parameter #2 ($datetime) of type string is deprecated in APPPATH\Controllers\PackingController.php on line 90.
 1 APPPATH\Controllers\PackingController.php(90): date_create_from_format('Y-m-d', null)
 2 SYSTEMPATH\CodeIgniter.php(942): App\Controllers\PackingController->importPDK()
 3 SYSTEMPATH\CodeIgniter.php(502): CodeIgniter\CodeIgniter->runController(Object(App\Controllers\PackingController))
 4 SYSTEMPATH\CodeIgniter.php(361): CodeIgniter\CodeIgniter->handleRequest(null, Object(Config\Cache), false)
 5 FCPATH\index.php(79): CodeIgniter\CodeIgniter->run()
 6 SYSTEMPATH\Commands\Server\rewrite.php(47): require_once('C:\\xampp\\htdocs\\rekappacking\\public\\index.php')
WARNING - 2023-12-29 17:47:32 --> [DEPRECATED] date_create_from_format(): Passing null to parameter #2 ($datetime) of type string is deprecated in APPPATH\Controllers\PackingController.php on line 90.
 1 APPPATH\Controllers\PackingController.php(90): date_create_from_format('Y-m-d', null)
 2 SYSTEMPATH\CodeIgniter.php(942): App\Controllers\PackingController->importPDK()
 3 SYSTEMPATH\CodeIgniter.php(502): CodeIgniter\CodeIgniter->runController(Object(App\Controllers\PackingController))
 4 SYSTEMPATH\CodeIgniter.php(361): CodeIgniter\CodeIgniter->handleRequest(null, Object(Config\Cache), false)
 5 FCPATH\index.php(79): CodeIgniter\CodeIgniter->run()
 6 SYSTEMPATH\Commands\Server\rewrite.php(47): require_once('C:\\xampp\\htdocs\\rekappacking\\public\\index.php')
WARNING - 2023-12-29 17:47:32 --> [DEPRECATED] date_create_from_format(): Passing null to parameter #2 ($datetime) of type string is deprecated in APPPATH\Controllers\PackingController.php on line 90.
 1 APPPATH\Controllers\PackingController.php(90): date_create_from_format('Y-m-d', null)
 2 SYSTEMPATH\CodeIgniter.php(942): App\Controllers\PackingController->importPDK()
 3 SYSTEMPATH\CodeIgniter.php(502): CodeIgniter\CodeIgniter->runController(Object(App\Controllers\PackingController))
 4 SYSTEMPATH\CodeIgniter.php(361): CodeIgniter\CodeIgniter->handleRequest(null, Object(Config\Cache), false)
 5 FCPATH\index.php(79): CodeIgniter\CodeIgniter->run()
 6 SYSTEMPATH\Commands\Server\rewrite.php(47): require_once('C:\\xampp\\htdocs\\rekappacking\\public\\index.php')
WARNING - 2023-12-29 17:47:32 --> [DEPRECATED] date_create_from_format(): Passing null to parameter #2 ($datetime) of type string is deprecated in APPPATH\Controllers\PackingController.php on line 90.
 1 APPPATH\Controllers\PackingController.php(90): date_create_from_format('Y-m-d', null)
 2 SYSTEMPATH\CodeIgniter.php(942): App\Controllers\PackingController->importPDK()
 3 SYSTEMPATH\CodeIgniter.php(502): CodeIgniter\CodeIgniter->runController(Object(App\Controllers\PackingController))
 4 SYSTEMPATH\CodeIgniter.php(361): CodeIgniter\CodeIgniter->handleRequest(null, Object(Config\Cache), false)
 5 FCPATH\index.php(79): CodeIgniter\CodeIgniter->run()
 6 SYSTEMPATH\Commands\Server\rewrite.php(47): require_once('C:\\xampp\\htdocs\\rekappacking\\public\\index.php')
WARNING - 2023-12-29 17:47:32 --> [DEPRECATED] date_create_from_format(): Passing null to parameter #2 ($datetime) of type string is deprecated in APPPATH\Controllers\PackingController.php on line 90.
 1 APPPATH\Controllers\PackingController.php(90): date_create_from_format('Y-m-d', null)
 2 SYSTEMPATH\CodeIgniter.php(942): App\Controllers\PackingController->importPDK()
 3 SYSTEMPATH\CodeIgniter.php(502): CodeIgniter\CodeIgniter->runController(Object(App\Controllers\PackingController))
 4 SYSTEMPATH\CodeIgniter.php(361): CodeIgniter\CodeIgniter->handleRequest(null, Object(Config\Cache), false)
 5 FCPATH\index.php(79): CodeIgniter\CodeIgniter->run()
 6 SYSTEMPATH\Commands\Server\rewrite.php(47): require_once('C:\\xampp\\htdocs\\rekappacking\\public\\index.php')
WARNING - 2023-12-29 17:47:32 --> [DEPRECATED] date_create_from_format(): Passing null to parameter #2 ($datetime) of type string is deprecated in APPPATH\Controllers\PackingController.php on line 90.
 1 APPPATH\Controllers\PackingController.php(90): date_create_from_format('Y-m-d', null)
 2 SYSTEMPATH\CodeIgniter.php(942): App\Controllers\PackingController->importPDK()
 3 SYSTEMPATH\CodeIgniter.php(502): CodeIgniter\CodeIgniter->runController(Object(App\Controllers\PackingController))
 4 SYSTEMPATH\CodeIgniter.php(361): CodeIgniter\CodeIgniter->handleRequest(null, Object(Config\Cache), false)
 5 FCPATH\index.php(79): CodeIgniter\CodeIgniter->run()
 6 SYSTEMPATH\Commands\Server\rewrite.php(47): require_once('C:\\xampp\\htdocs\\rekappacking\\public\\index.php')
WARNING - 2023-12-29 17:47:32 --> [DEPRECATED] date_create_from_format(): Passing null to parameter #2 ($datetime) of type string is deprecated in APPPATH\Controllers\PackingController.php on line 90.
 1 APPPATH\Controllers\PackingController.php(90): date_create_from_format('Y-m-d', null)
 2 SYSTEMPATH\CodeIgniter.php(942): App\Controllers\PackingController->importPDK()
 3 SYSTEMPATH\CodeIgniter.php(502): CodeIgniter\CodeIgniter->runController(Object(App\Controllers\PackingController))
 4 SYSTEMPATH\CodeIgniter.php(361): CodeIgniter\CodeIgniter->handleRequest(null, Object(Config\Cache), false)
 5 FCPATH\index.php(79): CodeIgniter\CodeIgniter->run()
 6 SYSTEMPATH\Commands\Server\rewrite.php(47): require_once('C:\\xampp\\htdocs\\rekappacking\\public\\index.php')
WARNING - 2023-12-29 17:47:32 --> [DEPRECATED] date_create_from_format(): Passing null to parameter #2 ($datetime) of type string is deprecated in APPPATH\Controllers\PackingController.php on line 90.
 1 APPPATH\Controllers\PackingController.php(90): date_create_from_format('Y-m-d', null)
 2 SYSTEMPATH\CodeIgniter.php(942): App\Controllers\PackingController->importPDK()
 3 SYSTEMPATH\CodeIgniter.php(502): CodeIgniter\CodeIgniter->runController(Object(App\Controllers\PackingController))
 4 SYSTEMPATH\CodeIgniter.php(361): CodeIgniter\CodeIgniter->handleRequest(null, Object(Config\Cache), false)
 5 FCPATH\index.php(79): CodeIgniter\CodeIgniter->run()
 6 SYSTEMPATH\Commands\Server\rewrite.php(47): require_once('C:\\xampp\\htdocs\\rekappacking\\public\\index.php')
INFO - 2023-12-29 17:47:32 --> Session: Class initialized using 'CodeIgniter\Session\Handlers\FileHandler' driver.
INFO - 2023-12-29 17:48:21 --> Session: Class initialized using 'CodeIgniter\Session\Handlers\FileHandler' driver.
INFO - 2023-12-29 17:48:33 --> Session: Class initialized using 'CodeIgniter\Session\Handlers\FileHandler' driver.
WARNING - 2023-12-29 17:48:33 --> [DEPRECATED] date_create_from_format(): Passing null to parameter #2 ($datetime) of type string is deprecated in APPPATH\Controllers\PackingController.php on line 90.
 1 APPPATH\Controllers\PackingController.php(90): date_create_from_format('Y-m-d', null)
 2 SYSTEMPATH\CodeIgniter.php(942): App\Controllers\PackingController->importPDK()
 3 SYSTEMPATH\CodeIgniter.php(502): CodeIgniter\CodeIgniter->runController(Object(App\Controllers\PackingController))
 4 SYSTEMPATH\CodeIgniter.php(361): CodeIgniter\CodeIgniter->handleRequest(null, Object(Config\Cache), false)
 5 FCPATH\index.php(79): CodeIgniter\CodeIgniter->run()
 6 SYSTEMPATH\Commands\Server\rewrite.php(47): require_once('C:\\xampp\\htdocs\\rekappacking\\public\\index.php')
WARNING - 2023-12-29 17:48:33 --> [DEPRECATED] date_create_from_format(): Passing null to parameter #2 ($datetime) of type string is deprecated in APPPATH\Controllers\PackingController.php on line 90.
 1 APPPATH\Controllers\PackingController.php(90): date_create_from_format('Y-m-d', null)
 2 SYSTEMPATH\CodeIgniter.php(942): App\Controllers\PackingController->importPDK()
 3 SYSTEMPATH\CodeIgniter.php(502): CodeIgniter\CodeIgniter->runController(Object(App\Controllers\PackingController))
 4 SYSTEMPATH\CodeIgniter.php(361): CodeIgniter\CodeIgniter->handleRequest(null, Object(Config\Cache), false)
 5 FCPATH\index.php(79): CodeIgniter\CodeIgniter->run()
 6 SYSTEMPATH\Commands\Server\rewrite.php(47): require_once('C:\\xampp\\htdocs\\rekappacking\\public\\index.php')
WARNING - 2023-12-29 17:48:33 --> [DEPRECATED] date_create_from_format(): Passing null to parameter #2 ($datetime) of type string is deprecated in APPPATH\Controllers\PackingController.php on line 90.
 1 APPPATH\Controllers\PackingController.php(90): date_create_from_format('Y-m-d', null)
 2 SYSTEMPATH\CodeIgniter.php(942): App\Controllers\PackingController->importPDK()
 3 SYSTEMPATH\CodeIgniter.php(502): CodeIgniter\CodeIgniter->runController(Object(App\Controllers\PackingController))
 4 SYSTEMPATH\CodeIgniter.php(361): CodeIgniter\CodeIgniter->handleRequest(null, Object(Config\Cache), false)
 5 FCPATH\index.php(79): CodeIgniter\CodeIgniter->run()
 6 SYSTEMPATH\Commands\Server\rewrite.php(47): require_once('C:\\xampp\\htdocs\\rekappacking\\public\\index.php')
WARNING - 2023-12-29 17:48:33 --> [DEPRECATED] date_create_from_format(): Passing null to parameter #2 ($datetime) of type string is deprecated in APPPATH\Controllers\PackingController.php on line 90.
 1 APPPATH\Controllers\PackingController.php(90): date_create_from_format('Y-m-d', null)
 2 SYSTEMPATH\CodeIgniter.php(942): App\Controllers\PackingController->importPDK()
 3 SYSTEMPATH\CodeIgniter.php(502): CodeIgniter\CodeIgniter->runController(Object(App\Controllers\PackingController))
 4 SYSTEMPATH\CodeIgniter.php(361): CodeIgniter\CodeIgniter->handleRequest(null, Object(Config\Cache), false)
 5 FCPATH\index.php(79): CodeIgniter\CodeIgniter->run()
 6 SYSTEMPATH\Commands\Server\rewrite.php(47): require_once('C:\\xampp\\htdocs\\rekappacking\\public\\index.php')
WARNING - 2023-12-29 17:48:33 --> [DEPRECATED] date_create_from_format(): Passing null to parameter #2 ($datetime) of type string is deprecated in APPPATH\Controllers\PackingController.php on line 90.
 1 APPPATH\Controllers\PackingController.php(90): date_create_from_format('Y-m-d', null)
 2 SYSTEMPATH\CodeIgniter.php(942): App\Controllers\PackingController->importPDK()
 3 SYSTEMPATH\CodeIgniter.php(502): CodeIgniter\CodeIgniter->runController(Object(App\Controllers\PackingController))
 4 SYSTEMPATH\CodeIgniter.php(361): CodeIgniter\CodeIgniter->handleRequest(null, Object(Config\Cache), false)
 5 FCPATH\index.php(79): CodeIgniter\CodeIgniter->run()
 6 SYSTEMPATH\Commands\Server\rewrite.php(47): require_once('C:\\xampp\\htdocs\\rekappacking\\public\\index.php')
WARNING - 2023-12-29 17:48:33 --> [DEPRECATED] date_create_from_format(): Passing null to parameter #2 ($datetime) of type string is deprecated in APPPATH\Controllers\PackingController.php on line 90.
 1 APPPATH\Controllers\PackingController.php(90): date_create_from_format('Y-m-d', null)
 2 SYSTEMPATH\CodeIgniter.php(942): App\Controllers\PackingController->importPDK()
 3 SYSTEMPATH\CodeIgniter.php(502): CodeIgniter\CodeIgniter->runController(Object(App\Controllers\PackingController))
 4 SYSTEMPATH\CodeIgniter.php(361): CodeIgniter\CodeIgniter->handleRequest(null, Object(Config\Cache), false)
 5 FCPATH\index.php(79): CodeIgniter\CodeIgniter->run()
 6 SYSTEMPATH\Commands\Server\rewrite.php(47): require_once('C:\\xampp\\htdocs\\rekappacking\\public\\index.php')
WARNING - 2023-12-29 17:48:33 --> [DEPRECATED] date_create_from_format(): Passing null to parameter #2 ($datetime) of type string is deprecated in APPPATH\Controllers\PackingController.php on line 90.
 1 APPPATH\Controllers\PackingController.php(90): date_create_from_format('Y-m-d', null)
 2 SYSTEMPATH\CodeIgniter.php(942): App\Controllers\PackingController->importPDK()
 3 SYSTEMPATH\CodeIgniter.php(502): CodeIgniter\CodeIgniter->runController(Object(App\Controllers\PackingController))
 4 SYSTEMPATH\CodeIgniter.php(361): CodeIgniter\CodeIgniter->handleRequest(null, Object(Config\Cache), false)
 5 FCPATH\index.php(79): CodeIgniter\CodeIgniter->run()
 6 SYSTEMPATH\Commands\Server\rewrite.php(47): require_once('C:\\xampp\\htdocs\\rekappacking\\public\\index.php')
WARNING - 2023-12-29 17:48:33 --> [DEPRECATED] date_create_from_format(): Passing null to parameter #2 ($datetime) of type string is deprecated in APPPATH\Controllers\PackingController.php on line 90.
 1 APPPATH\Controllers\PackingController.php(90): date_create_from_format('Y-m-d', null)
 2 SYSTEMPATH\CodeIgniter.php(942): App\Controllers\PackingController->importPDK()
 3 SYSTEMPATH\CodeIgniter.php(502): CodeIgniter\CodeIgniter->runController(Object(App\Controllers\PackingController))
 4 SYSTEMPATH\CodeIgniter.php(361): CodeIgniter\CodeIgniter->handleRequest(null, Object(Config\Cache), false)
 5 FCPATH\index.php(79): CodeIgniter\CodeIgniter->run()
 6 SYSTEMPATH\Commands\Server\rewrite.php(47): require_once('C:\\xampp\\htdocs\\rekappacking\\public\\index.php')
WARNING - 2023-12-29 17:48:33 --> [DEPRECATED] date_create_from_format(): Passing null to parameter #2 ($datetime) of type string is deprecated in APPPATH\Controllers\PackingController.php on line 90.
 1 APPPATH\Controllers\PackingController.php(90): date_create_from_format('Y-m-d', null)
 2 SYSTEMPATH\CodeIgniter.php(942): App\Controllers\PackingController->importPDK()
 3 SYSTEMPATH\CodeIgniter.php(502): CodeIgniter\CodeIgniter->runController(Object(App\Controllers\PackingController))
 4 SYSTEMPATH\CodeIgniter.php(361): CodeIgniter\CodeIgniter->handleRequest(null, Object(Config\Cache), false)
 5 FCPATH\index.php(79): CodeIgniter\CodeIgniter->run()
 6 SYSTEMPATH\Commands\Server\rewrite.php(47): require_once('C:\\xampp\\htdocs\\rekappacking\\public\\index.php')
WARNING - 2023-12-29 17:48:33 --> [DEPRECATED] date_create_from_format(): Passing null to parameter #2 ($datetime) of type string is deprecated in APPPATH\Controllers\PackingController.php on line 90.
 1 APPPATH\Controllers\PackingController.php(90): date_create_from_format('Y-m-d', null)
 2 SYSTEMPATH\CodeIgniter.php(942): App\Controllers\PackingController->importPDK()
 3 SYSTEMPATH\CodeIgniter.php(502): CodeIgniter\CodeIgniter->runController(Object(App\Controllers\PackingController))
 4 SYSTEMPATH\CodeIgniter.php(361): CodeIgniter\CodeIgniter->handleRequest(null, Object(Config\Cache), false)
 5 FCPATH\index.php(79): CodeIgniter\CodeIgniter->run()
 6 SYSTEMPATH\Commands\Server\rewrite.php(47): require_once('C:\\xampp\\htdocs\\rekappacking\\public\\index.php')
WARNING - 2023-12-29 17:48:33 --> [DEPRECATED] date_create_from_format(): Passing null to parameter #2 ($datetime) of type string is deprecated in APPPATH\Controllers\PackingController.php on line 90.
 1 APPPATH\Controllers\PackingController.php(90): date_create_from_format('Y-m-d', null)
 2 SYSTEMPATH\CodeIgniter.php(942): App\Controllers\PackingController->importPDK()
 3 SYSTEMPATH\CodeIgniter.php(502): CodeIgniter\CodeIgniter->runController(Object(App\Controllers\PackingController))
 4 SYSTEMPATH\CodeIgniter.php(361): CodeIgniter\CodeIgniter->handleRequest(null, Object(Config\Cache), false)
 5 FCPATH\index.php(79): CodeIgniter\CodeIgniter->run()
 6 SYSTEMPATH\Commands\Server\rewrite.php(47): require_once('C:\\xampp\\htdocs\\rekappacking\\public\\index.php')
WARNING - 2023-12-29 17:48:33 --> [DEPRECATED] date_create_from_format(): Passing null to parameter #2 ($datetime) of type string is deprecated in APPPATH\Controllers\PackingController.php on line 90.
 1 APPPATH\Controllers\PackingController.php(90): date_create_from_format('Y-m-d', null)
 2 SYSTEMPATH\CodeIgniter.php(942): App\Controllers\PackingController->importPDK()
 3 SYSTEMPATH\CodeIgniter.php(502): CodeIgniter\CodeIgniter->runController(Object(App\Controllers\PackingController))
 4 SYSTEMPATH\CodeIgniter.php(361): CodeIgniter\CodeIgniter->handleRequest(null, Object(Config\Cache), false)
 5 FCPATH\index.php(79): CodeIgniter\CodeIgniter->run()
 6 SYSTEMPATH\Commands\Server\rewrite.php(47): require_once('C:\\xampp\\htdocs\\rekappacking\\public\\index.php')
WARNING - 2023-12-29 17:48:33 --> [DEPRECATED] date_create_from_format(): Passing null to parameter #2 ($datetime) of type string is deprecated in APPPATH\Controllers\PackingController.php on line 90.
 1 APPPATH\Controllers\PackingController.php(90): date_create_from_format('Y-m-d', null)
 2 SYSTEMPATH\CodeIgniter.php(942): App\Controllers\PackingController->importPDK()
 3 SYSTEMPATH\CodeIgniter.php(502): CodeIgniter\CodeIgniter->runController(Object(App\Controllers\PackingController))
 4 SYSTEMPATH\CodeIgniter.php(361): CodeIgniter\CodeIgniter->handleRequest(null, Object(Config\Cache), false)
 5 FCPATH\index.php(79): CodeIgniter\CodeIgniter->run()
 6 SYSTEMPATH\Commands\Server\rewrite.php(47): require_once('C:\\xampp\\htdocs\\rekappacking\\public\\index.php')
WARNING - 2023-12-29 17:48:33 --> [DEPRECATED] date_create_from_format(): Passing null to parameter #2 ($datetime) of type string is deprecated in APPPATH\Controllers\PackingController.php on line 90.
 1 APPPATH\Controllers\PackingController.php(90): date_create_from_format('Y-m-d', null)
 2 SYSTEMPATH\CodeIgniter.php(942): App\Controllers\PackingController->importPDK()
 3 SYSTEMPATH\CodeIgniter.php(502): CodeIgniter\CodeIgniter->runController(Object(App\Controllers\PackingController))
 4 SYSTEMPATH\CodeIgniter.php(361): CodeIgniter\CodeIgniter->handleRequest(null, Object(Config\Cache), false)
 5 FCPATH\index.php(79): CodeIgniter\CodeIgniter->run()
 6 SYSTEMPATH\Commands\Server\rewrite.php(47): require_once('C:\\xampp\\htdocs\\rekappacking\\public\\index.php')
WARNING - 2023-12-29 17:48:33 --> [DEPRECATED] date_create_from_format(): Passing null to parameter #2 ($datetime) of type string is deprecated in APPPATH\Controllers\PackingController.php on line 90.
 1 APPPATH\Controllers\PackingController.php(90): date_create_from_format('Y-m-d', null)
 2 SYSTEMPATH\CodeIgniter.php(942): App\Controllers\PackingController->importPDK()
 3 SYSTEMPATH\CodeIgniter.php(502): CodeIgniter\CodeIgniter->runController(Object(App\Controllers\PackingController))
 4 SYSTEMPATH\CodeIgniter.php(361): CodeIgniter\CodeIgniter->handleRequest(null, Object(Config\Cache), false)
 5 FCPATH\index.php(79): CodeIgniter\CodeIgniter->run()
 6 SYSTEMPATH\Commands\Server\rewrite.php(47): require_once('C:\\xampp\\htdocs\\rekappacking\\public\\index.php')
WARNING - 2023-12-29 17:48:33 --> [DEPRECATED] date_create_from_format(): Passing null to parameter #2 ($datetime) of type string is deprecated in APPPATH\Controllers\PackingController.php on line 90.
 1 APPPATH\Controllers\PackingController.php(90): date_create_from_format('Y-m-d', null)
 2 SYSTEMPATH\CodeIgniter.php(942): App\Controllers\PackingController->importPDK()
 3 SYSTEMPATH\CodeIgniter.php(502): CodeIgniter\CodeIgniter->runController(Object(App\Controllers\PackingController))
 4 SYSTEMPATH\CodeIgniter.php(361): CodeIgniter\CodeIgniter->handleRequest(null, Object(Config\Cache), false)
 5 FCPATH\index.php(79): CodeIgniter\CodeIgniter->run()
 6 SYSTEMPATH\Commands\Server\rewrite.php(47): require_once('C:\\xampp\\htdocs\\rekappacking\\public\\index.php')
WARNING - 2023-12-29 17:48:33 --> [DEPRECATED] date_create_from_format(): Passing null to parameter #2 ($datetime) of type string is deprecated in APPPATH\Controllers\PackingController.php on line 90.
 1 APPPATH\Controllers\PackingController.php(90): date_create_from_format('Y-m-d', null)
 2 SYSTEMPATH\CodeIgniter.php(942): App\Controllers\PackingController->importPDK()
 3 SYSTEMPATH\CodeIgniter.php(502): CodeIgniter\CodeIgniter->runController(Object(App\Controllers\PackingController))
 4 SYSTEMPATH\CodeIgniter.php(361): CodeIgniter\CodeIgniter->handleRequest(null, Object(Config\Cache), false)
 5 FCPATH\index.php(79): CodeIgniter\CodeIgniter->run()
 6 SYSTEMPATH\Commands\Server\rewrite.php(47): require_once('C:\\xampp\\htdocs\\rekappacking\\public\\index.php')
WARNING - 2023-12-29 17:48:33 --> [DEPRECATED] date_create_from_format(): Passing null to parameter #2 ($datetime) of type string is deprecated in APPPATH\Controllers\PackingController.php on line 90.
 1 APPPATH\Controllers\PackingController.php(90): date_create_from_format('Y-m-d', null)
 2 SYSTEMPATH\CodeIgniter.php(942): App\Controllers\PackingController->importPDK()
 3 SYSTEMPATH\CodeIgniter.php(502): CodeIgniter\CodeIgniter->runController(Object(App\Controllers\PackingController))
 4 SYSTEMPATH\CodeIgniter.php(361): CodeIgniter\CodeIgniter->handleRequest(null, Object(Config\Cache), false)
 5 FCPATH\index.php(79): CodeIgniter\CodeIgniter->run()
 6 SYSTEMPATH\Commands\Server\rewrite.php(47): require_once('C:\\xampp\\htdocs\\rekappacking\\public\\index.php')
WARNING - 2023-12-29 17:48:33 --> [DEPRECATED] date_create_from_format(): Passing null to parameter #2 ($datetime) of type string is deprecated in APPPATH\Controllers\PackingController.php on line 90.
 1 APPPATH\Controllers\PackingController.php(90): date_create_from_format('Y-m-d', null)
 2 SYSTEMPATH\CodeIgniter.php(942): App\Controllers\PackingController->importPDK()
 3 SYSTEMPATH\CodeIgniter.php(502): CodeIgniter\CodeIgniter->runController(Object(App\Controllers\PackingController))
 4 SYSTEMPATH\CodeIgniter.php(361): CodeIgniter\CodeIgniter->handleRequest(null, Object(Config\Cache), false)
 5 FCPATH\index.php(79): CodeIgniter\CodeIgniter->run()
 6 SYSTEMPATH\Commands\Server\rewrite.php(47): require_once('C:\\xampp\\htdocs\\rekappacking\\public\\index.php')
WARNING - 2023-12-29 17:48:33 --> [DEPRECATED] date_create_from_format(): Passing null to parameter #2 ($datetime) of type string is deprecated in APPPATH\Controllers\PackingController.php on line 90.
 1 APPPATH\Controllers\PackingController.php(90): date_create_from_format('Y-m-d', null)
 2 SYSTEMPATH\CodeIgniter.php(942): App\Controllers\PackingController->importPDK()
 3 SYSTEMPATH\CodeIgniter.php(502): CodeIgniter\CodeIgniter->runController(Object(App\Controllers\PackingController))
 4 SYSTEMPATH\CodeIgniter.php(361): CodeIgniter\CodeIgniter->handleRequest(null, Object(Config\Cache), false)
 5 FCPATH\index.php(79): CodeIgniter\CodeIgniter->run()
 6 SYSTEMPATH\Commands\Server\rewrite.php(47): require_once('C:\\xampp\\htdocs\\rekappacking\\public\\index.php')
WARNING - 2023-12-29 17:48:33 --> [DEPRECATED] date_create_from_format(): Passing null to parameter #2 ($datetime) of type string is deprecated in APPPATH\Controllers\PackingController.php on line 90.
 1 APPPATH\Controllers\PackingController.php(90): date_create_from_format('Y-m-d', null)
 2 SYSTEMPATH\CodeIgniter.php(942): App\Controllers\PackingController->importPDK()
 3 SYSTEMPATH\CodeIgniter.php(502): CodeIgniter\CodeIgniter->runController(Object(App\Controllers\PackingController))
 4 SYSTEMPATH\CodeIgniter.php(361): CodeIgniter\CodeIgniter->handleRequest(null, Object(Config\Cache), false)
 5 FCPATH\index.php(79): CodeIgniter\CodeIgniter->run()
 6 SYSTEMPATH\Commands\Server\rewrite.php(47): require_once('C:\\xampp\\htdocs\\rekappacking\\public\\index.php')
INFO - 2023-12-29 17:48:33 --> Session: Class initialized using 'CodeIgniter\Session\Handlers\FileHandler' driver.
INFO - 2023-12-29 17:50:07 --> Session: Class initialized using 'CodeIgniter\Session\Handlers\FileHandler' driver.
INFO - 2023-12-29 17:50:14 --> Session: Class initialized using 'CodeIgniter\Session\Handlers\FileHandler' driver.
INFO - 2023-12-29 17:51:27 --> Session: Class initialized using 'CodeIgniter\Session\Handlers\FileHandler' driver.
INFO - 2023-12-29 17:51:28 --> Session: Class initialized using 'CodeIgniter\Session\Handlers\FileHandler' driver.
INFO - 2023-12-29 17:51:33 --> Session: Class initialized using 'CodeIgniter\Session\Handlers\FileHandler' driver.
WARNING - 2023-12-29 17:51:33 --> [DEPRECATED] date_create_from_format(): Passing null to parameter #2 ($datetime) of type string is deprecated in APPPATH\Controllers\PackingController.php on line 90.
 1 APPPATH\Controllers\PackingController.php(90): date_create_from_format('Y-m-d', null)
 2 SYSTEMPATH\CodeIgniter.php(942): App\Controllers\PackingController->importPDK()
 3 SYSTEMPATH\CodeIgniter.php(502): CodeIgniter\CodeIgniter->runController(Object(App\Controllers\PackingController))
 4 SYSTEMPATH\CodeIgniter.php(361): CodeIgniter\CodeIgniter->handleRequest(null, Object(Config\Cache), false)
 5 FCPATH\index.php(79): CodeIgniter\CodeIgniter->run()
 6 SYSTEMPATH\Commands\Server\rewrite.php(47): require_once('C:\\xampp\\htdocs\\rekappacking\\public\\index.php')
WARNING - 2023-12-29 17:51:33 --> [DEPRECATED] date_create_from_format(): Passing null to parameter #2 ($datetime) of type string is deprecated in APPPATH\Controllers\PackingController.php on line 90.
 1 APPPATH\Controllers\PackingController.php(90): date_create_from_format('Y-m-d', null)
 2 SYSTEMPATH\CodeIgniter.php(942): App\Controllers\PackingController->importPDK()
 3 SYSTEMPATH\CodeIgniter.php(502): CodeIgniter\CodeIgniter->runController(Object(App\Controllers\PackingController))
 4 SYSTEMPATH\CodeIgniter.php(361): CodeIgniter\CodeIgniter->handleRequest(null, Object(Config\Cache), false)
 5 FCPATH\index.php(79): CodeIgniter\CodeIgniter->run()
 6 SYSTEMPATH\Commands\Server\rewrite.php(47): require_once('C:\\xampp\\htdocs\\rekappacking\\public\\index.php')
WARNING - 2023-12-29 17:51:33 --> [DEPRECATED] date_create_from_format(): Passing null to parameter #2 ($datetime) of type string is deprecated in APPPATH\Controllers\PackingController.php on line 90.
 1 APPPATH\Controllers\PackingController.php(90): date_create_from_format('Y-m-d', null)
 2 SYSTEMPATH\CodeIgniter.php(942): App\Controllers\PackingController->importPDK()
 3 SYSTEMPATH\CodeIgniter.php(502): CodeIgniter\CodeIgniter->runController(Object(App\Controllers\PackingController))
 4 SYSTEMPATH\CodeIgniter.php(361): CodeIgniter\CodeIgniter->handleRequest(null, Object(Config\Cache), false)
 5 FCPATH\index.php(79): CodeIgniter\CodeIgniter->run()
 6 SYSTEMPATH\Commands\Server\rewrite.php(47): require_once('C:\\xampp\\htdocs\\rekappacking\\public\\index.php')
WARNING - 2023-12-29 17:51:33 --> [DEPRECATED] date_create_from_format(): Passing null to parameter #2 ($datetime) of type string is deprecated in APPPATH\Controllers\PackingController.php on line 90.
 1 APPPATH\Controllers\PackingController.php(90): date_create_from_format('Y-m-d', null)
 2 SYSTEMPATH\CodeIgniter.php(942): App\Controllers\PackingController->importPDK()
 3 SYSTEMPATH\CodeIgniter.php(502): CodeIgniter\CodeIgniter->runController(Object(App\Controllers\PackingController))
 4 SYSTEMPATH\CodeIgniter.php(361): CodeIgniter\CodeIgniter->handleRequest(null, Object(Config\Cache), false)
 5 FCPATH\index.php(79): CodeIgniter\CodeIgniter->run()
 6 SYSTEMPATH\Commands\Server\rewrite.php(47): require_once('C:\\xampp\\htdocs\\rekappacking\\public\\index.php')
WARNING - 2023-12-29 17:51:33 --> [DEPRECATED] date_create_from_format(): Passing null to parameter #2 ($datetime) of type string is deprecated in APPPATH\Controllers\PackingController.php on line 90.
 1 APPPATH\Controllers\PackingController.php(90): date_create_from_format('Y-m-d', null)
 2 SYSTEMPATH\CodeIgniter.php(942): App\Controllers\PackingController->importPDK()
 3 SYSTEMPATH\CodeIgniter.php(502): CodeIgniter\CodeIgniter->runController(Object(App\Controllers\PackingController))
 4 SYSTEMPATH\CodeIgniter.php(361): CodeIgniter\CodeIgniter->handleRequest(null, Object(Config\Cache), false)
 5 FCPATH\index.php(79): CodeIgniter\CodeIgniter->run()
 6 SYSTEMPATH\Commands\Server\rewrite.php(47): require_once('C:\\xampp\\htdocs\\rekappacking\\public\\index.php')
WARNING - 2023-12-29 17:51:33 --> [DEPRECATED] date_create_from_format(): Passing null to parameter #2 ($datetime) of type string is deprecated in APPPATH\Controllers\PackingController.php on line 90.
 1 APPPATH\Controllers\PackingController.php(90): date_create_from_format('Y-m-d', null)
 2 SYSTEMPATH\CodeIgniter.php(942): App\Controllers\PackingController->importPDK()
 3 SYSTEMPATH\CodeIgniter.php(502): CodeIgniter\CodeIgniter->runController(Object(App\Controllers\PackingController))
 4 SYSTEMPATH\CodeIgniter.php(361): CodeIgniter\CodeIgniter->handleRequest(null, Object(Config\Cache), false)
 5 FCPATH\index.php(79): CodeIgniter\CodeIgniter->run()
 6 SYSTEMPATH\Commands\Server\rewrite.php(47): require_once('C:\\xampp\\htdocs\\rekappacking\\public\\index.php')
WARNING - 2023-12-29 17:51:33 --> [DEPRECATED] date_create_from_format(): Passing null to parameter #2 ($datetime) of type string is deprecated in APPPATH\Controllers\PackingController.php on line 90.
 1 APPPATH\Controllers\PackingController.php(90): date_create_from_format('Y-m-d', null)
 2 SYSTEMPATH\CodeIgniter.php(942): App\Controllers\PackingController->importPDK()
 3 SYSTEMPATH\CodeIgniter.php(502): CodeIgniter\CodeIgniter->runController(Object(App\Controllers\PackingController))
 4 SYSTEMPATH\CodeIgniter.php(361): CodeIgniter\CodeIgniter->handleRequest(null, Object(Config\Cache), false)
 5 FCPATH\index.php(79): CodeIgniter\CodeIgniter->run()
 6 SYSTEMPATH\Commands\Server\rewrite.php(47): require_once('C:\\xampp\\htdocs\\rekappacking\\public\\index.php')
WARNING - 2023-12-29 17:51:33 --> [DEPRECATED] date_create_from_format(): Passing null to parameter #2 ($datetime) of type string is deprecated in APPPATH\Controllers\PackingController.php on line 90.
 1 APPPATH\Controllers\PackingController.php(90): date_create_from_format('Y-m-d', null)
 2 SYSTEMPATH\CodeIgniter.php(942): App\Controllers\PackingController->importPDK()
 3 SYSTEMPATH\CodeIgniter.php(502): CodeIgniter\CodeIgniter->runController(Object(App\Controllers\PackingController))
 4 SYSTEMPATH\CodeIgniter.php(361): CodeIgniter\CodeIgniter->handleRequest(null, Object(Config\Cache), false)
 5 FCPATH\index.php(79): CodeIgniter\CodeIgniter->run()
 6 SYSTEMPATH\Commands\Server\rewrite.php(47): require_once('C:\\xampp\\htdocs\\rekappacking\\public\\index.php')
WARNING - 2023-12-29 17:51:33 --> [DEPRECATED] date_create_from_format(): Passing null to parameter #2 ($datetime) of type string is deprecated in APPPATH\Controllers\PackingController.php on line 90.
 1 APPPATH\Controllers\PackingController.php(90): date_create_from_format('Y-m-d', null)
 2 SYSTEMPATH\CodeIgniter.php(942): App\Controllers\PackingController->importPDK()
 3 SYSTEMPATH\CodeIgniter.php(502): CodeIgniter\CodeIgniter->runController(Object(App\Controllers\PackingController))
 4 SYSTEMPATH\CodeIgniter.php(361): CodeIgniter\CodeIgniter->handleRequest(null, Object(Config\Cache), false)
 5 FCPATH\index.php(79): CodeIgniter\CodeIgniter->run()
 6 SYSTEMPATH\Commands\Server\rewrite.php(47): require_once('C:\\xampp\\htdocs\\rekappacking\\public\\index.php')
WARNING - 2023-12-29 17:51:33 --> [DEPRECATED] date_create_from_format(): Passing null to parameter #2 ($datetime) of type string is deprecated in APPPATH\Controllers\PackingController.php on line 90.
 1 APPPATH\Controllers\PackingController.php(90): date_create_from_format('Y-m-d', null)
 2 SYSTEMPATH\CodeIgniter.php(942): App\Controllers\PackingController->importPDK()
 3 SYSTEMPATH\CodeIgniter.php(502): CodeIgniter\CodeIgniter->runController(Object(App\Controllers\PackingController))
 4 SYSTEMPATH\CodeIgniter.php(361): CodeIgniter\CodeIgniter->handleRequest(null, Object(Config\Cache), false)
 5 FCPATH\index.php(79): CodeIgniter\CodeIgniter->run()
 6 SYSTEMPATH\Commands\Server\rewrite.php(47): require_once('C:\\xampp\\htdocs\\rekappacking\\public\\index.php')
WARNING - 2023-12-29 17:51:33 --> [DEPRECATED] date_create_from_format(): Passing null to parameter #2 ($datetime) of type string is deprecated in APPPATH\Controllers\PackingController.php on line 90.
 1 APPPATH\Controllers\PackingController.php(90): date_create_from_format('Y-m-d', null)
 2 SYSTEMPATH\CodeIgniter.php(942): App\Controllers\PackingController->importPDK()
 3 SYSTEMPATH\CodeIgniter.php(502): CodeIgniter\CodeIgniter->runController(Object(App\Controllers\PackingController))
 4 SYSTEMPATH\CodeIgniter.php(361): CodeIgniter\CodeIgniter->handleRequest(null, Object(Config\Cache), false)
 5 FCPATH\index.php(79): CodeIgniter\CodeIgniter->run()
 6 SYSTEMPATH\Commands\Server\rewrite.php(47): require_once('C:\\xampp\\htdocs\\rekappacking\\public\\index.php')
WARNING - 2023-12-29 17:51:33 --> [DEPRECATED] date_create_from_format(): Passing null to parameter #2 ($datetime) of type string is deprecated in APPPATH\Controllers\PackingController.php on line 90.
 1 APPPATH\Controllers\PackingController.php(90): date_create_from_format('Y-m-d', null)
 2 SYSTEMPATH\CodeIgniter.php(942): App\Controllers\PackingController->importPDK()
 3 SYSTEMPATH\CodeIgniter.php(502): CodeIgniter\CodeIgniter->runController(Object(App\Controllers\PackingController))
 4 SYSTEMPATH\CodeIgniter.php(361): CodeIgniter\CodeIgniter->handleRequest(null, Object(Config\Cache), false)
 5 FCPATH\index.php(79): CodeIgniter\CodeIgniter->run()
 6 SYSTEMPATH\Commands\Server\rewrite.php(47): require_once('C:\\xampp\\htdocs\\rekappacking\\public\\index.php')
WARNING - 2023-12-29 17:51:33 --> [DEPRECATED] date_create_from_format(): Passing null to parameter #2 ($datetime) of type string is deprecated in APPPATH\Controllers\PackingController.php on line 90.
 1 APPPATH\Controllers\PackingController.php(90): date_create_from_format('Y-m-d', null)
 2 SYSTEMPATH\CodeIgniter.php(942): App\Controllers\PackingController->importPDK()
 3 SYSTEMPATH\CodeIgniter.php(502): CodeIgniter\CodeIgniter->runController(Object(App\Controllers\PackingController))
 4 SYSTEMPATH\CodeIgniter.php(361): CodeIgniter\CodeIgniter->handleRequest(null, Object(Config\Cache), false)
 5 FCPATH\index.php(79): CodeIgniter\CodeIgniter->run()
 6 SYSTEMPATH\Commands\Server\rewrite.php(47): require_once('C:\\xampp\\htdocs\\rekappacking\\public\\index.php')
WARNING - 2023-12-29 17:51:33 --> [DEPRECATED] date_create_from_format(): Passing null to parameter #2 ($datetime) of type string is deprecated in APPPATH\Controllers\PackingController.php on line 90.
 1 APPPATH\Controllers\PackingController.php(90): date_create_from_format('Y-m-d', null)
 2 SYSTEMPATH\CodeIgniter.php(942): App\Controllers\PackingController->importPDK()
 3 SYSTEMPATH\CodeIgniter.php(502): CodeIgniter\CodeIgniter->runController(Object(App\Controllers\PackingController))
 4 SYSTEMPATH\CodeIgniter.php(361): CodeIgniter\CodeIgniter->handleRequest(null, Object(Config\Cache), false)
 5 FCPATH\index.php(79): CodeIgniter\CodeIgniter->run()
 6 SYSTEMPATH\Commands\Server\rewrite.php(47): require_once('C:\\xampp\\htdocs\\rekappacking\\public\\index.php')
WARNING - 2023-12-29 17:51:33 --> [DEPRECATED] date_create_from_format(): Passing null to parameter #2 ($datetime) of type string is deprecated in APPPATH\Controllers\PackingController.php on line 90.
 1 APPPATH\Controllers\PackingController.php(90): date_create_from_format('Y-m-d', null)
 2 SYSTEMPATH\CodeIgniter.php(942): App\Controllers\PackingController->importPDK()
 3 SYSTEMPATH\CodeIgniter.php(502): CodeIgniter\CodeIgniter->runController(Object(App\Controllers\PackingController))
 4 SYSTEMPATH\CodeIgniter.php(361): CodeIgniter\CodeIgniter->handleRequest(null, Object(Config\Cache), false)
 5 FCPATH\index.php(79): CodeIgniter\CodeIgniter->run()
 6 SYSTEMPATH\Commands\Server\rewrite.php(47): require_once('C:\\xampp\\htdocs\\rekappacking\\public\\index.php')
WARNING - 2023-12-29 17:51:33 --> [DEPRECATED] date_create_from_format(): Passing null to parameter #2 ($datetime) of type string is deprecated in APPPATH\Controllers\PackingController.php on line 90.
 1 APPPATH\Controllers\PackingController.php(90): date_create_from_format('Y-m-d', null)
 2 SYSTEMPATH\CodeIgniter.php(942): App\Controllers\PackingController->importPDK()
 3 SYSTEMPATH\CodeIgniter.php(502): CodeIgniter\CodeIgniter->runController(Object(App\Controllers\PackingController))
 4 SYSTEMPATH\CodeIgniter.php(361): CodeIgniter\CodeIgniter->handleRequest(null, Object(Config\Cache), false)
 5 FCPATH\index.php(79): CodeIgniter\CodeIgniter->run()
 6 SYSTEMPATH\Commands\Server\rewrite.php(47): require_once('C:\\xampp\\htdocs\\rekappacking\\public\\index.php')
WARNING - 2023-12-29 17:51:33 --> [DEPRECATED] date_create_from_format(): Passing null to parameter #2 ($datetime) of type string is deprecated in APPPATH\Controllers\PackingController.php on line 90.
 1 APPPATH\Controllers\PackingController.php(90): date_create_from_format('Y-m-d', null)
 2 SYSTEMPATH\CodeIgniter.php(942): App\Controllers\PackingController->importPDK()
 3 SYSTEMPATH\CodeIgniter.php(502): CodeIgniter\CodeIgniter->runController(Object(App\Controllers\PackingController))
 4 SYSTEMPATH\CodeIgniter.php(361): CodeIgniter\CodeIgniter->handleRequest(null, Object(Config\Cache), false)
 5 FCPATH\index.php(79): CodeIgniter\CodeIgniter->run()
 6 SYSTEMPATH\Commands\Server\rewrite.php(47): require_once('C:\\xampp\\htdocs\\rekappacking\\public\\index.php')
WARNING - 2023-12-29 17:51:33 --> [DEPRECATED] date_create_from_format(): Passing null to parameter #2 ($datetime) of type string is deprecated in APPPATH\Controllers\PackingController.php on line 90.
 1 APPPATH\Controllers\PackingController.php(90): date_create_from_format('Y-m-d', null)
 2 SYSTEMPATH\CodeIgniter.php(942): App\Controllers\PackingController->importPDK()
 3 SYSTEMPATH\CodeIgniter.php(502): CodeIgniter\CodeIgniter->runController(Object(App\Controllers\PackingController))
 4 SYSTEMPATH\CodeIgniter.php(361): CodeIgniter\CodeIgniter->handleRequest(null, Object(Config\Cache), false)
 5 FCPATH\index.php(79): CodeIgniter\CodeIgniter->run()
 6 SYSTEMPATH\Commands\Server\rewrite.php(47): require_once('C:\\xampp\\htdocs\\rekappacking\\public\\index.php')
WARNING - 2023-12-29 17:51:33 --> [DEPRECATED] date_create_from_format(): Passing null to parameter #2 ($datetime) of type string is deprecated in APPPATH\Controllers\PackingController.php on line 90.
 1 APPPATH\Controllers\PackingController.php(90): date_create_from_format('Y-m-d', null)
 2 SYSTEMPATH\CodeIgniter.php(942): App\Controllers\PackingController->importPDK()
 3 SYSTEMPATH\CodeIgniter.php(502): CodeIgniter\CodeIgniter->runController(Object(App\Controllers\PackingController))
 4 SYSTEMPATH\CodeIgniter.php(361): CodeIgniter\CodeIgniter->handleRequest(null, Object(Config\Cache), false)
 5 FCPATH\index.php(79): CodeIgniter\CodeIgniter->run()
 6 SYSTEMPATH\Commands\Server\rewrite.php(47): require_once('C:\\xampp\\htdocs\\rekappacking\\public\\index.php')
WARNING - 2023-12-29 17:51:33 --> [DEPRECATED] date_create_from_format(): Passing null to parameter #2 ($datetime) of type string is deprecated in APPPATH\Controllers\PackingController.php on line 90.
 1 APPPATH\Controllers\PackingController.php(90): date_create_from_format('Y-m-d', null)
 2 SYSTEMPATH\CodeIgniter.php(942): App\Controllers\PackingController->importPDK()
 3 SYSTEMPATH\CodeIgniter.php(502): CodeIgniter\CodeIgniter->runController(Object(App\Controllers\PackingController))
 4 SYSTEMPATH\CodeIgniter.php(361): CodeIgniter\CodeIgniter->handleRequest(null, Object(Config\Cache), false)
 5 FCPATH\index.php(79): CodeIgniter\CodeIgniter->run()
 6 SYSTEMPATH\Commands\Server\rewrite.php(47): require_once('C:\\xampp\\htdocs\\rekappacking\\public\\index.php')
WARNING - 2023-12-29 17:51:33 --> [DEPRECATED] date_create_from_format(): Passing null to parameter #2 ($datetime) of type string is deprecated in APPPATH\Controllers\PackingController.php on line 90.
 1 APPPATH\Controllers\PackingController.php(90): date_create_from_format('Y-m-d', null)
 2 SYSTEMPATH\CodeIgniter.php(942): App\Controllers\PackingController->importPDK()
 3 SYSTEMPATH\CodeIgniter.php(502): CodeIgniter\CodeIgniter->runController(Object(App\Controllers\PackingController))
 4 SYSTEMPATH\CodeIgniter.php(361): CodeIgniter\CodeIgniter->handleRequest(null, Object(Config\Cache), false)
 5 FCPATH\index.php(79): CodeIgniter\CodeIgniter->run()
 6 SYSTEMPATH\Commands\Server\rewrite.php(47): require_once('C:\\xampp\\htdocs\\rekappacking\\public\\index.php')
INFO - 2023-12-29 17:52:23 --> Session: Class initialized using 'CodeIgniter\Session\Handlers\FileHandler' driver.
INFO - 2023-12-29 17:52:26 --> Session: Class initialized using 'CodeIgniter\Session\Handlers\FileHandler' driver.
INFO - 2023-12-29 17:53:04 --> Session: Class initialized using 'CodeIgniter\Session\Handlers\FileHandler' driver.
INFO - 2023-12-29 17:54:04 --> Session: Class initialized using 'CodeIgniter\Session\Handlers\FileHandler' driver.
INFO - 2023-12-29 17:54:05 --> Session: Class initialized using 'CodeIgniter\Session\Handlers\FileHandler' driver.
INFO - 2023-12-29 17:54:23 --> Session: Class initialized using 'CodeIgniter\Session\Handlers\FileHandler' driver.
INFO - 2023-12-29 17:55:17 --> Session: Class initialized using 'CodeIgniter\Session\Handlers\FileHandler' driver.
INFO - 2023-12-29 18:00:42 --> Session: Class initialized using 'CodeIgniter\Session\Handlers\FileHandler' driver.
INFO - 2023-12-29 18:00:43 --> Session: Class initialized using 'CodeIgniter\Session\Handlers\FileHandler' driver.
INFO - 2023-12-29 18:01:00 --> Session: Class initialized using 'CodeIgniter\Session\Handlers\FileHandler' driver.
INFO - 2023-12-29 18:01:05 --> Session: Class initialized using 'CodeIgniter\Session\Handlers\FileHandler' driver.
INFO - 2023-12-29 18:01:05 --> Session: Class initialized using 'CodeIgniter\Session\Handlers\FileHandler' driver.
INFO - 2023-12-29 18:01:55 --> Session: Class initialized using 'CodeIgniter\Session\Handlers\FileHandler' driver.
INFO - 2023-12-29 18:02:02 --> Session: Class initialized using 'CodeIgniter\Session\Handlers\FileHandler' driver.
INFO - 2023-12-29 18:02:02 --> Session: Class initialized using 'CodeIgniter\Session\Handlers\FileHandler' driver.
INFO - 2023-12-29 18:12:32 --> Session: Class initialized using 'CodeIgniter\Session\Handlers\FileHandler' driver.
INFO - 2023-12-29 18:12:39 --> Session: Class initialized using 'CodeIgniter\Session\Handlers\FileHandler' driver.
INFO - 2023-12-29 18:12:40 --> Session: Class initialized using 'CodeIgniter\Session\Handlers\FileHandler' driver.
INFO - 2023-12-29 18:17:44 --> Session: Class initialized using 'CodeIgniter\Session\Handlers\FileHandler' driver.
INFO - 2023-12-29 18:17:52 --> Session: Class initialized using 'CodeIgniter\Session\Handlers\FileHandler' driver.
INFO - 2023-12-29 18:17:53 --> Session: Class initialized using 'CodeIgniter\Session\Handlers\FileHandler' driver.
INFO - 2023-12-29 18:18:34 --> Session: Class initialized using 'CodeIgniter\Session\Handlers\FileHandler' driver.
INFO - 2023-12-29 18:18:39 --> Session: Class initialized using 'CodeIgniter\Session\Handlers\FileHandler' driver.
INFO - 2023-12-29 18:18:39 --> Session: Class initialized using 'CodeIgniter\Session\Handlers\FileHandler' driver.
INFO - 2023-12-29 18:19:43 --> Session: Class initialized using 'CodeIgniter\Session\Handlers\FileHandler' driver.
INFO - 2023-12-29 18:19:47 --> Session: Class initialized using 'CodeIgniter\Session\Handlers\FileHandler' driver.
INFO - 2023-12-29 18:19:54 --> Session: Class initialized using 'CodeIgniter\Session\Handlers\FileHandler' driver.
INFO - 2023-12-29 18:19:58 --> Session: Class initialized using 'CodeIgniter\Session\Handlers\FileHandler' driver.
INFO - 2023-12-29 18:20:03 --> Session: Class initialized using 'CodeIgniter\Session\Handlers\FileHandler' driver.
INFO - 2023-12-29 18:20:03 --> Session: Class initialized using 'CodeIgniter\Session\Handlers\FileHandler' driver.
INFO - 2023-12-29 18:22:34 --> Session: Class initialized using 'CodeIgniter\Session\Handlers\FileHandler' driver.
INFO - 2023-12-29 18:22:34 --> Session: Class initialized using 'CodeIgniter\Session\Handlers\FileHandler' driver.
INFO - 2023-12-29 18:23:12 --> Session: Class initialized using 'CodeIgniter\Session\Handlers\FileHandler' driver.
INFO - 2023-12-29 18:23:18 --> Session: Class initialized using 'CodeIgniter\Session\Handlers\FileHandler' driver.
INFO - 2023-12-29 18:23:18 --> Session: Class initialized using 'CodeIgniter\Session\Handlers\FileHandler' driver.
INFO - 2023-12-29 18:23:41 --> Session: Class initialized using 'CodeIgniter\Session\Handlers\FileHandler' driver.
INFO - 2023-12-29 18:23:41 --> Session: Class initialized using 'CodeIgniter\Session\Handlers\FileHandler' driver.
INFO - 2023-12-29 18:25:24 --> Session: Class initialized using 'CodeIgniter\Session\Handlers\FileHandler' driver.
INFO - 2023-12-29 18:25:34 --> Session: Class initialized using 'CodeIgniter\Session\Handlers\FileHandler' driver.
INFO - 2023-12-29 18:25:41 --> Session: Class initialized using 'CodeIgniter\Session\Handlers\FileHandler' driver.
ERROR - 2023-12-29 18:27:15 --> mysqli_sql_exception: Unknown column 'nama_proses' in 'field list' in C:\xampp\htdocs\rekappacking\vendor\codeigniter4\framework\system\Database\MySQLi\Connection.php:306
Stack trace:
#0 C:\xampp\htdocs\rekappacking\vendor\codeigniter4\framework\system\Database\MySQLi\Connection.php(306): mysqli->query('INSERT INTO `ma...', 0)
#1 C:\xampp\htdocs\rekappacking\vendor\codeigniter4\framework\system\Database\BaseConnection.php(693): CodeIgniter\Database\MySQLi\Connection->execute('INSERT INTO `ma...')
#2 C:\xampp\htdocs\rekappacking\vendor\codeigniter4\framework\system\Database\BaseConnection.php(607): CodeIgniter\Database\BaseConnection->simpleQuery('INSERT INTO `ma...')
#3 C:\xampp\htdocs\rekappacking\vendor\codeigniter4\framework\system\Database\BaseBuilder.php(1800): CodeIgniter\Database\BaseConnection->query('INSERT INTO `ma...', NULL, false)
#4 C:\xampp\htdocs\rekappacking\vendor\codeigniter4\framework\system\Database\BaseBuilder.php(2191): CodeIgniter\Database\BaseBuilder->batchExecute('_insertBatch', 100)
#5 C:\xampp\htdocs\rekappacking\app\Database\Seeds\MasterProses.php(69): CodeIgniter\Database\BaseBuilder->insertBatch(Array)
#6 C:\xampp\htdocs\rekappacking\vendor\codeigniter4\framework\system\Database\Seeder.php(146): App\Database\Seeds\MasterProses->run()
#7 C:\xampp\htdocs\rekappacking\vendor\codeigniter4\framework\system\Commands\Database\Seed.php(77): CodeIgniter\Database\Seeder->call('App\\Database\\Se...')
#8 C:\xampp\htdocs\rekappacking\vendor\codeigniter4\framework\system\CLI\Commands.php(65): CodeIgniter\Commands\Database\Seed->run(Array)
#9 C:\xampp\htdocs\rekappacking\vendor\codeigniter4\framework\system\CLI\Console.php(46): CodeIgniter\CLI\Commands->run('db:seed', Array)
#10 C:\xampp\htdocs\rekappacking\spark(102): CodeIgniter\CLI\Console->run()
#11 {main}
ERROR - 2023-12-29 18:28:58 --> mysqli_sql_exception: Unknown column 'nama_proses' in 'field list' in C:\xampp\htdocs\rekappacking\vendor\codeigniter4\framework\system\Database\MySQLi\Connection.php:306
Stack trace:
#0 C:\xampp\htdocs\rekappacking\vendor\codeigniter4\framework\system\Database\MySQLi\Connection.php(306): mysqli->query('INSERT INTO `ma...', 0)
#1 C:\xampp\htdocs\rekappacking\vendor\codeigniter4\framework\system\Database\BaseConnection.php(693): CodeIgniter\Database\MySQLi\Connection->execute('INSERT INTO `ma...')
#2 C:\xampp\htdocs\rekappacking\vendor\codeigniter4\framework\system\Database\BaseConnection.php(607): CodeIgniter\Database\BaseConnection->simpleQuery('INSERT INTO `ma...')
#3 C:\xampp\htdocs\rekappacking\vendor\codeigniter4\framework\system\Database\BaseBuilder.php(1800): CodeIgniter\Database\BaseConnection->query('INSERT INTO `ma...', NULL, false)
#4 C:\xampp\htdocs\rekappacking\vendor\codeigniter4\framework\system\Database\BaseBuilder.php(2191): CodeIgniter\Database\BaseBuilder->batchExecute('_insertBatch', 100)
#5 C:\xampp\htdocs\rekappacking\app\Database\Seeds\MasterProses.php(69): CodeIgniter\Database\BaseBuilder->insertBatch(Array)
#6 C:\xampp\htdocs\rekappacking\vendor\codeigniter4\framework\system\Database\Seeder.php(146): App\Database\Seeds\MasterProses->run()
#7 C:\xampp\htdocs\rekappacking\vendor\codeigniter4\framework\system\Commands\Database\Seed.php(77): CodeIgniter\Database\Seeder->call('App\\Database\\Se...')
#8 C:\xampp\htdocs\rekappacking\vendor\codeigniter4\framework\system\CLI\Commands.php(65): CodeIgniter\Commands\Database\Seed->run(Array)
#9 C:\xampp\htdocs\rekappacking\vendor\codeigniter4\framework\system\CLI\Console.php(46): CodeIgniter\CLI\Commands->run('db:seed', Array)
#10 C:\xampp\htdocs\rekappacking\spark(102): CodeIgniter\CLI\Console->run()
#11 {main}
INFO - 2023-12-29 18:30:17 --> Session: Class initialized using 'CodeIgniter\Session\Handlers\FileHandler' driver.
INFO - 2023-12-29 18:32:30 --> Session: Class initialized using 'CodeIgniter\Session\Handlers\FileHandler' driver.
