INFO - 2024-03-05 00:14:14 --> Session: Class initialized using 'CodeIgniter\Session\Handlers\FileHandler' driver.
INFO - 2024-03-05 00:14:29 --> Session: Class initialized using 'CodeIgniter\Session\Handlers\FileHandler' driver.
INFO - 2024-03-05 00:14:29 --> Session: Class initialized using 'CodeIgniter\Session\Handlers\FileHandler' driver.
INFO - 2024-03-05 00:14:30 --> Session: Class initialized using 'CodeIgniter\Session\Handlers\FileHandler' driver.
INFO - 2024-03-05 00:14:36 --> Session: Class initialized using 'CodeIgniter\Session\Handlers\FileHandler' driver.
INFO - 2024-03-05 00:14:41 --> Session: Class initialized using 'CodeIgniter\Session\Handlers\FileHandler' driver.
WARNING - 2024-03-05 00:14:41 --> [DEPRECATED] number_format(): Passing null to parameter #1 ($num) of type float is deprecated in APPPATH\Views\Packing\Rekap\detail.php on line 153.
 1 APPPATH\Views\Packing\Rekap\detail.php(153): number_format(null, 1, '.', '')
 2 SYSTEMPATH\View\View.php(228): include('D:\\xampp\\htdocs\\rekappacking\\app\\Views\\Packing\\Rekap\\detail.php')
 3 SYSTEMPATH\View\View.php(231): CodeIgniter\View\View->CodeIgniter\View\{closure}()
 4 SYSTEMPATH\Common.php(1178): CodeIgniter\View\View->render('Packing/Rekap/detail', [], true)
 5 APPPATH\Controllers\RekapController.php(128): view('Packing/Rekap/detail', [...])
 6 SYSTEMPATH\CodeIgniter.php(941): App\Controllers\RekapController->detailRekap('SI2482')
 7 SYSTEMPATH\CodeIgniter.php(502): CodeIgniter\CodeIgniter->runController(Object(App\Controllers\RekapController))
 8 SYSTEMPATH\CodeIgniter.php(361): CodeIgniter\CodeIgniter->handleRequest(null, Object(Config\Cache), false)
 9 FCPATH\index.php(79): CodeIgniter\CodeIgniter->run()
10 SYSTEMPATH\Commands\Server\rewrite.php(47): require_once('D:\\xampp\\htdocs\\rekappacking\\public\\index.php')
WARNING - 2024-03-05 00:14:42 --> [DEPRECATED] number_format(): Passing null to parameter #1 ($num) of type float is deprecated in APPPATH\Views\Packing\Rekap\detail.php on line 153.
 1 APPPATH\Views\Packing\Rekap\detail.php(153): number_format(null, 1, '.', '')
 2 SYSTEMPATH\View\View.php(228): include('D:\\xampp\\htdocs\\rekappacking\\app\\Views\\Packing\\Rekap\\detail.php')
 3 SYSTEMPATH\View\View.php(231): CodeIgniter\View\View->CodeIgniter\View\{closure}()
 4 SYSTEMPATH\Common.php(1178): CodeIgniter\View\View->render('Packing/Rekap/detail', [], true)
 5 APPPATH\Controllers\RekapController.php(128): view('Packing/Rekap/detail', [...])
 6 SYSTEMPATH\CodeIgniter.php(941): App\Controllers\RekapController->detailRekap('SI2482')
 7 SYSTEMPATH\CodeIgniter.php(502): CodeIgniter\CodeIgniter->runController(Object(App\Controllers\RekapController))
 8 SYSTEMPATH\CodeIgniter.php(361): CodeIgniter\CodeIgniter->handleRequest(null, Object(Config\Cache), false)
 9 FCPATH\index.php(79): CodeIgniter\CodeIgniter->run()
10 SYSTEMPATH\Commands\Server\rewrite.php(47): require_once('D:\\xampp\\htdocs\\rekappacking\\public\\index.php')
WARNING - 2024-03-05 00:14:42 --> [DEPRECATED] number_format(): Passing null to parameter #1 ($num) of type float is deprecated in APPPATH\Views\Packing\Rekap\detail.php on line 153.
 1 APPPATH\Views\Packing\Rekap\detail.php(153): number_format(null, 1, '.', '')
 2 SYSTEMPATH\View\View.php(228): include('D:\\xampp\\htdocs\\rekappacking\\app\\Views\\Packing\\Rekap\\detail.php')
 3 SYSTEMPATH\View\View.php(231): CodeIgniter\View\View->CodeIgniter\View\{closure}()
 4 SYSTEMPATH\Common.php(1178): CodeIgniter\View\View->render('Packing/Rekap/detail', [], true)
 5 APPPATH\Controllers\RekapController.php(128): view('Packing/Rekap/detail', [...])
 6 SYSTEMPATH\CodeIgniter.php(941): App\Controllers\RekapController->detailRekap('SI2482')
 7 SYSTEMPATH\CodeIgniter.php(502): CodeIgniter\CodeIgniter->runController(Object(App\Controllers\RekapController))
 8 SYSTEMPATH\CodeIgniter.php(361): CodeIgniter\CodeIgniter->handleRequest(null, Object(Config\Cache), false)
 9 FCPATH\index.php(79): CodeIgniter\CodeIgniter->run()
10 SYSTEMPATH\Commands\Server\rewrite.php(47): require_once('D:\\xampp\\htdocs\\rekappacking\\public\\index.php')
WARNING - 2024-03-05 00:14:42 --> [DEPRECATED] number_format(): Passing null to parameter #1 ($num) of type float is deprecated in APPPATH\Views\Packing\Rekap\detail.php on line 153.
 1 APPPATH\Views\Packing\Rekap\detail.php(153): number_format(null, 1, '.', '')
 2 SYSTEMPATH\View\View.php(228): include('D:\\xampp\\htdocs\\rekappacking\\app\\Views\\Packing\\Rekap\\detail.php')
 3 SYSTEMPATH\View\View.php(231): CodeIgniter\View\View->CodeIgniter\View\{closure}()
 4 SYSTEMPATH\Common.php(1178): CodeIgniter\View\View->render('Packing/Rekap/detail', [], true)
 5 APPPATH\Controllers\RekapController.php(128): view('Packing/Rekap/detail', [...])
 6 SYSTEMPATH\CodeIgniter.php(941): App\Controllers\RekapController->detailRekap('SI2482')
 7 SYSTEMPATH\CodeIgniter.php(502): CodeIgniter\CodeIgniter->runController(Object(App\Controllers\RekapController))
 8 SYSTEMPATH\CodeIgniter.php(361): CodeIgniter\CodeIgniter->handleRequest(null, Object(Config\Cache), false)
 9 FCPATH\index.php(79): CodeIgniter\CodeIgniter->run()
10 SYSTEMPATH\Commands\Server\rewrite.php(47): require_once('D:\\xampp\\htdocs\\rekappacking\\public\\index.php')
WARNING - 2024-03-05 00:14:42 --> [DEPRECATED] number_format(): Passing null to parameter #1 ($num) of type float is deprecated in APPPATH\Views\Packing\Rekap\detail.php on line 153.
 1 APPPATH\Views\Packing\Rekap\detail.php(153): number_format(null, 1, '.', '')
 2 SYSTEMPATH\View\View.php(228): include('D:\\xampp\\htdocs\\rekappacking\\app\\Views\\Packing\\Rekap\\detail.php')
 3 SYSTEMPATH\View\View.php(231): CodeIgniter\View\View->CodeIgniter\View\{closure}()
 4 SYSTEMPATH\Common.php(1178): CodeIgniter\View\View->render('Packing/Rekap/detail', [], true)
 5 APPPATH\Controllers\RekapController.php(128): view('Packing/Rekap/detail', [...])
 6 SYSTEMPATH\CodeIgniter.php(941): App\Controllers\RekapController->detailRekap('SI2482')
 7 SYSTEMPATH\CodeIgniter.php(502): CodeIgniter\CodeIgniter->runController(Object(App\Controllers\RekapController))
 8 SYSTEMPATH\CodeIgniter.php(361): CodeIgniter\CodeIgniter->handleRequest(null, Object(Config\Cache), false)
 9 FCPATH\index.php(79): CodeIgniter\CodeIgniter->run()
10 SYSTEMPATH\Commands\Server\rewrite.php(47): require_once('D:\\xampp\\htdocs\\rekappacking\\public\\index.php')
WARNING - 2024-03-05 00:14:42 --> [DEPRECATED] number_format(): Passing null to parameter #1 ($num) of type float is deprecated in APPPATH\Views\Packing\Rekap\detail.php on line 153.
 1 APPPATH\Views\Packing\Rekap\detail.php(153): number_format(null, 1, '.', '')
 2 SYSTEMPATH\View\View.php(228): include('D:\\xampp\\htdocs\\rekappacking\\app\\Views\\Packing\\Rekap\\detail.php')
 3 SYSTEMPATH\View\View.php(231): CodeIgniter\View\View->CodeIgniter\View\{closure}()
 4 SYSTEMPATH\Common.php(1178): CodeIgniter\View\View->render('Packing/Rekap/detail', [], true)
 5 APPPATH\Controllers\RekapController.php(128): view('Packing/Rekap/detail', [...])
 6 SYSTEMPATH\CodeIgniter.php(941): App\Controllers\RekapController->detailRekap('SI2482')
 7 SYSTEMPATH\CodeIgniter.php(502): CodeIgniter\CodeIgniter->runController(Object(App\Controllers\RekapController))
 8 SYSTEMPATH\CodeIgniter.php(361): CodeIgniter\CodeIgniter->handleRequest(null, Object(Config\Cache), false)
 9 FCPATH\index.php(79): CodeIgniter\CodeIgniter->run()
10 SYSTEMPATH\Commands\Server\rewrite.php(47): require_once('D:\\xampp\\htdocs\\rekappacking\\public\\index.php')
WARNING - 2024-03-05 00:14:42 --> [DEPRECATED] number_format(): Passing null to parameter #1 ($num) of type float is deprecated in APPPATH\Views\Packing\Rekap\detail.php on line 153.
 1 APPPATH\Views\Packing\Rekap\detail.php(153): number_format(null, 1, '.', '')
 2 SYSTEMPATH\View\View.php(228): include('D:\\xampp\\htdocs\\rekappacking\\app\\Views\\Packing\\Rekap\\detail.php')
 3 SYSTEMPATH\View\View.php(231): CodeIgniter\View\View->CodeIgniter\View\{closure}()
 4 SYSTEMPATH\Common.php(1178): CodeIgniter\View\View->render('Packing/Rekap/detail', [], true)
 5 APPPATH\Controllers\RekapController.php(128): view('Packing/Rekap/detail', [...])
 6 SYSTEMPATH\CodeIgniter.php(941): App\Controllers\RekapController->detailRekap('SI2482')
 7 SYSTEMPATH\CodeIgniter.php(502): CodeIgniter\CodeIgniter->runController(Object(App\Controllers\RekapController))
 8 SYSTEMPATH\CodeIgniter.php(361): CodeIgniter\CodeIgniter->handleRequest(null, Object(Config\Cache), false)
 9 FCPATH\index.php(79): CodeIgniter\CodeIgniter->run()
10 SYSTEMPATH\Commands\Server\rewrite.php(47): require_once('D:\\xampp\\htdocs\\rekappacking\\public\\index.php')
WARNING - 2024-03-05 00:14:42 --> [DEPRECATED] number_format(): Passing null to parameter #1 ($num) of type float is deprecated in APPPATH\Views\Packing\Rekap\detail.php on line 153.
 1 APPPATH\Views\Packing\Rekap\detail.php(153): number_format(null, 1, '.', '')
 2 SYSTEMPATH\View\View.php(228): include('D:\\xampp\\htdocs\\rekappacking\\app\\Views\\Packing\\Rekap\\detail.php')
 3 SYSTEMPATH\View\View.php(231): CodeIgniter\View\View->CodeIgniter\View\{closure}()
 4 SYSTEMPATH\Common.php(1178): CodeIgniter\View\View->render('Packing/Rekap/detail', [], true)
 5 APPPATH\Controllers\RekapController.php(128): view('Packing/Rekap/detail', [...])
 6 SYSTEMPATH\CodeIgniter.php(941): App\Controllers\RekapController->detailRekap('SI2482')
 7 SYSTEMPATH\CodeIgniter.php(502): CodeIgniter\CodeIgniter->runController(Object(App\Controllers\RekapController))
 8 SYSTEMPATH\CodeIgniter.php(361): CodeIgniter\CodeIgniter->handleRequest(null, Object(Config\Cache), false)
 9 FCPATH\index.php(79): CodeIgniter\CodeIgniter->run()
10 SYSTEMPATH\Commands\Server\rewrite.php(47): require_once('D:\\xampp\\htdocs\\rekappacking\\public\\index.php')
WARNING - 2024-03-05 00:14:42 --> [DEPRECATED] number_format(): Passing null to parameter #1 ($num) of type float is deprecated in APPPATH\Views\Packing\Rekap\detail.php on line 153.
 1 APPPATH\Views\Packing\Rekap\detail.php(153): number_format(null, 1, '.', '')
 2 SYSTEMPATH\View\View.php(228): include('D:\\xampp\\htdocs\\rekappacking\\app\\Views\\Packing\\Rekap\\detail.php')
 3 SYSTEMPATH\View\View.php(231): CodeIgniter\View\View->CodeIgniter\View\{closure}()
 4 SYSTEMPATH\Common.php(1178): CodeIgniter\View\View->render('Packing/Rekap/detail', [], true)
 5 APPPATH\Controllers\RekapController.php(128): view('Packing/Rekap/detail', [...])
 6 SYSTEMPATH\CodeIgniter.php(941): App\Controllers\RekapController->detailRekap('SI2482')
 7 SYSTEMPATH\CodeIgniter.php(502): CodeIgniter\CodeIgniter->runController(Object(App\Controllers\RekapController))
 8 SYSTEMPATH\CodeIgniter.php(361): CodeIgniter\CodeIgniter->handleRequest(null, Object(Config\Cache), false)
 9 FCPATH\index.php(79): CodeIgniter\CodeIgniter->run()
10 SYSTEMPATH\Commands\Server\rewrite.php(47): require_once('D:\\xampp\\htdocs\\rekappacking\\public\\index.php')
WARNING - 2024-03-05 00:14:42 --> [DEPRECATED] number_format(): Passing null to parameter #1 ($num) of type float is deprecated in APPPATH\Views\Packing\Rekap\detail.php on line 153.
 1 APPPATH\Views\Packing\Rekap\detail.php(153): number_format(null, 1, '.', '')
 2 SYSTEMPATH\View\View.php(228): include('D:\\xampp\\htdocs\\rekappacking\\app\\Views\\Packing\\Rekap\\detail.php')
 3 SYSTEMPATH\View\View.php(231): CodeIgniter\View\View->CodeIgniter\View\{closure}()
 4 SYSTEMPATH\Common.php(1178): CodeIgniter\View\View->render('Packing/Rekap/detail', [], true)
 5 APPPATH\Controllers\RekapController.php(128): view('Packing/Rekap/detail', [...])
 6 SYSTEMPATH\CodeIgniter.php(941): App\Controllers\RekapController->detailRekap('SI2482')
 7 SYSTEMPATH\CodeIgniter.php(502): CodeIgniter\CodeIgniter->runController(Object(App\Controllers\RekapController))
 8 SYSTEMPATH\CodeIgniter.php(361): CodeIgniter\CodeIgniter->handleRequest(null, Object(Config\Cache), false)
 9 FCPATH\index.php(79): CodeIgniter\CodeIgniter->run()
10 SYSTEMPATH\Commands\Server\rewrite.php(47): require_once('D:\\xampp\\htdocs\\rekappacking\\public\\index.php')
WARNING - 2024-03-05 00:14:42 --> [DEPRECATED] number_format(): Passing null to parameter #1 ($num) of type float is deprecated in APPPATH\Views\Packing\Rekap\detail.php on line 153.
 1 APPPATH\Views\Packing\Rekap\detail.php(153): number_format(null, 1, '.', '')
 2 SYSTEMPATH\View\View.php(228): include('D:\\xampp\\htdocs\\rekappacking\\app\\Views\\Packing\\Rekap\\detail.php')
 3 SYSTEMPATH\View\View.php(231): CodeIgniter\View\View->CodeIgniter\View\{closure}()
 4 SYSTEMPATH\Common.php(1178): CodeIgniter\View\View->render('Packing/Rekap/detail', [], true)
 5 APPPATH\Controllers\RekapController.php(128): view('Packing/Rekap/detail', [...])
 6 SYSTEMPATH\CodeIgniter.php(941): App\Controllers\RekapController->detailRekap('SI2482')
 7 SYSTEMPATH\CodeIgniter.php(502): CodeIgniter\CodeIgniter->runController(Object(App\Controllers\RekapController))
 8 SYSTEMPATH\CodeIgniter.php(361): CodeIgniter\CodeIgniter->handleRequest(null, Object(Config\Cache), false)
 9 FCPATH\index.php(79): CodeIgniter\CodeIgniter->run()
10 SYSTEMPATH\Commands\Server\rewrite.php(47): require_once('D:\\xampp\\htdocs\\rekappacking\\public\\index.php')
WARNING - 2024-03-05 00:14:42 --> [DEPRECATED] number_format(): Passing null to parameter #1 ($num) of type float is deprecated in APPPATH\Views\Packing\Rekap\detail.php on line 153.
 1 APPPATH\Views\Packing\Rekap\detail.php(153): number_format(null, 1, '.', '')
 2 SYSTEMPATH\View\View.php(228): include('D:\\xampp\\htdocs\\rekappacking\\app\\Views\\Packing\\Rekap\\detail.php')
 3 SYSTEMPATH\View\View.php(231): CodeIgniter\View\View->CodeIgniter\View\{closure}()
 4 SYSTEMPATH\Common.php(1178): CodeIgniter\View\View->render('Packing/Rekap/detail', [], true)
 5 APPPATH\Controllers\RekapController.php(128): view('Packing/Rekap/detail', [...])
 6 SYSTEMPATH\CodeIgniter.php(941): App\Controllers\RekapController->detailRekap('SI2482')
 7 SYSTEMPATH\CodeIgniter.php(502): CodeIgniter\CodeIgniter->runController(Object(App\Controllers\RekapController))
 8 SYSTEMPATH\CodeIgniter.php(361): CodeIgniter\CodeIgniter->handleRequest(null, Object(Config\Cache), false)
 9 FCPATH\index.php(79): CodeIgniter\CodeIgniter->run()
10 SYSTEMPATH\Commands\Server\rewrite.php(47): require_once('D:\\xampp\\htdocs\\rekappacking\\public\\index.php')
WARNING - 2024-03-05 00:14:42 --> [DEPRECATED] number_format(): Passing null to parameter #1 ($num) of type float is deprecated in APPPATH\Views\Packing\Rekap\detail.php on line 153.
 1 APPPATH\Views\Packing\Rekap\detail.php(153): number_format(null, 1, '.', '')
 2 SYSTEMPATH\View\View.php(228): include('D:\\xampp\\htdocs\\rekappacking\\app\\Views\\Packing\\Rekap\\detail.php')
 3 SYSTEMPATH\View\View.php(231): CodeIgniter\View\View->CodeIgniter\View\{closure}()
 4 SYSTEMPATH\Common.php(1178): CodeIgniter\View\View->render('Packing/Rekap/detail', [], true)
 5 APPPATH\Controllers\RekapController.php(128): view('Packing/Rekap/detail', [...])
 6 SYSTEMPATH\CodeIgniter.php(941): App\Controllers\RekapController->detailRekap('SI2482')
 7 SYSTEMPATH\CodeIgniter.php(502): CodeIgniter\CodeIgniter->runController(Object(App\Controllers\RekapController))
 8 SYSTEMPATH\CodeIgniter.php(361): CodeIgniter\CodeIgniter->handleRequest(null, Object(Config\Cache), false)
 9 FCPATH\index.php(79): CodeIgniter\CodeIgniter->run()
10 SYSTEMPATH\Commands\Server\rewrite.php(47): require_once('D:\\xampp\\htdocs\\rekappacking\\public\\index.php')
WARNING - 2024-03-05 00:14:42 --> [DEPRECATED] number_format(): Passing null to parameter #1 ($num) of type float is deprecated in APPPATH\Views\Packing\Rekap\detail.php on line 153.
 1 APPPATH\Views\Packing\Rekap\detail.php(153): number_format(null, 1, '.', '')
 2 SYSTEMPATH\View\View.php(228): include('D:\\xampp\\htdocs\\rekappacking\\app\\Views\\Packing\\Rekap\\detail.php')
 3 SYSTEMPATH\View\View.php(231): CodeIgniter\View\View->CodeIgniter\View\{closure}()
 4 SYSTEMPATH\Common.php(1178): CodeIgniter\View\View->render('Packing/Rekap/detail', [], true)
 5 APPPATH\Controllers\RekapController.php(128): view('Packing/Rekap/detail', [...])
 6 SYSTEMPATH\CodeIgniter.php(941): App\Controllers\RekapController->detailRekap('SI2482')
 7 SYSTEMPATH\CodeIgniter.php(502): CodeIgniter\CodeIgniter->runController(Object(App\Controllers\RekapController))
 8 SYSTEMPATH\CodeIgniter.php(361): CodeIgniter\CodeIgniter->handleRequest(null, Object(Config\Cache), false)
 9 FCPATH\index.php(79): CodeIgniter\CodeIgniter->run()
10 SYSTEMPATH\Commands\Server\rewrite.php(47): require_once('D:\\xampp\\htdocs\\rekappacking\\public\\index.php')
WARNING - 2024-03-05 00:14:42 --> [DEPRECATED] number_format(): Passing null to parameter #1 ($num) of type float is deprecated in APPPATH\Views\Packing\Rekap\detail.php on line 153.
 1 APPPATH\Views\Packing\Rekap\detail.php(153): number_format(null, 1, '.', '')
 2 SYSTEMPATH\View\View.php(228): include('D:\\xampp\\htdocs\\rekappacking\\app\\Views\\Packing\\Rekap\\detail.php')
 3 SYSTEMPATH\View\View.php(231): CodeIgniter\View\View->CodeIgniter\View\{closure}()
 4 SYSTEMPATH\Common.php(1178): CodeIgniter\View\View->render('Packing/Rekap/detail', [], true)
 5 APPPATH\Controllers\RekapController.php(128): view('Packing/Rekap/detail', [...])
 6 SYSTEMPATH\CodeIgniter.php(941): App\Controllers\RekapController->detailRekap('SI2482')
 7 SYSTEMPATH\CodeIgniter.php(502): CodeIgniter\CodeIgniter->runController(Object(App\Controllers\RekapController))
 8 SYSTEMPATH\CodeIgniter.php(361): CodeIgniter\CodeIgniter->handleRequest(null, Object(Config\Cache), false)
 9 FCPATH\index.php(79): CodeIgniter\CodeIgniter->run()
10 SYSTEMPATH\Commands\Server\rewrite.php(47): require_once('D:\\xampp\\htdocs\\rekappacking\\public\\index.php')
WARNING - 2024-03-05 00:14:42 --> [DEPRECATED] number_format(): Passing null to parameter #1 ($num) of type float is deprecated in APPPATH\Views\Packing\Rekap\detail.php on line 153.
 1 APPPATH\Views\Packing\Rekap\detail.php(153): number_format(null, 1, '.', '')
 2 SYSTEMPATH\View\View.php(228): include('D:\\xampp\\htdocs\\rekappacking\\app\\Views\\Packing\\Rekap\\detail.php')
 3 SYSTEMPATH\View\View.php(231): CodeIgniter\View\View->CodeIgniter\View\{closure}()
 4 SYSTEMPATH\Common.php(1178): CodeIgniter\View\View->render('Packing/Rekap/detail', [], true)
 5 APPPATH\Controllers\RekapController.php(128): view('Packing/Rekap/detail', [...])
 6 SYSTEMPATH\CodeIgniter.php(941): App\Controllers\RekapController->detailRekap('SI2482')
 7 SYSTEMPATH\CodeIgniter.php(502): CodeIgniter\CodeIgniter->runController(Object(App\Controllers\RekapController))
 8 SYSTEMPATH\CodeIgniter.php(361): CodeIgniter\CodeIgniter->handleRequest(null, Object(Config\Cache), false)
 9 FCPATH\index.php(79): CodeIgniter\CodeIgniter->run()
10 SYSTEMPATH\Commands\Server\rewrite.php(47): require_once('D:\\xampp\\htdocs\\rekappacking\\public\\index.php')
WARNING - 2024-03-05 00:14:42 --> [DEPRECATED] number_format(): Passing null to parameter #1 ($num) of type float is deprecated in APPPATH\Views\Packing\Rekap\detail.php on line 153.
 1 APPPATH\Views\Packing\Rekap\detail.php(153): number_format(null, 1, '.', '')
 2 SYSTEMPATH\View\View.php(228): include('D:\\xampp\\htdocs\\rekappacking\\app\\Views\\Packing\\Rekap\\detail.php')
 3 SYSTEMPATH\View\View.php(231): CodeIgniter\View\View->CodeIgniter\View\{closure}()
 4 SYSTEMPATH\Common.php(1178): CodeIgniter\View\View->render('Packing/Rekap/detail', [], true)
 5 APPPATH\Controllers\RekapController.php(128): view('Packing/Rekap/detail', [...])
 6 SYSTEMPATH\CodeIgniter.php(941): App\Controllers\RekapController->detailRekap('SI2482')
 7 SYSTEMPATH\CodeIgniter.php(502): CodeIgniter\CodeIgniter->runController(Object(App\Controllers\RekapController))
 8 SYSTEMPATH\CodeIgniter.php(361): CodeIgniter\CodeIgniter->handleRequest(null, Object(Config\Cache), false)
 9 FCPATH\index.php(79): CodeIgniter\CodeIgniter->run()
10 SYSTEMPATH\Commands\Server\rewrite.php(47): require_once('D:\\xampp\\htdocs\\rekappacking\\public\\index.php')
WARNING - 2024-03-05 00:14:42 --> [DEPRECATED] number_format(): Passing null to parameter #1 ($num) of type float is deprecated in APPPATH\Views\Packing\Rekap\detail.php on line 153.
 1 APPPATH\Views\Packing\Rekap\detail.php(153): number_format(null, 1, '.', '')
 2 SYSTEMPATH\View\View.php(228): include('D:\\xampp\\htdocs\\rekappacking\\app\\Views\\Packing\\Rekap\\detail.php')
 3 SYSTEMPATH\View\View.php(231): CodeIgniter\View\View->CodeIgniter\View\{closure}()
 4 SYSTEMPATH\Common.php(1178): CodeIgniter\View\View->render('Packing/Rekap/detail', [], true)
 5 APPPATH\Controllers\RekapController.php(128): view('Packing/Rekap/detail', [...])
 6 SYSTEMPATH\CodeIgniter.php(941): App\Controllers\RekapController->detailRekap('SI2482')
 7 SYSTEMPATH\CodeIgniter.php(502): CodeIgniter\CodeIgniter->runController(Object(App\Controllers\RekapController))
 8 SYSTEMPATH\CodeIgniter.php(361): CodeIgniter\CodeIgniter->handleRequest(null, Object(Config\Cache), false)
 9 FCPATH\index.php(79): CodeIgniter\CodeIgniter->run()
10 SYSTEMPATH\Commands\Server\rewrite.php(47): require_once('D:\\xampp\\htdocs\\rekappacking\\public\\index.php')
WARNING - 2024-03-05 00:14:42 --> [DEPRECATED] number_format(): Passing null to parameter #1 ($num) of type float is deprecated in APPPATH\Views\Packing\Rekap\detail.php on line 153.
 1 APPPATH\Views\Packing\Rekap\detail.php(153): number_format(null, 1, '.', '')
 2 SYSTEMPATH\View\View.php(228): include('D:\\xampp\\htdocs\\rekappacking\\app\\Views\\Packing\\Rekap\\detail.php')
 3 SYSTEMPATH\View\View.php(231): CodeIgniter\View\View->CodeIgniter\View\{closure}()
 4 SYSTEMPATH\Common.php(1178): CodeIgniter\View\View->render('Packing/Rekap/detail', [], true)
 5 APPPATH\Controllers\RekapController.php(128): view('Packing/Rekap/detail', [...])
 6 SYSTEMPATH\CodeIgniter.php(941): App\Controllers\RekapController->detailRekap('SI2482')
 7 SYSTEMPATH\CodeIgniter.php(502): CodeIgniter\CodeIgniter->runController(Object(App\Controllers\RekapController))
 8 SYSTEMPATH\CodeIgniter.php(361): CodeIgniter\CodeIgniter->handleRequest(null, Object(Config\Cache), false)
 9 FCPATH\index.php(79): CodeIgniter\CodeIgniter->run()
10 SYSTEMPATH\Commands\Server\rewrite.php(47): require_once('D:\\xampp\\htdocs\\rekappacking\\public\\index.php')
WARNING - 2024-03-05 00:14:42 --> [DEPRECATED] number_format(): Passing null to parameter #1 ($num) of type float is deprecated in APPPATH\Views\Packing\Rekap\detail.php on line 153.
 1 APPPATH\Views\Packing\Rekap\detail.php(153): number_format(null, 1, '.', '')
 2 SYSTEMPATH\View\View.php(228): include('D:\\xampp\\htdocs\\rekappacking\\app\\Views\\Packing\\Rekap\\detail.php')
 3 SYSTEMPATH\View\View.php(231): CodeIgniter\View\View->CodeIgniter\View\{closure}()
 4 SYSTEMPATH\Common.php(1178): CodeIgniter\View\View->render('Packing/Rekap/detail', [], true)
 5 APPPATH\Controllers\RekapController.php(128): view('Packing/Rekap/detail', [...])
 6 SYSTEMPATH\CodeIgniter.php(941): App\Controllers\RekapController->detailRekap('SI2482')
 7 SYSTEMPATH\CodeIgniter.php(502): CodeIgniter\CodeIgniter->runController(Object(App\Controllers\RekapController))
 8 SYSTEMPATH\CodeIgniter.php(361): CodeIgniter\CodeIgniter->handleRequest(null, Object(Config\Cache), false)
 9 FCPATH\index.php(79): CodeIgniter\CodeIgniter->run()
10 SYSTEMPATH\Commands\Server\rewrite.php(47): require_once('D:\\xampp\\htdocs\\rekappacking\\public\\index.php')
WARNING - 2024-03-05 00:14:42 --> [DEPRECATED] number_format(): Passing null to parameter #1 ($num) of type float is deprecated in APPPATH\Views\Packing\Rekap\detail.php on line 153.
 1 APPPATH\Views\Packing\Rekap\detail.php(153): number_format(null, 1, '.', '')
 2 SYSTEMPATH\View\View.php(228): include('D:\\xampp\\htdocs\\rekappacking\\app\\Views\\Packing\\Rekap\\detail.php')
 3 SYSTEMPATH\View\View.php(231): CodeIgniter\View\View->CodeIgniter\View\{closure}()
 4 SYSTEMPATH\Common.php(1178): CodeIgniter\View\View->render('Packing/Rekap/detail', [], true)
 5 APPPATH\Controllers\RekapController.php(128): view('Packing/Rekap/detail', [...])
 6 SYSTEMPATH\CodeIgniter.php(941): App\Controllers\RekapController->detailRekap('SI2482')
 7 SYSTEMPATH\CodeIgniter.php(502): CodeIgniter\CodeIgniter->runController(Object(App\Controllers\RekapController))
 8 SYSTEMPATH\CodeIgniter.php(361): CodeIgniter\CodeIgniter->handleRequest(null, Object(Config\Cache), false)
 9 FCPATH\index.php(79): CodeIgniter\CodeIgniter->run()
10 SYSTEMPATH\Commands\Server\rewrite.php(47): require_once('D:\\xampp\\htdocs\\rekappacking\\public\\index.php')
WARNING - 2024-03-05 00:14:42 --> [DEPRECATED] number_format(): Passing null to parameter #1 ($num) of type float is deprecated in APPPATH\Views\Packing\Rekap\detail.php on line 153.
 1 APPPATH\Views\Packing\Rekap\detail.php(153): number_format(null, 1, '.', '')
 2 SYSTEMPATH\View\View.php(228): include('D:\\xampp\\htdocs\\rekappacking\\app\\Views\\Packing\\Rekap\\detail.php')
 3 SYSTEMPATH\View\View.php(231): CodeIgniter\View\View->CodeIgniter\View\{closure}()
 4 SYSTEMPATH\Common.php(1178): CodeIgniter\View\View->render('Packing/Rekap/detail', [], true)
 5 APPPATH\Controllers\RekapController.php(128): view('Packing/Rekap/detail', [...])
 6 SYSTEMPATH\CodeIgniter.php(941): App\Controllers\RekapController->detailRekap('SI2482')
 7 SYSTEMPATH\CodeIgniter.php(502): CodeIgniter\CodeIgniter->runController(Object(App\Controllers\RekapController))
 8 SYSTEMPATH\CodeIgniter.php(361): CodeIgniter\CodeIgniter->handleRequest(null, Object(Config\Cache), false)
 9 FCPATH\index.php(79): CodeIgniter\CodeIgniter->run()
10 SYSTEMPATH\Commands\Server\rewrite.php(47): require_once('D:\\xampp\\htdocs\\rekappacking\\public\\index.php')
WARNING - 2024-03-05 00:14:42 --> [DEPRECATED] number_format(): Passing null to parameter #1 ($num) of type float is deprecated in APPPATH\Views\Packing\Rekap\detail.php on line 153.
 1 APPPATH\Views\Packing\Rekap\detail.php(153): number_format(null, 1, '.', '')
 2 SYSTEMPATH\View\View.php(228): include('D:\\xampp\\htdocs\\rekappacking\\app\\Views\\Packing\\Rekap\\detail.php')
 3 SYSTEMPATH\View\View.php(231): CodeIgniter\View\View->CodeIgniter\View\{closure}()
 4 SYSTEMPATH\Common.php(1178): CodeIgniter\View\View->render('Packing/Rekap/detail', [], true)
 5 APPPATH\Controllers\RekapController.php(128): view('Packing/Rekap/detail', [...])
 6 SYSTEMPATH\CodeIgniter.php(941): App\Controllers\RekapController->detailRekap('SI2482')
 7 SYSTEMPATH\CodeIgniter.php(502): CodeIgniter\CodeIgniter->runController(Object(App\Controllers\RekapController))
 8 SYSTEMPATH\CodeIgniter.php(361): CodeIgniter\CodeIgniter->handleRequest(null, Object(Config\Cache), false)
 9 FCPATH\index.php(79): CodeIgniter\CodeIgniter->run()
10 SYSTEMPATH\Commands\Server\rewrite.php(47): require_once('D:\\xampp\\htdocs\\rekappacking\\public\\index.php')
WARNING - 2024-03-05 00:14:42 --> [DEPRECATED] number_format(): Passing null to parameter #1 ($num) of type float is deprecated in APPPATH\Views\Packing\Rekap\detail.php on line 153.
 1 APPPATH\Views\Packing\Rekap\detail.php(153): number_format(null, 1, '.', '')
 2 SYSTEMPATH\View\View.php(228): include('D:\\xampp\\htdocs\\rekappacking\\app\\Views\\Packing\\Rekap\\detail.php')
 3 SYSTEMPATH\View\View.php(231): CodeIgniter\View\View->CodeIgniter\View\{closure}()
 4 SYSTEMPATH\Common.php(1178): CodeIgniter\View\View->render('Packing/Rekap/detail', [], true)
 5 APPPATH\Controllers\RekapController.php(128): view('Packing/Rekap/detail', [...])
 6 SYSTEMPATH\CodeIgniter.php(941): App\Controllers\RekapController->detailRekap('SI2482')
 7 SYSTEMPATH\CodeIgniter.php(502): CodeIgniter\CodeIgniter->runController(Object(App\Controllers\RekapController))
 8 SYSTEMPATH\CodeIgniter.php(361): CodeIgniter\CodeIgniter->handleRequest(null, Object(Config\Cache), false)
 9 FCPATH\index.php(79): CodeIgniter\CodeIgniter->run()
10 SYSTEMPATH\Commands\Server\rewrite.php(47): require_once('D:\\xampp\\htdocs\\rekappacking\\public\\index.php')
WARNING - 2024-03-05 00:14:42 --> [DEPRECATED] number_format(): Passing null to parameter #1 ($num) of type float is deprecated in APPPATH\Views\Packing\Rekap\detail.php on line 153.
 1 APPPATH\Views\Packing\Rekap\detail.php(153): number_format(null, 1, '.', '')
 2 SYSTEMPATH\View\View.php(228): include('D:\\xampp\\htdocs\\rekappacking\\app\\Views\\Packing\\Rekap\\detail.php')
 3 SYSTEMPATH\View\View.php(231): CodeIgniter\View\View->CodeIgniter\View\{closure}()
 4 SYSTEMPATH\Common.php(1178): CodeIgniter\View\View->render('Packing/Rekap/detail', [], true)
 5 APPPATH\Controllers\RekapController.php(128): view('Packing/Rekap/detail', [...])
 6 SYSTEMPATH\CodeIgniter.php(941): App\Controllers\RekapController->detailRekap('SI2482')
 7 SYSTEMPATH\CodeIgniter.php(502): CodeIgniter\CodeIgniter->runController(Object(App\Controllers\RekapController))
 8 SYSTEMPATH\CodeIgniter.php(361): CodeIgniter\CodeIgniter->handleRequest(null, Object(Config\Cache), false)
 9 FCPATH\index.php(79): CodeIgniter\CodeIgniter->run()
10 SYSTEMPATH\Commands\Server\rewrite.php(47): require_once('D:\\xampp\\htdocs\\rekappacking\\public\\index.php')
WARNING - 2024-03-05 00:14:42 --> [DEPRECATED] number_format(): Passing null to parameter #1 ($num) of type float is deprecated in APPPATH\Views\Packing\Rekap\detail.php on line 153.
 1 APPPATH\Views\Packing\Rekap\detail.php(153): number_format(null, 1, '.', '')
 2 SYSTEMPATH\View\View.php(228): include('D:\\xampp\\htdocs\\rekappacking\\app\\Views\\Packing\\Rekap\\detail.php')
 3 SYSTEMPATH\View\View.php(231): CodeIgniter\View\View->CodeIgniter\View\{closure}()
 4 SYSTEMPATH\Common.php(1178): CodeIgniter\View\View->render('Packing/Rekap/detail', [], true)
 5 APPPATH\Controllers\RekapController.php(128): view('Packing/Rekap/detail', [...])
 6 SYSTEMPATH\CodeIgniter.php(941): App\Controllers\RekapController->detailRekap('SI2482')
 7 SYSTEMPATH\CodeIgniter.php(502): CodeIgniter\CodeIgniter->runController(Object(App\Controllers\RekapController))
 8 SYSTEMPATH\CodeIgniter.php(361): CodeIgniter\CodeIgniter->handleRequest(null, Object(Config\Cache), false)
 9 FCPATH\index.php(79): CodeIgniter\CodeIgniter->run()
10 SYSTEMPATH\Commands\Server\rewrite.php(47): require_once('D:\\xampp\\htdocs\\rekappacking\\public\\index.php')
WARNING - 2024-03-05 00:14:42 --> [DEPRECATED] number_format(): Passing null to parameter #1 ($num) of type float is deprecated in APPPATH\Views\Packing\Rekap\detail.php on line 153.
 1 APPPATH\Views\Packing\Rekap\detail.php(153): number_format(null, 1, '.', '')
 2 SYSTEMPATH\View\View.php(228): include('D:\\xampp\\htdocs\\rekappacking\\app\\Views\\Packing\\Rekap\\detail.php')
 3 SYSTEMPATH\View\View.php(231): CodeIgniter\View\View->CodeIgniter\View\{closure}()
 4 SYSTEMPATH\Common.php(1178): CodeIgniter\View\View->render('Packing/Rekap/detail', [], true)
 5 APPPATH\Controllers\RekapController.php(128): view('Packing/Rekap/detail', [...])
 6 SYSTEMPATH\CodeIgniter.php(941): App\Controllers\RekapController->detailRekap('SI2482')
 7 SYSTEMPATH\CodeIgniter.php(502): CodeIgniter\CodeIgniter->runController(Object(App\Controllers\RekapController))
 8 SYSTEMPATH\CodeIgniter.php(361): CodeIgniter\CodeIgniter->handleRequest(null, Object(Config\Cache), false)
 9 FCPATH\index.php(79): CodeIgniter\CodeIgniter->run()
10 SYSTEMPATH\Commands\Server\rewrite.php(47): require_once('D:\\xampp\\htdocs\\rekappacking\\public\\index.php')
WARNING - 2024-03-05 00:14:42 --> [DEPRECATED] number_format(): Passing null to parameter #1 ($num) of type float is deprecated in APPPATH\Views\Packing\Rekap\detail.php on line 153.
 1 APPPATH\Views\Packing\Rekap\detail.php(153): number_format(null, 1, '.', '')
 2 SYSTEMPATH\View\View.php(228): include('D:\\xampp\\htdocs\\rekappacking\\app\\Views\\Packing\\Rekap\\detail.php')
 3 SYSTEMPATH\View\View.php(231): CodeIgniter\View\View->CodeIgniter\View\{closure}()
 4 SYSTEMPATH\Common.php(1178): CodeIgniter\View\View->render('Packing/Rekap/detail', [], true)
 5 APPPATH\Controllers\RekapController.php(128): view('Packing/Rekap/detail', [...])
 6 SYSTEMPATH\CodeIgniter.php(941): App\Controllers\RekapController->detailRekap('SI2482')
 7 SYSTEMPATH\CodeIgniter.php(502): CodeIgniter\CodeIgniter->runController(Object(App\Controllers\RekapController))
 8 SYSTEMPATH\CodeIgniter.php(361): CodeIgniter\CodeIgniter->handleRequest(null, Object(Config\Cache), false)
 9 FCPATH\index.php(79): CodeIgniter\CodeIgniter->run()
10 SYSTEMPATH\Commands\Server\rewrite.php(47): require_once('D:\\xampp\\htdocs\\rekappacking\\public\\index.php')
WARNING - 2024-03-05 00:14:42 --> [DEPRECATED] number_format(): Passing null to parameter #1 ($num) of type float is deprecated in APPPATH\Views\Packing\Rekap\detail.php on line 153.
 1 APPPATH\Views\Packing\Rekap\detail.php(153): number_format(null, 1, '.', '')
 2 SYSTEMPATH\View\View.php(228): include('D:\\xampp\\htdocs\\rekappacking\\app\\Views\\Packing\\Rekap\\detail.php')
 3 SYSTEMPATH\View\View.php(231): CodeIgniter\View\View->CodeIgniter\View\{closure}()
 4 SYSTEMPATH\Common.php(1178): CodeIgniter\View\View->render('Packing/Rekap/detail', [], true)
 5 APPPATH\Controllers\RekapController.php(128): view('Packing/Rekap/detail', [...])
 6 SYSTEMPATH\CodeIgniter.php(941): App\Controllers\RekapController->detailRekap('SI2482')
 7 SYSTEMPATH\CodeIgniter.php(502): CodeIgniter\CodeIgniter->runController(Object(App\Controllers\RekapController))
 8 SYSTEMPATH\CodeIgniter.php(361): CodeIgniter\CodeIgniter->handleRequest(null, Object(Config\Cache), false)
 9 FCPATH\index.php(79): CodeIgniter\CodeIgniter->run()
10 SYSTEMPATH\Commands\Server\rewrite.php(47): require_once('D:\\xampp\\htdocs\\rekappacking\\public\\index.php')
WARNING - 2024-03-05 00:14:42 --> [DEPRECATED] number_format(): Passing null to parameter #1 ($num) of type float is deprecated in APPPATH\Views\Packing\Rekap\detail.php on line 153.
 1 APPPATH\Views\Packing\Rekap\detail.php(153): number_format(null, 1, '.', '')
 2 SYSTEMPATH\View\View.php(228): include('D:\\xampp\\htdocs\\rekappacking\\app\\Views\\Packing\\Rekap\\detail.php')
 3 SYSTEMPATH\View\View.php(231): CodeIgniter\View\View->CodeIgniter\View\{closure}()
 4 SYSTEMPATH\Common.php(1178): CodeIgniter\View\View->render('Packing/Rekap/detail', [], true)
 5 APPPATH\Controllers\RekapController.php(128): view('Packing/Rekap/detail', [...])
 6 SYSTEMPATH\CodeIgniter.php(941): App\Controllers\RekapController->detailRekap('SI2482')
 7 SYSTEMPATH\CodeIgniter.php(502): CodeIgniter\CodeIgniter->runController(Object(App\Controllers\RekapController))
 8 SYSTEMPATH\CodeIgniter.php(361): CodeIgniter\CodeIgniter->handleRequest(null, Object(Config\Cache), false)
 9 FCPATH\index.php(79): CodeIgniter\CodeIgniter->run()
10 SYSTEMPATH\Commands\Server\rewrite.php(47): require_once('D:\\xampp\\htdocs\\rekappacking\\public\\index.php')
