INFO - 2024-01-08 00:13:25 --> Session: Class initialized using 'CodeIgniter\Session\Handlers\FileHandler' driver.
INFO - 2024-01-08 00:13:39 --> Session: Class initialized using 'CodeIgniter\Session\Handlers\FileHandler' driver.
INFO - 2024-01-08 00:13:40 --> Session: Class initialized using 'CodeIgniter\Session\Handlers\FileHandler' driver.
INFO - 2024-01-08 00:19:42 --> Session: Class initialized using 'CodeIgniter\Session\Handlers\FileHandler' driver.
INFO - 2024-01-08 00:29:40 --> Session: Class initialized using 'CodeIgniter\Session\Handlers\FileHandler' driver.
INFO - 2024-01-08 00:31:09 --> Session: Class initialized using 'CodeIgniter\Session\Handlers\FileHandler' driver.
INFO - 2024-01-08 00:32:12 --> Session: Class initialized using 'CodeIgniter\Session\Handlers\FileHandler' driver.
INFO - 2024-01-08 00:34:05 --> Session: Class initialized using 'CodeIgniter\Session\Handlers\FileHandler' driver.
INFO - 2024-01-08 00:34:54 --> Session: Class initialized using 'CodeIgniter\Session\Handlers\FileHandler' driver.
INFO - 2024-01-08 00:35:06 --> Session: Class initialized using 'CodeIgniter\Session\Handlers\FileHandler' driver.
INFO - 2024-01-08 06:30:48 --> Session: Class initialized using 'CodeIgniter\Session\Handlers\FileHandler' driver.
INFO - 2024-01-08 06:30:48 --> Session: Class initialized using 'CodeIgniter\Session\Handlers\FileHandler' driver.
INFO - 2024-01-08 06:30:59 --> Session: Class initialized using 'CodeIgniter\Session\Handlers\FileHandler' driver.
INFO - 2024-01-08 06:30:59 --> Session: Class initialized using 'CodeIgniter\Session\Handlers\FileHandler' driver.
INFO - 2024-01-08 06:31:07 --> Session: Class initialized using 'CodeIgniter\Session\Handlers\FileHandler' driver.
INFO - 2024-01-08 06:49:00 --> Session: Class initialized using 'CodeIgniter\Session\Handlers\FileHandler' driver.
CRITICAL - 2024-01-08 06:49:00 --> Undefined variable $production
in APPPATH\Views\Packing\Mesin\mesin.php on line 113.
 1 APPPATH\Views\Packing\Mesin\mesin.php(113): CodeIgniter\Debug\Exceptions->errorHandler(2, 'Undefined variable $production', 'C:\\xampp\\htdocs\\rekappacking\\app\\Views\\Packing\\Mesin\\mesin.php', 113)
 2 SYSTEMPATH\View\View.php(228): include('C:\\xampp\\htdocs\\rekappacking\\app\\Views\\Packing\\Mesin\\mesin.php')
 3 SYSTEMPATH\View\View.php(231): CodeIgniter\View\View->CodeIgniter\View\{closure}()
 4 SYSTEMPATH\Common.php(1190): CodeIgniter\View\View->render('Packing/Mesin/mesin', [], true)
 5 APPPATH\Controllers\PackingController.php(324): view('Packing/Mesin/mesin', [...])
 6 SYSTEMPATH\CodeIgniter.php(942): App\Controllers\PackingController->mesin()
 7 SYSTEMPATH\CodeIgniter.php(502): CodeIgniter\CodeIgniter->runController(Object(App\Controllers\PackingController))
 8 SYSTEMPATH\CodeIgniter.php(361): CodeIgniter\CodeIgniter->handleRequest(null, Object(Config\Cache), false)
 9 FCPATH\index.php(79): CodeIgniter\CodeIgniter->run()
10 SYSTEMPATH\Commands\Server\rewrite.php(47): require_once('C:\\xampp\\htdocs\\rekappacking\\public\\index.php')
INFO - 2024-01-08 06:49:20 --> Session: Class initialized using 'CodeIgniter\Session\Handlers\FileHandler' driver.
CRITICAL - 2024-01-08 06:49:20 --> Undefined array key "id_production"
in APPPATH\Views\Packing\Mesin\mesin.php on line 113.
 1 APPPATH\Views\Packing\Mesin\mesin.php(113): CodeIgniter\Debug\Exceptions->errorHandler(2, 'Undefined array key "id_production"', 'C:\\xampp\\htdocs\\rekappacking\\app\\Views\\Packing\\Mesin\\mesin.php', 113)
 2 SYSTEMPATH\View\View.php(228): include('C:\\xampp\\htdocs\\rekappacking\\app\\Views\\Packing\\Mesin\\mesin.php')
 3 SYSTEMPATH\View\View.php(231): CodeIgniter\View\View->CodeIgniter\View\{closure}()
 4 SYSTEMPATH\Common.php(1190): CodeIgniter\View\View->render('Packing/Mesin/mesin', [], true)
 5 APPPATH\Controllers\PackingController.php(324): view('Packing/Mesin/mesin', [...])
 6 SYSTEMPATH\CodeIgniter.php(942): App\Controllers\PackingController->mesin()
 7 SYSTEMPATH\CodeIgniter.php(502): CodeIgniter\CodeIgniter->runController(Object(App\Controllers\PackingController))
 8 SYSTEMPATH\CodeIgniter.php(361): CodeIgniter\CodeIgniter->handleRequest(null, Object(Config\Cache), false)
 9 FCPATH\index.php(79): CodeIgniter\CodeIgniter->run()
10 SYSTEMPATH\Commands\Server\rewrite.php(47): require_once('C:\\xampp\\htdocs\\rekappacking\\public\\index.php')
INFO - 2024-01-08 06:49:34 --> Session: Class initialized using 'CodeIgniter\Session\Handlers\FileHandler' driver.
CRITICAL - 2024-01-08 06:49:34 --> Undefined array key "id_produksi"
in APPPATH\Views\Packing\Mesin\mesin.php on line 113.
 1 APPPATH\Views\Packing\Mesin\mesin.php(113): CodeIgniter\Debug\Exceptions->errorHandler(2, 'Undefined array key "id_produksi"', 'C:\\xampp\\htdocs\\rekappacking\\app\\Views\\Packing\\Mesin\\mesin.php', 113)
 2 SYSTEMPATH\View\View.php(228): include('C:\\xampp\\htdocs\\rekappacking\\app\\Views\\Packing\\Mesin\\mesin.php')
 3 SYSTEMPATH\View\View.php(231): CodeIgniter\View\View->CodeIgniter\View\{closure}()
 4 SYSTEMPATH\Common.php(1190): CodeIgniter\View\View->render('Packing/Mesin/mesin', [], true)
 5 APPPATH\Controllers\PackingController.php(324): view('Packing/Mesin/mesin', [...])
 6 SYSTEMPATH\CodeIgniter.php(942): App\Controllers\PackingController->mesin()
 7 SYSTEMPATH\CodeIgniter.php(502): CodeIgniter\CodeIgniter->runController(Object(App\Controllers\PackingController))
 8 SYSTEMPATH\CodeIgniter.php(361): CodeIgniter\CodeIgniter->handleRequest(null, Object(Config\Cache), false)
 9 FCPATH\index.php(79): CodeIgniter\CodeIgniter->run()
10 SYSTEMPATH\Commands\Server\rewrite.php(47): require_once('C:\\xampp\\htdocs\\rekappacking\\public\\index.php')
INFO - 2024-01-08 06:50:10 --> Session: Class initialized using 'CodeIgniter\Session\Handlers\FileHandler' driver.
CRITICAL - 2024-01-08 06:50:10 --> Undefined array key "id_production"
in APPPATH\Views\Packing\Mesin\mesin.php on line 113.
 1 APPPATH\Views\Packing\Mesin\mesin.php(113): CodeIgniter\Debug\Exceptions->errorHandler(2, 'Undefined array key "id_production"', 'C:\\xampp\\htdocs\\rekappacking\\app\\Views\\Packing\\Mesin\\mesin.php', 113)
 2 SYSTEMPATH\View\View.php(228): include('C:\\xampp\\htdocs\\rekappacking\\app\\Views\\Packing\\Mesin\\mesin.php')
 3 SYSTEMPATH\View\View.php(231): CodeIgniter\View\View->CodeIgniter\View\{closure}()
 4 SYSTEMPATH\Common.php(1190): CodeIgniter\View\View->render('Packing/Mesin/mesin', [], true)
 5 APPPATH\Controllers\PackingController.php(324): view('Packing/Mesin/mesin', [...])
 6 SYSTEMPATH\CodeIgniter.php(942): App\Controllers\PackingController->mesin()
 7 SYSTEMPATH\CodeIgniter.php(502): CodeIgniter\CodeIgniter->runController(Object(App\Controllers\PackingController))
 8 SYSTEMPATH\CodeIgniter.php(361): CodeIgniter\CodeIgniter->handleRequest(null, Object(Config\Cache), false)
 9 FCPATH\index.php(79): CodeIgniter\CodeIgniter->run()
10 SYSTEMPATH\Commands\Server\rewrite.php(47): require_once('C:\\xampp\\htdocs\\rekappacking\\public\\index.php')
INFO - 2024-01-08 06:51:55 --> Session: Class initialized using 'CodeIgniter\Session\Handlers\FileHandler' driver.
CRITICAL - 2024-01-08 06:51:55 --> Undefined array key "id_production"
in APPPATH\Views\Packing\Mesin\mesin.php on line 113.
 1 APPPATH\Views\Packing\Mesin\mesin.php(113): CodeIgniter\Debug\Exceptions->errorHandler(2, 'Undefined array key "id_production"', 'C:\\xampp\\htdocs\\rekappacking\\app\\Views\\Packing\\Mesin\\mesin.php', 113)
 2 SYSTEMPATH\View\View.php(228): include('C:\\xampp\\htdocs\\rekappacking\\app\\Views\\Packing\\Mesin\\mesin.php')
 3 SYSTEMPATH\View\View.php(231): CodeIgniter\View\View->CodeIgniter\View\{closure}()
 4 SYSTEMPATH\Common.php(1190): CodeIgniter\View\View->render('Packing/Mesin/mesin', [], true)
 5 APPPATH\Controllers\PackingController.php(326): view('Packing/Mesin/mesin', [...])
 6 SYSTEMPATH\CodeIgniter.php(942): App\Controllers\PackingController->mesin()
 7 SYSTEMPATH\CodeIgniter.php(502): CodeIgniter\CodeIgniter->runController(Object(App\Controllers\PackingController))
 8 SYSTEMPATH\CodeIgniter.php(361): CodeIgniter\CodeIgniter->handleRequest(null, Object(Config\Cache), false)
 9 FCPATH\index.php(79): CodeIgniter\CodeIgniter->run()
10 SYSTEMPATH\Commands\Server\rewrite.php(47): require_once('C:\\xampp\\htdocs\\rekappacking\\public\\index.php')
INFO - 2024-01-08 06:52:28 --> Session: Class initialized using 'CodeIgniter\Session\Handlers\FileHandler' driver.
INFO - 2024-01-08 06:59:34 --> Session: Class initialized using 'CodeIgniter\Session\Handlers\FileHandler' driver.
INFO - 2024-01-08 07:00:43 --> Session: Class initialized using 'CodeIgniter\Session\Handlers\FileHandler' driver.
INFO - 2024-01-08 07:01:00 --> Session: Class initialized using 'CodeIgniter\Session\Handlers\FileHandler' driver.
INFO - 2024-01-08 07:01:08 --> Session: Class initialized using 'CodeIgniter\Session\Handlers\FileHandler' driver.
INFO - 2024-01-08 07:01:20 --> Session: Class initialized using 'CodeIgniter\Session\Handlers\FileHandler' driver.
INFO - 2024-01-08 07:01:34 --> Session: Class initialized using 'CodeIgniter\Session\Handlers\FileHandler' driver.
INFO - 2024-01-08 07:02:27 --> Session: Class initialized using 'CodeIgniter\Session\Handlers\FileHandler' driver.
INFO - 2024-01-08 07:02:41 --> Session: Class initialized using 'CodeIgniter\Session\Handlers\FileHandler' driver.
INFO - 2024-01-08 07:02:50 --> Session: Class initialized using 'CodeIgniter\Session\Handlers\FileHandler' driver.
INFO - 2024-01-08 07:03:13 --> Session: Class initialized using 'CodeIgniter\Session\Handlers\FileHandler' driver.
INFO - 2024-01-08 07:03:37 --> Session: Class initialized using 'CodeIgniter\Session\Handlers\FileHandler' driver.
INFO - 2024-01-08 07:03:40 --> Session: Class initialized using 'CodeIgniter\Session\Handlers\FileHandler' driver.
INFO - 2024-01-08 07:04:04 --> Session: Class initialized using 'CodeIgniter\Session\Handlers\FileHandler' driver.
INFO - 2024-01-08 07:04:28 --> Session: Class initialized using 'CodeIgniter\Session\Handlers\FileHandler' driver.
INFO - 2024-01-08 07:04:35 --> Session: Class initialized using 'CodeIgniter\Session\Handlers\FileHandler' driver.
INFO - 2024-01-08 07:04:42 --> Session: Class initialized using 'CodeIgniter\Session\Handlers\FileHandler' driver.
INFO - 2024-01-08 07:05:33 --> Session: Class initialized using 'CodeIgniter\Session\Handlers\FileHandler' driver.
INFO - 2024-01-08 07:05:40 --> Session: Class initialized using 'CodeIgniter\Session\Handlers\FileHandler' driver.
INFO - 2024-01-08 07:05:53 --> Session: Class initialized using 'CodeIgniter\Session\Handlers\FileHandler' driver.
INFO - 2024-01-08 07:05:57 --> Session: Class initialized using 'CodeIgniter\Session\Handlers\FileHandler' driver.
INFO - 2024-01-08 07:06:03 --> Session: Class initialized using 'CodeIgniter\Session\Handlers\FileHandler' driver.
INFO - 2024-01-08 07:06:25 --> Session: Class initialized using 'CodeIgniter\Session\Handlers\FileHandler' driver.
INFO - 2024-01-08 07:09:04 --> Session: Class initialized using 'CodeIgniter\Session\Handlers\FileHandler' driver.
INFO - 2024-01-08 07:09:25 --> Session: Class initialized using 'CodeIgniter\Session\Handlers\FileHandler' driver.
INFO - 2024-01-08 07:10:05 --> Session: Class initialized using 'CodeIgniter\Session\Handlers\FileHandler' driver.
INFO - 2024-01-08 07:10:17 --> Session: Class initialized using 'CodeIgniter\Session\Handlers\FileHandler' driver.
INFO - 2024-01-08 07:10:37 --> Session: Class initialized using 'CodeIgniter\Session\Handlers\FileHandler' driver.
INFO - 2024-01-08 07:10:57 --> Session: Class initialized using 'CodeIgniter\Session\Handlers\FileHandler' driver.
INFO - 2024-01-08 07:11:30 --> Session: Class initialized using 'CodeIgniter\Session\Handlers\FileHandler' driver.
INFO - 2024-01-08 07:11:40 --> Session: Class initialized using 'CodeIgniter\Session\Handlers\FileHandler' driver.
INFO - 2024-01-08 07:11:52 --> Session: Class initialized using 'CodeIgniter\Session\Handlers\FileHandler' driver.
INFO - 2024-01-08 07:12:05 --> Session: Class initialized using 'CodeIgniter\Session\Handlers\FileHandler' driver.
INFO - 2024-01-08 07:12:12 --> Session: Class initialized using 'CodeIgniter\Session\Handlers\FileHandler' driver.
INFO - 2024-01-08 07:12:22 --> Session: Class initialized using 'CodeIgniter\Session\Handlers\FileHandler' driver.
INFO - 2024-01-08 07:12:34 --> Session: Class initialized using 'CodeIgniter\Session\Handlers\FileHandler' driver.
INFO - 2024-01-08 07:12:39 --> Session: Class initialized using 'CodeIgniter\Session\Handlers\FileHandler' driver.
INFO - 2024-01-08 07:15:54 --> Session: Class initialized using 'CodeIgniter\Session\Handlers\FileHandler' driver.
INFO - 2024-01-08 07:16:09 --> Session: Class initialized using 'CodeIgniter\Session\Handlers\FileHandler' driver.
INFO - 2024-01-08 07:16:41 --> Session: Class initialized using 'CodeIgniter\Session\Handlers\FileHandler' driver.
INFO - 2024-01-08 07:22:14 --> Session: Class initialized using 'CodeIgniter\Session\Handlers\FileHandler' driver.
INFO - 2024-01-08 07:24:29 --> Session: Class initialized using 'CodeIgniter\Session\Handlers\FileHandler' driver.
INFO - 2024-01-08 07:24:53 --> Session: Class initialized using 'CodeIgniter\Session\Handlers\FileHandler' driver.
INFO - 2024-01-08 07:24:54 --> Session: Class initialized using 'CodeIgniter\Session\Handlers\FileHandler' driver.
INFO - 2024-01-08 07:25:02 --> Session: Class initialized using 'CodeIgniter\Session\Handlers\FileHandler' driver.
INFO - 2024-01-08 07:25:03 --> Session: Class initialized using 'CodeIgniter\Session\Handlers\FileHandler' driver.
INFO - 2024-01-08 07:35:58 --> Session: Class initialized using 'CodeIgniter\Session\Handlers\FileHandler' driver.
INFO - 2024-01-08 07:36:04 --> Session: Class initialized using 'CodeIgniter\Session\Handlers\FileHandler' driver.
CRITICAL - 2024-01-08 07:36:10 --> Invalid file: "Exported/exportMesin.php"
in SYSTEMPATH\Exceptions\FrameworkException.php on line 39.
 1 SYSTEMPATH\View\View.php(216): CodeIgniter\Exceptions\FrameworkException::forInvalidFile('Exported/exportMesin.php')
 2 SYSTEMPATH\Common.php(1190): CodeIgniter\View\View->render('Exported/exportMesin', [], true)
 3 APPPATH\Controllers\ExportController.php(23): view('Exported/exportMesin', [...])
 4 SYSTEMPATH\CodeIgniter.php(942): App\Controllers\ExportController->exportMesin('14')
 5 SYSTEMPATH\CodeIgniter.php(502): CodeIgniter\CodeIgniter->runController(Object(App\Controllers\ExportController))
 6 SYSTEMPATH\CodeIgniter.php(361): CodeIgniter\CodeIgniter->handleRequest(null, Object(Config\Cache), false)
 7 FCPATH\index.php(79): CodeIgniter\CodeIgniter->run()
 8 SYSTEMPATH\Commands\Server\rewrite.php(47): require_once('C:\\xampp\\htdocs\\rekappacking\\public\\index.php')
INFO - 2024-01-08 07:36:10 --> Session: Class initialized using 'CodeIgniter\Session\Handlers\FileHandler' driver.
CRITICAL - 2024-01-08 07:36:14 --> Invalid file: "Exported/exportMesin.php"
in SYSTEMPATH\Exceptions\FrameworkException.php on line 39.
 1 SYSTEMPATH\View\View.php(216): CodeIgniter\Exceptions\FrameworkException::forInvalidFile('Exported/exportMesin.php')
 2 SYSTEMPATH\Common.php(1190): CodeIgniter\View\View->render('Exported/exportMesin', [], true)
 3 APPPATH\Controllers\ExportController.php(23): view('Exported/exportMesin', [...])
 4 SYSTEMPATH\CodeIgniter.php(942): App\Controllers\ExportController->exportMesin('14')
 5 SYSTEMPATH\CodeIgniter.php(502): CodeIgniter\CodeIgniter->runController(Object(App\Controllers\ExportController))
 6 SYSTEMPATH\CodeIgniter.php(361): CodeIgniter\CodeIgniter->handleRequest(null, Object(Config\Cache), false)
 7 FCPATH\index.php(79): CodeIgniter\CodeIgniter->run()
 8 SYSTEMPATH\Commands\Server\rewrite.php(47): require_once('C:\\xampp\\htdocs\\rekappacking\\public\\index.php')
INFO - 2024-01-08 07:36:59 --> Session: Class initialized using 'CodeIgniter\Session\Handlers\FileHandler' driver.
INFO - 2024-01-08 07:37:00 --> Session: Class initialized using 'CodeIgniter\Session\Handlers\FileHandler' driver.
INFO - 2024-01-08 07:37:10 --> Session: Class initialized using 'CodeIgniter\Session\Handlers\FileHandler' driver.
INFO - 2024-01-08 07:37:11 --> Session: Class initialized using 'CodeIgniter\Session\Handlers\FileHandler' driver.
CRITICAL - 2024-01-08 07:37:13 --> Undefined array key "tgl_prod"
in APPPATH\Views\Packing\Exported\exportMesin.php on line 13.
 1 APPPATH\Views\Packing\Exported\exportMesin.php(13): CodeIgniter\Debug\Exceptions->errorHandler(2, 'Undefined array key "tgl_prod"', 'C:\\xampp\\htdocs\\rekappacking\\app\\Views\\Packing\\Exported\\exportMesin.php', 13)
 2 SYSTEMPATH\View\View.php(228): include('C:\\xampp\\htdocs\\rekappacking\\app\\Views\\Packing\\Exported\\exportMesin.php')
 3 SYSTEMPATH\View\View.php(231): CodeIgniter\View\View->CodeIgniter\View\{closure}()
 4 SYSTEMPATH\Common.php(1190): CodeIgniter\View\View->render('Packing/Exported/exportMesin', [], true)
 5 APPPATH\Controllers\ExportController.php(23): view('Packing/Exported/exportMesin', [...])
 6 SYSTEMPATH\CodeIgniter.php(942): App\Controllers\ExportController->exportMesin('14')
 7 SYSTEMPATH\CodeIgniter.php(502): CodeIgniter\CodeIgniter->runController(Object(App\Controllers\ExportController))
 8 SYSTEMPATH\CodeIgniter.php(361): CodeIgniter\CodeIgniter->handleRequest(null, Object(Config\Cache), false)
 9 FCPATH\index.php(79): CodeIgniter\CodeIgniter->run()
10 SYSTEMPATH\Commands\Server\rewrite.php(47): require_once('C:\\xampp\\htdocs\\rekappacking\\public\\index.php')
CRITICAL - 2024-01-08 07:37:43 --> Undefined variable $Data
in APPPATH\Views\Packing\Exported\exportMesin.php on line 13.
 1 APPPATH\Views\Packing\Exported\exportMesin.php(13): CodeIgniter\Debug\Exceptions->errorHandler(2, 'Undefined variable $Data', 'C:\\xampp\\htdocs\\rekappacking\\app\\Views\\Packing\\Exported\\exportMesin.php', 13)
 2 SYSTEMPATH\View\View.php(228): include('C:\\xampp\\htdocs\\rekappacking\\app\\Views\\Packing\\Exported\\exportMesin.php')
 3 SYSTEMPATH\View\View.php(231): CodeIgniter\View\View->CodeIgniter\View\{closure}()
 4 SYSTEMPATH\Common.php(1190): CodeIgniter\View\View->render('Packing/Exported/exportMesin', [], true)
 5 APPPATH\Controllers\ExportController.php(23): view('Packing/Exported/exportMesin', [...])
 6 SYSTEMPATH\CodeIgniter.php(942): App\Controllers\ExportController->exportMesin('14')
 7 SYSTEMPATH\CodeIgniter.php(502): CodeIgniter\CodeIgniter->runController(Object(App\Controllers\ExportController))
 8 SYSTEMPATH\CodeIgniter.php(361): CodeIgniter\CodeIgniter->handleRequest(null, Object(Config\Cache), false)
 9 FCPATH\index.php(79): CodeIgniter\CodeIgniter->run()
10 SYSTEMPATH\Commands\Server\rewrite.php(47): require_once('C:\\xampp\\htdocs\\rekappacking\\public\\index.php')
CRITICAL - 2024-01-08 07:37:46 --> Undefined array key "tgl_prod"
in APPPATH\Views\Packing\Exported\exportMesin.php on line 13.
 1 APPPATH\Views\Packing\Exported\exportMesin.php(13): CodeIgniter\Debug\Exceptions->errorHandler(2, 'Undefined array key "tgl_prod"', 'C:\\xampp\\htdocs\\rekappacking\\app\\Views\\Packing\\Exported\\exportMesin.php', 13)
 2 SYSTEMPATH\View\View.php(228): include('C:\\xampp\\htdocs\\rekappacking\\app\\Views\\Packing\\Exported\\exportMesin.php')
 3 SYSTEMPATH\View\View.php(231): CodeIgniter\View\View->CodeIgniter\View\{closure}()
 4 SYSTEMPATH\Common.php(1190): CodeIgniter\View\View->render('Packing/Exported/exportMesin', [], true)
 5 APPPATH\Controllers\ExportController.php(23): view('Packing/Exported/exportMesin', [...])
 6 SYSTEMPATH\CodeIgniter.php(942): App\Controllers\ExportController->exportMesin('14')
 7 SYSTEMPATH\CodeIgniter.php(502): CodeIgniter\CodeIgniter->runController(Object(App\Controllers\ExportController))
 8 SYSTEMPATH\CodeIgniter.php(361): CodeIgniter\CodeIgniter->handleRequest(null, Object(Config\Cache), false)
 9 FCPATH\index.php(79): CodeIgniter\CodeIgniter->run()
10 SYSTEMPATH\Commands\Server\rewrite.php(47): require_once('C:\\xampp\\htdocs\\rekappacking\\public\\index.php')
CRITICAL - 2024-01-08 07:46:25 --> Undefined array key "tgl_prod"
in APPPATH\Views\Packing\Exported\exportMesin.php on line 13.
 1 APPPATH\Views\Packing\Exported\exportMesin.php(13): CodeIgniter\Debug\Exceptions->errorHandler(2, 'Undefined array key "tgl_prod"', 'C:\\xampp\\htdocs\\rekappacking\\app\\Views\\Packing\\Exported\\exportMesin.php', 13)
 2 SYSTEMPATH\View\View.php(228): include('C:\\xampp\\htdocs\\rekappacking\\app\\Views\\Packing\\Exported\\exportMesin.php')
 3 SYSTEMPATH\View\View.php(231): CodeIgniter\View\View->CodeIgniter\View\{closure}()
 4 SYSTEMPATH\Common.php(1190): CodeIgniter\View\View->render('Packing/Exported/exportMesin', [], true)
 5 APPPATH\Controllers\ExportController.php(23): view('Packing/Exported/exportMesin', [...])
 6 SYSTEMPATH\CodeIgniter.php(942): App\Controllers\ExportController->exportMesin('14')
 7 SYSTEMPATH\CodeIgniter.php(502): CodeIgniter\CodeIgniter->runController(Object(App\Controllers\ExportController))
 8 SYSTEMPATH\CodeIgniter.php(361): CodeIgniter\CodeIgniter->handleRequest(null, Object(Config\Cache), false)
 9 FCPATH\index.php(79): CodeIgniter\CodeIgniter->run()
10 SYSTEMPATH\Commands\Server\rewrite.php(47): require_once('C:\\xampp\\htdocs\\rekappacking\\public\\index.php')
CRITICAL - 2024-01-08 07:46:28 --> Undefined array key "tgl_prod"
in APPPATH\Views\Packing\Exported\exportMesin.php on line 13.
 1 APPPATH\Views\Packing\Exported\exportMesin.php(13): CodeIgniter\Debug\Exceptions->errorHandler(2, 'Undefined array key "tgl_prod"', 'C:\\xampp\\htdocs\\rekappacking\\app\\Views\\Packing\\Exported\\exportMesin.php', 13)
 2 SYSTEMPATH\View\View.php(228): include('C:\\xampp\\htdocs\\rekappacking\\app\\Views\\Packing\\Exported\\exportMesin.php')
 3 SYSTEMPATH\View\View.php(231): CodeIgniter\View\View->CodeIgniter\View\{closure}()
 4 SYSTEMPATH\Common.php(1190): CodeIgniter\View\View->render('Packing/Exported/exportMesin', [], true)
 5 APPPATH\Controllers\ExportController.php(23): view('Packing/Exported/exportMesin', [...])
 6 SYSTEMPATH\CodeIgniter.php(942): App\Controllers\ExportController->exportMesin('14')
 7 SYSTEMPATH\CodeIgniter.php(502): CodeIgniter\CodeIgniter->runController(Object(App\Controllers\ExportController))
 8 SYSTEMPATH\CodeIgniter.php(361): CodeIgniter\CodeIgniter->handleRequest(null, Object(Config\Cache), false)
 9 FCPATH\index.php(79): CodeIgniter\CodeIgniter->run()
10 SYSTEMPATH\Commands\Server\rewrite.php(47): require_once('C:\\xampp\\htdocs\\rekappacking\\public\\index.php')
INFO - 2024-01-08 07:46:31 --> Session: Class initialized using 'CodeIgniter\Session\Handlers\FileHandler' driver.
INFO - 2024-01-08 07:46:31 --> Session: Class initialized using 'CodeIgniter\Session\Handlers\FileHandler' driver.
INFO - 2024-01-08 07:50:53 --> Session: Class initialized using 'CodeIgniter\Session\Handlers\FileHandler' driver.
INFO - 2024-01-08 07:53:25 --> Session: Class initialized using 'CodeIgniter\Session\Handlers\FileHandler' driver.
INFO - 2024-01-08 07:55:34 --> Session: Class initialized using 'CodeIgniter\Session\Handlers\FileHandler' driver.
INFO - 2024-01-08 07:55:34 --> Session: Class initialized using 'CodeIgniter\Session\Handlers\FileHandler' driver.
INFO - 2024-01-08 07:56:48 --> Session: Class initialized using 'CodeIgniter\Session\Handlers\FileHandler' driver.
INFO - 2024-01-08 07:57:27 --> Session: Class initialized using 'CodeIgniter\Session\Handlers\FileHandler' driver.
INFO - 2024-01-08 07:58:04 --> Session: Class initialized using 'CodeIgniter\Session\Handlers\FileHandler' driver.
INFO - 2024-01-08 07:58:39 --> Session: Class initialized using 'CodeIgniter\Session\Handlers\FileHandler' driver.
CRITICAL - 2024-01-08 07:58:42 --> Undefined array key "tgl_prod"
in APPPATH\Views\Packing\Exported\exportMesin.php on line 13.
 1 APPPATH\Views\Packing\Exported\exportMesin.php(13): CodeIgniter\Debug\Exceptions->errorHandler(2, 'Undefined array key "tgl_prod"', 'C:\\xampp\\htdocs\\rekappacking\\app\\Views\\Packing\\Exported\\exportMesin.php', 13)
 2 SYSTEMPATH\View\View.php(228): include('C:\\xampp\\htdocs\\rekappacking\\app\\Views\\Packing\\Exported\\exportMesin.php')
 3 SYSTEMPATH\View\View.php(231): CodeIgniter\View\View->CodeIgniter\View\{closure}()
 4 SYSTEMPATH\Common.php(1190): CodeIgniter\View\View->render('Packing/Exported/exportMesin', [], true)
 5 APPPATH\Controllers\ExportController.php(23): view('Packing/Exported/exportMesin', [...])
 6 SYSTEMPATH\CodeIgniter.php(942): App\Controllers\ExportController->exportMesin('14')
 7 SYSTEMPATH\CodeIgniter.php(502): CodeIgniter\CodeIgniter->runController(Object(App\Controllers\ExportController))
 8 SYSTEMPATH\CodeIgniter.php(361): CodeIgniter\CodeIgniter->handleRequest(null, Object(Config\Cache), false)
 9 FCPATH\index.php(79): CodeIgniter\CodeIgniter->run()
10 SYSTEMPATH\Commands\Server\rewrite.php(47): require_once('C:\\xampp\\htdocs\\rekappacking\\public\\index.php')
INFO - 2024-01-08 08:02:35 --> Session: Class initialized using 'CodeIgniter\Session\Handlers\FileHandler' driver.
INFO - 2024-01-08 08:03:54 --> Session: Class initialized using 'CodeIgniter\Session\Handlers\FileHandler' driver.
